
[2024-03-18 13:03:31.683] 
[2024-03-18 13:03:31.688] 
[2024-03-18 13:03:31.688] 
[2024-03-18 13:03:31.690] 
[2024-03-18 13:03:31.690] Pinger Dish IV
[2024-03-18 13:03:31.753] (ATS SWV=7.10)
[2024-03-18 13:03:31.806] 
[2024-03-18 13:03:32.791] RS232 Detected:
[2024-03-18 13:03:32.855] Use 19.2kb N-8-1
[2024-03-18 13:03:32.916] 
[2024-03-18 13:03:33.904] Waiting for
[2024-03-18 13:03:33.954] JSATS Tag Pulses
[2024-03-18 13:03:36.703] (DSP SWV=3.10)
[2024-03-18 13:03:36.759] 
[2024-03-18 13:04:39.355] Activating
[2024-03-18 13:04:39.397] JSATS Tag
[2024-03-18 13:04:39.435] 
[2024-03-18 13:04:41.127] Waiting for
[2024-03-18 13:04:41.183] JSATS Tag Pulses
[2024-03-18 13:04:41.247] 
[2024-03-18 13:04:48.723] Code=B219 CRC=32
[2024-03-18 13:04:48.786] PRI=11.696 sec
[2024-03-18 13:04:48.848] Freq=416.667 kHz
[2024-03-18 13:04:48.914] 
[2024-03-18 13:04:48.917] 
[2024-03-18 13:04:53.789] Code=B219 CRC=32
[2024-03-18 13:04:53.864] PRI=05.078 sec
[2024-03-18 13:04:53.925] Freq=416.891 kHz
[2024-03-18 13:04:53.993] 
[2024-03-18 13:04:53.995] 
[2024-03-18 13:04:54.486] Tag Version=003 
[2024-03-18 13:04:54.551] Freq=416.779 kHz
[2024-03-18 13:04:54.624] 
[2024-03-18 13:04:54.625] 
[2024-03-18 13:04:59.875] Code=B219 CRC=32
[2024-03-18 13:04:59.948] PRI=05.076 sec
[2024-03-18 13:05:00.009] Freq=416.891 kHz
[2024-03-18 13:05:00.077] 
[2024-03-18 13:05:00.079] 
[2024-03-18 13:05:04.947] Code=B219 CRC=32
[2024-03-18 13:05:05.024] PRI=05.076 sec
[2024-03-18 13:05:05.083] Freq=416.667 kHz
[2024-03-18 13:05:05.154] 
[2024-03-18 13:05:05.155] 
[2024-03-18 13:05:10.035] Code=B219 CRC=32
[2024-03-18 13:05:10.100] PRI=05.075 sec
[2024-03-18 13:05:10.158] Freq=416.667 kHz
[2024-03-18 13:05:10.229] 
[2024-03-18 13:05:10.231] 
[2024-03-18 13:05:15.109] Code=B219 CRC=32
[2024-03-18 13:05:15.174] PRI=05.075 sec
[2024-03-18 13:05:15.232] Freq=416.891 kHz
[2024-03-18 13:05:15.304] 
[2024-03-18 13:05:15.305] 
[2024-03-18 13:05:17.115] Hibernation Mode
[2024-03-18 13:05:19.136] 000 Day(s)
[2024-03-18 13:05:19.176] 
[2024-03-18 13:05:24.230] Code=B219 CRC=32
[2024-03-18 13:05:24.305] PRI=05.104 sec
[2024-03-18 13:05:24.364] Freq=416.891 kHz
[2024-03-18 13:05:24.433] 
[2024-03-18 13:05:24.434] 
[2024-03-18 13:05:29.315] Code=B219 CRC=32
[2024-03-18 13:05:29.385] PRI=05.080 sec
[2024-03-18 13:05:29.445] Freq=416.667 kHz
[2024-03-18 13:05:29.515] 
[2024-03-18 13:05:29.517] 
[2024-03-18 13:05:34.392] Code=B219 CRC=32
[2024-03-18 13:05:34.460] PRI=05.075 sec
[2024-03-18 13:05:34.517] Freq=416.891 kHz
[2024-03-18 13:05:34.590] 
[2024-03-18 13:05:34.592] 
[2024-03-18 13:05:39.478] Code=B219 CRC=32
[2024-03-18 13:05:39.541] PRI=05.079 sec
[2024-03-18 13:05:39.600] Freq=416.891 kHz
[2024-03-18 13:05:39.668] 
[2024-03-18 13:05:39.669] 
[2024-03-18 13:05:44.553] Code=B219 CRC=32
[2024-03-18 13:05:44.616] PRI=05.076 sec
[2024-03-18 13:05:44.676] Freq=416.891 kHz
[2024-03-18 13:05:44.745] 
[2024-03-18 13:05:44.747] 
[2024-03-18 13:05:49.635] Code=B219 CRC=32
[2024-03-18 13:05:49.693] PRI=05.077 sec
[2024-03-18 13:05:49.754] Freq=416.667 kHz
[2024-03-18 13:05:49.822] 
[2024-03-18 13:05:49.823] 
[2024-03-18 13:05:54.706] Code=B219 CRC=32
[2024-03-18 13:05:54.769] PRI=05.076 sec
[2024-03-18 13:05:54.827] Freq=416.667 kHz
[2024-03-18 13:05:54.899] 
[2024-03-18 13:05:54.901] 
[2024-03-18 13:05:59.781] Code=B219 CRC=32
[2024-03-18 13:05:59.844] PRI=05.074 sec
[2024-03-18 13:05:59.900] Freq=416.667 kHz
[2024-03-18 13:05:59.973] 
[2024-03-18 13:05:59.975] 
[2024-03-18 13:06:04.856] Code=B219 CRC=32
[2024-03-18 13:06:04.916] PRI=05.071 sec
[2024-03-18 13:06:04.983] Freq=416.667 kHz
[2024-03-18 13:06:05.045] 
[2024-03-18 13:06:05.047] 
[2024-03-18 13:06:09.928] Code=B219 CRC=32
[2024-03-18 13:06:09.989] PRI=05.074 sec
[2024-03-18 13:06:10.047] Freq=416.947 kHz
[2024-03-18 13:06:10.119] 
[2024-03-18 13:06:10.121] 
[2024-03-18 13:06:14.999] Code=B219 CRC=32
[2024-03-18 13:06:15.063] PRI=05.074 sec
[2024-03-18 13:06:15.122] Freq=416.891 kHz
[2024-03-18 13:06:15.192] 
[2024-03-18 13:06:15.193] 
[2024-03-18 13:06:20.070] Code=B219 CRC=32
[2024-03-18 13:06:20.133] PRI=05.071 sec
[2024-03-18 13:06:20.194] Freq=416.891 kHz
[2024-03-18 13:06:20.263] 
[2024-03-18 13:06:20.265] 
[2024-03-18 13:06:25.141] Code=B219 CRC=32
[2024-03-18 13:06:25.206] PRI=05.071 sec
[2024-03-18 13:06:25.265] Freq=416.667 kHz
[2024-03-18 13:06:25.334] 
[2024-03-18 13:06:25.336] 
[2024-03-18 13:06:30.214] Code=B219 CRC=32
[2024-03-18 13:06:30.278] PRI=05.072 sec
[2024-03-18 13:06:30.337] Freq=416.667 kHz
[2024-03-18 13:06:30.405] 
[2024-03-18 13:06:30.407] 
[2024-03-18 13:06:35.294] Code=B219 CRC=32
[2024-03-18 13:06:35.354] PRI=05.075 sec
[2024-03-18 13:06:35.413] Freq=416.667 kHz
[2024-03-18 13:06:35.482] 
[2024-03-18 13:06:35.484] 
[2024-03-18 13:06:40.361] Code=B219 CRC=32
[2024-03-18 13:06:40.426] PRI=05.073 sec
[2024-03-18 13:06:40.483] Freq=416.667 kHz
[2024-03-18 13:06:40.555] 
[2024-03-18 13:06:40.557] 
[2024-03-18 13:06:45.438] Code=B219 CRC=32
[2024-03-18 13:06:45.502] PRI=05.076 sec
[2024-03-18 13:06:45.563] Freq=416.891 kHz
[2024-03-18 13:06:45.632] 
[2024-03-18 13:06:45.634] 
[2024-03-18 13:06:57.344] Activating
[2024-03-18 13:06:57.386] JSATS Tag
[2024-03-18 13:06:57.424] 
[2024-03-18 13:06:59.131] Waiting for
[2024-03-18 13:06:59.179] JSATS Tag Pulses
[2024-03-18 13:06:59.243] 
[2024-03-18 13:07:17.778] Code=B04B CRC=C4
[2024-03-18 13:07:17.841] PRI=17.337 sec
[2024-03-18 13:07:17.901] Freq=416.891 kHz
[2024-03-18 13:07:17.971] 
[2024-03-18 13:07:17.973] 
[2024-03-18 13:07:22.826] Code=B04B CRC=C4
[2024-03-18 13:07:22.891] PRI=05.115 sec
[2024-03-18 13:07:22.951] Freq=416.835 kHz
[2024-03-18 13:07:23.021] 
[2024-03-18 13:07:23.022] 
[2024-03-18 13:07:32.917] Code=B04B CRC=C4
[2024-03-18 13:07:32.990] PRI=10.099 sec
[2024-03-18 13:07:33.051] Freq=416.835 kHz
[2024-03-18 13:07:33.120] 
[2024-03-18 13:07:33.122] 
[2024-03-18 13:07:36.933] Code=B04B CRC=C4
[2024-03-18 13:07:36.996] PRI=04.006 sec
[2024-03-18 13:07:37.057] Freq=416.891 kHz
[2024-03-18 13:07:37.126] 
[2024-03-18 13:07:37.127] 
[2024-03-18 13:08:17.837] Code=B04B CRC=C4
[2024-03-18 13:08:17.901] PRI=40.903 sec
[2024-03-18 13:08:17.961] Freq=416.667 kHz
[2024-03-18 13:08:18.029] 
[2024-03-18 13:08:18.031] 
[2024-03-18 13:08:22.946] Code=B04B CRC=C4
[2024-03-18 13:08:23.010] PRI=05.108 sec
[2024-03-18 13:08:23.069] Freq=416.667 kHz
[2024-03-18 13:08:23.138] 
[2024-03-18 13:08:23.139] 
[2024-03-18 13:08:28.052] Code=B04B CRC=C4
[2024-03-18 13:08:28.115] PRI=05.106 sec
[2024-03-18 13:08:28.175] Freq=416.667 kHz
[2024-03-18 13:08:28.244] 
[2024-03-18 13:08:28.246] 
[2024-03-18 13:08:33.176] Code=B04B CRC=C4
[2024-03-18 13:08:33.223] PRI=05.108 sec
[2024-03-18 13:08:33.283] Freq=416.723 kHz
[2024-03-18 13:08:33.353] 
[2024-03-18 13:08:33.355] 
[2024-03-18 13:08:43.602] Activating
[2024-03-18 13:08:43.645] JSATS Tag
[2024-03-18 13:08:43.684] 
[2024-03-18 13:08:45.381] Waiting for
[2024-03-18 13:08:45.425] JSATS Tag Pulses
[2024-03-18 13:08:45.494] 
[2024-03-18 13:09:25.430] Activating
[2024-03-18 13:09:25.473] JSATS Tag
[2024-03-18 13:09:25.512] 
[2024-03-18 13:09:27.200] Waiting for
[2024-03-18 13:09:27.246] JSATS Tag Pulses
[2024-03-18 13:09:27.310] 
[2024-03-18 13:09:34.751] Code=AD2D CRC=19
[2024-03-18 13:09:34.818] PRI=01.593 sec
[2024-03-18 13:09:34.878] Freq=416.667 kHz
[2024-03-18 13:09:34.947] 
[2024-03-18 13:09:34.949] 
[2024-03-18 13:09:39.808] Code=AD2D CRC=19
[2024-03-18 13:09:39.873] PRI=05.055 sec
[2024-03-18 13:09:39.933] Freq=416.667 kHz
[2024-03-18 13:09:40.002] 
[2024-03-18 13:09:40.003] 
[2024-03-18 13:09:40.488] Tag Version=003 
[2024-03-18 13:09:40.553] Freq=416.667 kHz
[2024-03-18 13:09:40.628] 
[2024-03-18 13:09:40.629] 
[2024-03-18 13:09:45.867] Code=AD2D CRC=19
[2024-03-18 13:09:45.931] PRI=05.056 sec
[2024-03-18 13:09:45.991] Freq=416.667 kHz
[2024-03-18 13:09:46.061] 
[2024-03-18 13:09:46.062] 
[2024-03-18 13:09:50.923] Code=AD2D CRC=19
[2024-03-18 13:09:50.987] PRI=05.055 sec
[2024-03-18 13:09:51.047] Freq=416.667 kHz
[2024-03-18 13:09:51.116] 
[2024-03-18 13:09:51.118] 
[2024-03-18 13:09:55.983] Code=AD2D CRC=19
[2024-03-18 13:09:56.048] PRI=05.061 sec
[2024-03-18 13:09:56.108] Freq=416.667 kHz
[2024-03-18 13:09:56.176] 
[2024-03-18 13:09:56.179] 
[2024-03-18 13:10:01.043] Code=AD2D CRC=19
[2024-03-18 13:10:01.106] PRI=05.059 sec
[2024-03-18 13:10:01.163] Freq=416.667 kHz
[2024-03-18 13:10:01.236] 
[2024-03-18 13:10:01.238] 
[2024-03-18 13:10:03.046] Hibernation Mode
[2024-03-18 13:10:05.054] 000 Day(s)
[2024-03-18 13:10:05.096] 
[2024-03-18 13:10:14.357] Code=48B3 CRC=9D
[2024-03-18 13:10:14.421] PRI=09.302 sec
[2024-03-18 13:10:14.477] Freq=418.128 kHz
[2024-03-18 13:10:14.550] 
[2024-03-18 13:10:14.553] 
[2024-03-18 13:10:20.789] Activating
[2024-03-18 13:10:20.829] JSATS Tag
[2024-03-18 13:10:20.870] 
[2024-03-18 13:10:22.569] Waiting for
[2024-03-18 13:10:22.616] JSATS Tag Pulses
[2024-03-18 13:10:22.682] 
[2024-03-18 13:10:30.661] Code=5691 CRC=32
[2024-03-18 13:10:30.724] PRI=01.304 sec
[2024-03-18 13:10:30.782] Freq=416.779 kHz
[2024-03-18 13:10:30.854] 
[2024-03-18 13:10:30.856] 
[2024-03-18 13:10:35.728] Code=5691 CRC=32
[2024-03-18 13:10:35.792] PRI=05.067 sec
[2024-03-18 13:10:35.851] Freq=416.667 kHz
[2024-03-18 13:10:35.920] 
[2024-03-18 13:10:35.923] 
[2024-03-18 13:10:36.479] Tag Version=003 
[2024-03-18 13:10:36.542] Freq=416.779 kHz
[2024-03-18 13:10:36.614] 
[2024-03-18 13:10:36.616] 
[2024-03-18 13:10:41.869] Code=5691 CRC=32
[2024-03-18 13:10:41.933] PRI=05.069 sec
[2024-03-18 13:10:41.993] Freq=416.667 kHz
[2024-03-18 13:10:42.061] 
[2024-03-18 13:10:42.063] 
[2024-03-18 13:10:46.936] Code=5691 CRC=32
[2024-03-18 13:10:47.000] PRI=05.067 sec
[2024-03-18 13:10:47.057] Freq=416.667 kHz
[2024-03-18 13:10:47.130] 
[2024-03-18 13:10:47.131] 
[2024-03-18 13:10:52.005] Code=5691 CRC=32
[2024-03-18 13:10:52.068] PRI=05.068 sec
[2024-03-18 13:10:52.125] Freq=416.667 kHz
[2024-03-18 13:10:52.197] 
[2024-03-18 13:10:52.198] 
[2024-03-18 13:10:57.073] Code=5691 CRC=32
[2024-03-18 13:10:57.137] PRI=05.069 sec
[2024-03-18 13:10:57.197] Freq=416.667 kHz
[2024-03-18 13:10:57.266] 
[2024-03-18 13:10:57.268] 
[2024-03-18 13:10:59.206] Hibernation Mode
[2024-03-18 13:11:01.357] 000 Day(s)
[2024-03-18 13:11:01.402] 
[2024-03-18 13:11:06.455] Code=5691 CRC=32
[2024-03-18 13:11:06.529] PRI=05.105 sec
[2024-03-18 13:11:06.590] Freq=416.667 kHz
[2024-03-18 13:11:06.659] 
[2024-03-18 13:11:06.660] 
[2024-03-18 13:11:11.532] Code=5691 CRC=32
[2024-03-18 13:11:11.595] PRI=05.066 sec
[2024-03-18 13:11:11.652] Freq=416.667 kHz
[2024-03-18 13:11:11.724] 
[2024-03-18 13:11:11.726] 
[2024-03-18 13:11:16.603] Code=5691 CRC=32
[2024-03-18 13:11:16.666] PRI=05.071 sec
[2024-03-18 13:11:16.726] Freq=416.667 kHz
[2024-03-18 13:11:16.798] 
[2024-03-18 13:11:16.798] 
[2024-03-18 13:11:30.506] Activating
[2024-03-18 13:11:30.549] JSATS Tag
[2024-03-18 13:11:30.589] 
[2024-03-18 13:11:32.278] Waiting for
[2024-03-18 13:11:32.322] JSATS Tag Pulses
[2024-03-18 13:11:32.389] 
[2024-03-18 13:11:38.761] Code=0001 CRC=FE
[2024-03-18 13:11:38.826] PRI=07.160 sec
[2024-03-18 13:11:38.886] Freq=414.106 kHz
[2024-03-18 13:11:38.955] 
[2024-03-18 13:11:38.957] 
[2024-03-18 13:11:48.904] Code=585A CRC=04
[2024-03-18 13:11:48.967] PRI=10.141 sec
[2024-03-18 13:11:49.027] Freq=416.891 kHz
[2024-03-18 13:11:49.096] 
[2024-03-18 13:11:49.097] 
[2024-03-18 13:12:53.897] Code=585A CRC=04
[2024-03-18 13:12:53.961] PRI=64.994 sec
[2024-03-18 13:12:54.021] Freq=416.667 kHz
[2024-03-18 13:12:54.091] 
[2024-03-18 13:12:54.094] 
[2024-03-18 13:12:58.966] Code=585A CRC=04
[2024-03-18 13:12:59.030] PRI=05.069 sec
[2024-03-18 13:12:59.090] Freq=416.667 kHz
[2024-03-18 13:12:59.159] 
[2024-03-18 13:12:59.161] 
[2024-03-18 13:13:04.038] Code=585A CRC=04
[2024-03-18 13:13:04.102] PRI=05.072 sec
[2024-03-18 13:13:04.162] Freq=416.667 kHz
[2024-03-18 13:13:04.231] 
[2024-03-18 13:13:04.232] 
[2024-03-18 13:13:19.253] Code=585A CRC=04
[2024-03-18 13:13:19.317] PRI=15.214 sec
[2024-03-18 13:13:19.376] Freq=416.891 kHz
[2024-03-18 13:13:19.446] 
[2024-03-18 13:13:19.447] 
[2024-03-18 13:13:24.323] Code=585A CRC=04
[2024-03-18 13:13:24.387] PRI=05.070 sec
[2024-03-18 13:13:24.447] Freq=416.667 kHz
[2024-03-18 13:13:24.515] 
[2024-03-18 13:13:24.517] 
[2024-03-18 13:13:29.393] Code=585A CRC=04
[2024-03-18 13:13:29.457] PRI=05.070 sec
[2024-03-18 13:13:29.517] Freq=416.667 kHz
[2024-03-18 13:13:29.586] 
[2024-03-18 13:13:29.588] 
[2024-03-18 13:13:34.464] Code=585A CRC=04
[2024-03-18 13:13:34.527] PRI=05.070 sec
[2024-03-18 13:13:34.584] Freq=416.667 kHz
[2024-03-18 13:13:34.655] 
[2024-03-18 13:13:34.662] 
[2024-03-18 13:13:54.867] Activating
[2024-03-18 13:13:54.912] JSATS Tag
[2024-03-18 13:13:54.950] 
[2024-03-18 13:13:56.614] Waiting for
[2024-03-18 13:13:56.674] JSATS Tag Pulses
[2024-03-18 13:13:56.738] 
[2024-03-18 13:14:04.672] Code=AFAC CRC=5A
[2024-03-18 13:14:04.737] PRI=00.210 sec
[2024-03-18 13:14:04.797] Freq=416.779 kHz
[2024-03-18 13:14:04.866] 
[2024-03-18 13:14:04.868] 
[2024-03-18 13:14:09.720] Code=AFAC CRC=5A
[2024-03-18 13:14:09.784] PRI=05.047 sec
[2024-03-18 13:14:09.845] Freq=416.667 kHz
[2024-03-18 13:14:09.914] 
[2024-03-18 13:14:09.915] 
[2024-03-18 13:14:10.468] Tag Version=003 
[2024-03-18 13:14:10.530] Freq=416.779 kHz
[2024-03-18 13:14:10.603] 
[2024-03-18 13:14:10.605] 
[2024-03-18 13:14:15.816] Code=AFAC CRC=5A
[2024-03-18 13:14:15.890] PRI=05.039 sec
[2024-03-18 13:14:15.948] Freq=416.667 kHz
[2024-03-18 13:14:16.020] 
[2024-03-18 13:14:16.022] 
[2024-03-18 13:14:20.858] Code=AFAC CRC=5A
[2024-03-18 13:14:20.928] PRI=05.037 sec
[2024-03-18 13:14:20.988] Freq=416.667 kHz
[2024-03-18 13:14:21.057] 
[2024-03-18 13:14:21.059] 
[2024-03-18 13:14:25.893] Code=AFAC CRC=5A
[2024-03-18 13:14:25.970] PRI=05.042 sec
[2024-03-18 13:14:26.030] Freq=416.667 kHz
[2024-03-18 13:14:26.099] 
[2024-03-18 13:14:26.101] 
[2024-03-18 13:14:30.947] Code=AFAC CRC=5A
[2024-03-18 13:14:31.010] PRI=05.040 sec
[2024-03-18 13:14:31.067] Freq=416.667 kHz
[2024-03-18 13:14:31.140] 
[2024-03-18 13:14:31.142] 
[2024-03-18 13:14:33.067] Hibernation Mode
[2024-03-18 13:14:35.205] 000 Day(s)
[2024-03-18 13:14:35.250] 
[2024-03-18 13:14:40.352] Code=AFAC CRC=5A
[2024-03-18 13:14:40.415] PRI=05.143 sec
[2024-03-18 13:14:40.471] Freq=416.667 kHz
[2024-03-18 13:14:40.544] 
[2024-03-18 13:14:40.546] 
[2024-03-18 13:14:50.875] Activating
[2024-03-18 13:14:50.917] JSATS Tag
[2024-03-18 13:14:50.958] 
[2024-03-18 13:14:52.645] Waiting for
[2024-03-18 13:14:52.697] JSATS Tag Pulses
[2024-03-18 13:14:52.763] 
[2024-03-18 13:14:58.093] Code=B0A2 CRC=B1
[2024-03-18 13:14:58.164] PRI=02.749 sec
[2024-03-18 13:14:58.221] Freq=416.779 kHz
[2024-03-18 13:14:58.294] 
[2024-03-18 13:14:58.296] 
[2024-03-18 13:15:03.151] Code=B0A2 CRC=B1
[2024-03-18 13:15:03.224] PRI=05.059 sec
[2024-03-18 13:15:03.283] Freq=416.667 kHz
[2024-03-18 13:15:03.352] 
[2024-03-18 13:15:03.355] 
[2024-03-18 13:15:08.208] Code=B0A2 CRC=B1
[2024-03-18 13:15:08.286] PRI=05.063 sec
[2024-03-18 13:15:08.343] Freq=416.667 kHz
[2024-03-18 13:15:08.415] 
[2024-03-18 13:15:08.417] 
[2024-03-18 13:15:13.287] Code=B0A2 CRC=B1
[2024-03-18 13:15:13.349] PRI=05.063 sec
[2024-03-18 13:15:13.409] Freq=416.667 kHz
[2024-03-18 13:15:13.479] 
[2024-03-18 13:15:13.480] 
[2024-03-18 13:15:18.342] Code=B0A2 CRC=B1
[2024-03-18 13:15:18.408] PRI=05.059 sec
[2024-03-18 13:15:18.466] Freq=416.667 kHz
[2024-03-18 13:15:18.538] 
[2024-03-18 13:15:18.540] 
[2024-03-18 13:15:23.411] Code=B0A2 CRC=B1
[2024-03-18 13:15:23.473] PRI=05.065 sec
[2024-03-18 13:15:23.533] Freq=416.667 kHz
[2024-03-18 13:15:23.603] 
[2024-03-18 13:15:23.605] 
[2024-03-18 13:15:28.475] Code=B0A2 CRC=B1
[2024-03-18 13:15:28.538] PRI=05.065 sec
[2024-03-18 13:15:28.598] Freq=416.667 kHz
[2024-03-18 13:15:28.666] 
[2024-03-18 13:15:28.668] 
[2024-03-18 13:15:40.218] Activating
[2024-03-18 13:15:40.263] JSATS Tag
[2024-03-18 13:15:40.301] 
[2024-03-18 13:15:41.992] Waiting for
[2024-03-18 13:15:42.038] JSATS Tag Pulses
[2024-03-18 13:15:42.104] 
[2024-03-18 13:15:50.136] Code=AF09 CRC=CA
[2024-03-18 13:15:50.200] PRI=06.662 sec
[2024-03-18 13:15:50.260] Freq=416.667 kHz
[2024-03-18 13:15:50.329] 
[2024-03-18 13:15:50.330] 
[2024-03-18 13:15:55.178] Code=AF09 CRC=CA
[2024-03-18 13:15:55.242] PRI=05.0º6 sec
[2024-03-18 13:15:55.303] Freq=416.667 kHz
[2024-03-18 13:15:55.373] 
[2024-03-18 13:15:55.375] 
[2024-03-18 13:15:55.928] Tag Version=003 
[2024-03-18 13:15:55.994] Freq=416.835 kHz
[2024-03-18 13:15:56.065] 
[2024-03-18 13:15:56.067] 
[2024-03-18 13:16:01.287] Code=AF09 CRC=CA
[2024-03-18 13:16:01.352] PRI=05.038 sec
[2024-03-18 13:16:01.412] Freq=416.667 kHz
[2024-03-18 13:16:01.481] 
[2024-03-18 13:16:01.482] 
[2024-03-18 13:16:06.328] Code=AF09 CRC=CA
[2024-03-18 13:16:06.392] PRI=05.040 sec
[2024-03-18 13:16:06.452] Freq=416.835 kHz
[2024-03-18 13:16:06.521] 
[2024-03-18 13:16:06.523] 
[2024-03-18 13:16:11.369] Code=AF09 CRC=CA
[2024-03-18 13:16:11.432] PRI=05.040 sec
[2024-03-18 13:16:11.492] Freq=416.835 kHz
[2024-03-18 13:16:11.561] 
[2024-03-18 13:16:11.562] 
[2024-03-18 13:16:16.407] Code=AF09 CRC=CA
[2024-03-18 13:16:16.470] PRI=05.038 sec
[2024-03-18 13:16:16.531] Freq=416.835 kHz
[2024-03-18 13:16:16.600] 
[2024-03-18 13:16:16.602] 
[2024-03-18 13:16:18.563] Hibernation Mode
[2024-03-18 13:16:20.721] 000 Day(s)
[2024-03-18 13:16:20.764] 
[2024-03-18 13:16:25.864] Code=AF09 CRC=CA
[2024-03-18 13:16:25.930] PRI=05.142 sec
[2024-03-18 13:16:25.990] Freq=416.667 kHz
[2024-03-18 13:16:26.059] 
[2024-03-18 13:16:26.060] 
[2024-03-18 13:16:30.970] Code=AF09 CRC=CA
[2024-03-18 13:16:31.033] PRI=05.105 sec
[2024-03-18 13:16:31.092] Freq=416.667 kHz
[2024-03-18 13:16:31.165] 
[2024-03-18 13:16:31.166] 
[2024-03-18 13:16:36.077] Code=AF09 CRC=CA
[2024-03-18 13:16:36.142] PRI=05.107 sec
[2024-03-18 13:16:36.201] Freq=416.835 kHz
[2024-03-18 13:16:36.271] 
[2024-03-18 13:16:36.273] 
[2024-03-18 13:16:58.424] Activating
[2024-03-18 13:16:58.476] JSATS Tag
[2024-03-18 13:16:58.516] 
[2024-03-18 13:17:00.222] Waiting for
[2024-03-18 13:17:00.266] JSATS Tag Pulses
[2024-03-18 13:17:00.334] 
[2024-03-18 13:17:35.718] Hibernation Mode
[2024-03-18 13:17:39.184] 
[2024-03-18 13:17:39.184] 
[2024-03-18 13:17:39.184] 
[2024-03-18 13:17:39.185] Pinger Dish IV
[2024-03-18 13:17:39.241] (ATS SWV=7.10)
[2024-03-18 13:17:39.304] 
[2024-03-18 13:17:40.286] RS232 Detected:
[2024-03-18 13:17:40.345] Use 19.2kb N-8-1
[2024-03-18 13:17:40.414] 
[2024-03-18 13:17:41.401] Waiting for
[2024-03-18 13:17:41.445] JSATS Tag Pulses
[2024-03-18 13:17:44.197] (DSP SWV=3.10)
[2024-03-18 13:17:44.255] 
[2024-03-18 13:17:57.346] Activating
[2024-03-18 13:17:57.398] JSATS Tag
[2024-03-18 13:17:57.436] 
[2024-03-18 13:17:59.122] Waiting for
[2024-03-18 13:17:59.169] JSATS Tag Pulses
[2024-03-18 13:17:59.236] 
[2024-03-18 13:18:00.162] Tag Version=003 
[2024-03-18 13:18:00.224] Freq=416.667 kHz
[2024-03-18 13:18:00.297] 
[2024-03-18 13:18:00.299] 
[2024-03-18 13:18:05.516] Code=AD53 CRC=FE
[2024-03-18 13:18:05.589] PRI=05.042 sec
[2024-03-18 13:18:05.649] Freq=416.947 kHz
[2024-03-18 13:18:05.718] 
[2024-03-18 13:18:05.719] 
[2024-03-18 13:18:10.568] Code=AD53 CRC=FE
[2024-03-18 13:18:10.632] PRI=05.044 sec
[2024-03-18 13:18:10.693] Freq=416.947 kHz
[2024-03-18 13:18:10.762] 
[2024-03-18 13:18:10.764] 
[2024-03-18 13:18:15.614] Code=AD53 CRC=FE
[2024-03-18 13:18:15.677] PRI=05.045 sec
[2024-03-18 13:18:15.738] Freq=416.947 kHz
[2024-03-18 13:18:15.807] 
[2024-03-18 13:18:15.809] 
[2024-03-18 13:18:22.598] Hibernation Mode
[2024-03-18 13:18:44.772] D53 Day(s)
[2024-03-18 13:18:44.817] 
[2024-03-18 13:18:54.859] Code=AD53 CRC=FE
[2024-03-18 13:18:54.937] PRI=10.097 sec
[2024-03-18 13:18:54.996] Freq=416.667 kHz
[2024-03-18 13:18:55.066] 
[2024-03-18 13:18:55.067] 
[2024-03-18 13:18:59.913] Code=AD53 CRC=FE
[2024-03-18 13:18:59.986] PRI=05.049 sec
[2024-03-18 13:19:00.046] Freq=416.667 kHz
[2024-03-18 13:19:00.114] 
[2024-03-18 13:19:00.115] 
[2024-03-18 13:19:04.977] Code=AD53 CRC=FE
[2024-03-18 13:19:05.040] PRI=05.055 sec
[2024-03-18 13:19:05.101] Freq=416.667 kHz
[2024-03-18 13:19:05.170] 
[2024-03-18 13:19:05.171] 
[2024-03-18 13:19:18.399] Activating
[2024-03-18 13:19:18.445] JSATS Tag
[2024-03-18 13:19:18.483] 
[2024-03-18 13:19:20.182] Waiting for
[2024-03-18 13:19:20.229] JSATS Tag Pulses
[2024-03-18 13:19:20.294] 
[2024-03-18 13:19:28.626] Code=AE4C CRC=77
[2024-03-18 13:19:28.694] PRI=08.653 sec
[2024-03-18 13:19:28.751] Freq=416.667 kHz
[2024-03-18 13:19:28.823] 
[2024-03-18 13:19:28.825] 
[2024-03-18 13:19:33.695] Code=AE4C CRC=77
[2024-03-18 13:19:33.769] PRI=05.076 sec
[2024-03-18 13:19:33.829] Freq=416.667 kHz
[2024-03-18 13:19:33.898] 
[2024-03-18 13:19:33.900] 
[2024-03-18 13:19:34.495] Tag Version=003 
[2024-03-18 13:19:34.566] Freq=416.779 kHz
[2024-03-18 13:19:34.639] 
[2024-03-18 13:19:34.641] 
[2024-03-18 13:19:39.900] Code=AE4C CRC=77
[2024-03-18 13:19:39.965] PRI=05.077 sec
[2024-03-18 13:19:40.025] Freq=416.667 kHz
[2024-03-18 13:19:40.095] 
[2024-03-18 13:19:40.097] 
[2024-03-18 13:19:44.974] Code=AE4C CRC=77
[2024-03-18 13:19:45.039] PRI=05.074 sec
[2024-03-18 13:19:45.099] Freq=416.667 kHz
[2024-03-18 13:19:45.167] 
[2024-03-18 13:19:45.169] 
[2024-03-18 13:19:50.042] Code=AE4C CRC=77
[2024-03-18 13:19:50.116] PRI=05.078 sec
[2024-03-18 13:19:50.176] Freq=416.667 kHz
[2024-03-18 13:19:50.246] 
[2024-03-18 13:19:50.248] 
[2024-03-18 13:19:55.133] Code=AE4C CRC=77
[2024-03-18 13:19:55.196] PRI=05.080 sec
[2024-03-18 13:19:55.256] Freq=416.667 kHz
[2024-03-18 13:19:55.325] 
[2024-03-18 13:19:55.327] 
[2024-03-18 13:19:57.362] Hibernation Mode
[2024-03-18 13:19:59.609] 000 Day(s)
[2024-03-18 13:19:59.652] 
[2024-03-18 13:20:04.715] Code=AE4C CRC=77
[2024-03-18 13:20:04.791] PRI=05.119 sec
[2024-03-18 13:20:04.851] Freq=416.667 kHz
[2024-03-18 13:20:04.921] 
[2024-03-18 13:20:04.922] 
[2024-03-18 13:20:09.808] Code=AE4C CRC=77
[2024-03-18 13:20:09.873] PRI=05.081 sec
[2024-03-18 13:20:09.929] Freq=416.667 kHz
[2024-03-18 13:20:10.002] 
[2024-03-18 13:20:10.004] 
[2024-03-18 13:20:14.886] Code=AE4C CRC=77
[2024-03-18 13:20:14.954] PRI=05.081 sec
[2024-03-18 13:20:15.010] Freq=416.779 kHz
[2024-03-18 13:20:15.083] 
[2024-03-18 13:20:15.085] 
[2024-03-18 13:20:19.969] Code=AE4C CRC=77
[2024-03-18 13:20:20.032] PRI=05.079 sec
[2024-03-18 13:20:20.089] Freq=416.667 kHz
[2024-03-18 13:20:20.161] 
[2024-03-18 13:20:20.163] 
[2024-03-18 13:20:33.965] Activating
[2024-03-18 13:20:34.004] JSATS Tag
[2024-03-18 13:20:34.046] 
[2024-03-18 13:20:35.732] Waiting for
[2024-03-18 13:20:35.782] JSATS Tag Pulses
[2024-03-18 13:20:35.849] 
[2024-03-18 13:20:43.266] Code=ADEF CRC=6F
[2024-03-18 13:20:43.334] PRI=08.301 sec
[2024-03-18 13:20:43.394] Freq=416.667 kHz
[2024-03-18 13:20:43.463] 
[2024-03-18 13:20:43.464] 
[2024-03-18 13:20:48.309] Code=ADEF CRC=6F
[2024-03-18 13:20:48.369] PRI=05.037 sec
[2024-03-18 13:20:48.431] Freq=416.611 kHz
[2024-03-18 13:20:48.500] 
[2024-03-18 13:20:48.502] 
[2024-03-18 13:20:48.979] Tag Version=003 
[2024-03-18 13:20:49.049] Freq=416.667 kHz
[2024-03-18 13:20:49.121] 
[2024-03-18 13:20:49.123] 
[2024-03-18 13:20:54.340] Code=ADEF CRC=6F
[2024-03-18 13:20:54.412] PRI=05.042 sec
[2024-03-18 13:20:54.472] Freq=416.667 kHz
[2024-03-18 13:20:54.542] 
[2024-03-18 13:20:54.544] 
[2024-03-18 13:20:59.384] Code=ADEF CRC=6F
[2024-03-18 13:20:59.452] PRI=05.039 sec
[2024-03-18 13:20:59.511] Freq=416.667 kHz
[2024-03-18 13:20:59.581] 
[2024-03-18 13:20:59.583] 
[2024-03-18 13:21:04.428] Code=ADEF CRC=6F
[2024-03-18 13:21:04.493] PRI=05.041 sec
[2024-03-18 13:21:04.550] Freq=416.611 kHz
[2024-03-18 13:21:04.622] 
[2024-03-18 13:21:04.623] 
[2024-03-18 13:21:09.460] Code=ADEF CRC=6F
[2024-03-18 13:21:09.535] PRI=05.042 sec
[2024-03-18 13:21:09.592] Freq=416.611 kHz
[2024-03-18 13:21:09.664] 
[2024-03-18 13:21:09.666] 
[2024-03-18 13:21:11.456] Hibernation Mode
[2024-03-18 13:21:13.470] 000 Day(s)
[2024-03-18 13:21:13.514] 
[2024-03-18 13:21:18.599] Code=ADEF CRC=6F
[2024-03-18 13:21:18.674] PRI=05.138 sec
[2024-03-18 13:21:18.734] Freq=416.667 kHz
[2024-03-18 13:21:18.803] 
[2024-03-18 13:21:18.805] 
[2024-03-18 13:21:23.718] Code=ADEF CRC=6F
[2024-03-18 13:21:23.783] PRI=05.109 sec
[2024-03-18 13:21:23.843] Freq=416.611 kHz
[2024-03-18 13:21:23.912] 
[2024-03-18 13:21:23.914] 
[2024-03-18 13:21:28.821] Code=ADEF CRC=6F
[2024-03-18 13:21:28.886] PRI=05.104 sec
[2024-03-18 13:21:28.946] Freq=416.667 kHz
[2024-03-18 13:21:29.015] 
[2024-03-18 13:21:29.017] 
[2024-03-18 13:21:33.925] Code=ADEF CRC=6F
[2024-03-18 13:21:33.990] PRI=05.104 sec
[2024-03-18 13:21:34.047] Freq=416.667 kHz
[2024-03-18 13:21:34.119] 
[2024-03-18 13:21:34.120] 
[2024-03-18 13:21:39.029] Code=ADEF CRC=6F
[2024-03-18 13:21:39.094] PRI=05.104 sec
[2024-03-18 13:21:39.153] Freq=416.667 kHz
[2024-03-18 13:21:39.223] 
[2024-03-18 13:21:39.225] 
[2024-03-18 13:21:44.131] Code=ADEF CRC=6F
[2024-03-18 13:21:44.198] PRI=05.105 sec
[2024-03-18 13:21:44.257] Freq=416.667 kHz
[2024-03-18 13:21:44.328] 
[2024-03-18 13:21:44.330] 
[2024-03-18 13:21:49.238] Code=ADEF CRC=6F
[2024-03-18 13:21:49.303] PRI=05.105 sec
[2024-03-18 13:21:49.361] Freq=416.667 kHz
[2024-03-18 13:21:49.433] 
[2024-03-18 13:21:49.435] 
[2024-03-18 13:21:54.346] Code=ADEF CRC=6F
[2024-03-18 13:21:54.409] PRI=05.105 sec
[2024-03-18 13:21:54.466] Freq=416.667 kHz
[2024-03-18 13:21:54.538] 
[2024-03-18 13:21:54.540] 
[2024-03-18 13:22:17.074] Activating
[2024-03-18 13:22:17.126] JSATS Tag
[2024-03-18 13:22:17.164] 
[2024-03-18 13:22:18.863] Waiting for
[2024-03-18 13:22:18.912] JSATS Tag Pulses
[2024-03-18 13:22:18.980] 
[2024-03-18 13:22:27.179] Code=AE7A CRC=14
[2024-03-18 13:22:27.251] PRI=02.842 sec
[2024-03-18 13:22:27.312] Freq=416.667 kHz
[2024-03-18 13:22:27.380] 
[2024-03-18 13:22:27.381] 
[2024-03-18 13:22:32.258] Code=AE7A CRC=14
[2024-03-18 13:22:32.323] PRI=05.072 sec
[2024-03-18 13:22:32.382] Freq=416.667 kHz
[2024-03-18 13:22:32.452] 
[2024-03-18 13:22:32.453] 
[2024-03-18 13:22:33.030] Tag Version=003 
[2024-03-18 13:22:33.104] Freq=416.835 kHz
[2024-03-18 13:22:33.176] 
[2024-03-18 13:22:33.178] 
[2024-03-18 13:22:38.431] Code=AE7A CRC=14
[2024-03-18 13:22:38.496] PRI=05.071 sec
[2024-03-18 13:22:38.556] Freq=416.667 kHz
[2024-03-18 13:22:38.626] 
[2024-03-18 13:22:38.628] 
[2024-03-18 13:22:43.505] Code=AE7A CRC=14
[2024-03-18 13:22:43.569] PRI=05.072 sec
[2024-03-18 13:22:43.628] Freq=416.667 kHz
[2024-03-18 13:22:43.697] 
[2024-03-18 13:22:43.699] 
[2024-03-18 13:22:48.577] Code=AE7A CRC=14
[2024-03-18 13:22:48.642] PRI=05.074 sec
[2024-03-18 13:22:48.702] Freq=416.667 kHz
[2024-03-18 13:22:48.770] 
[2024-03-18 13:22:48.772] 
[2024-03-18 13:22:53.646] Code=AE7A CRC=14
[2024-03-18 13:22:53.711] PRI=05.070 sec
[2024-03-18 13:22:53.773] Freq=416.667 kHz
[2024-03-18 13:22:53.841] 
[2024-03-18 13:22:53.843] 
[2024-03-18 13:22:55.834] Hibernation Mode
[2024-03-18 13:22:58.054] 000 Day(s)
[2024-03-18 13:22:58.097] 
[2024-03-18 13:23:03.149] Code=AE7A CRC=14
[2024-03-18 13:23:03.224] PRI=05.107 sec
[2024-03-18 13:23:03.284] Freq=416.667 kHz
[2024-03-18 13:23:03.354] 
[2024-03-18 13:23:03.356] 
[2024-03-18 13:23:08.233] Code=AE7A CRC=14
[2024-03-18 13:23:08.298] PRI=05.073 sec
[2024-03-18 13:23:08.358] Freq=416.667 kHz
[2024-03-18 13:23:08.427] 
[2024-03-18 13:23:08.429] 
[2024-03-18 13:23:13.298] Code=AE7A CRC=14
[2024-03-18 13:23:13.370] PRI=05.072 sec
[2024-03-18 13:23:13.427] Freq=416.667 kHz
[2024-03-18 13:23:13.499] 
[2024-03-18 13:23:13.501] 
[2024-03-18 13:23:18.378] Code=AE7A CRC=14
[2024-03-18 13:23:18.442] PRI=05.072 sec
[2024-03-18 13:23:18.500] Freq=416.667 kHz
[2024-03-18 13:23:18.571] 
[2024-03-18 13:23:18.573] 
[2024-03-18 13:23:23.449] Code=AE7A CRC=14
[2024-03-18 13:23:23.513] PRI=05.072 sec
[2024-03-18 13:23:23.569] Freq=416.667 kHz
[2024-03-18 13:23:23.643] 
[2024-03-18 13:23:23.645] 
[2024-03-18 13:23:42.158] Activating
[2024-03-18 13:23:42.209] JSATS Tag
[2024-03-18 13:23:42.248] 
[2024-03-18 13:23:43.938] Waiting for
[2024-03-18 13:23:43.984] JSATS Tag Pulses
[2024-03-18 13:23:44.049] 
[2024-03-18 13:23:52.035] Code=5725 CRC=A5
[2024-03-18 13:23:52.100] PRI=13.587 sec
[2024-03-18 13:23:52.161] Freq=416.779 kHz
[2024-03-18 13:23:52.230] 
[2024-03-18 13:23:52.231] 
[2024-03-18 13:23:57.096] Code=5725 CRC=A5
[2024-03-18 13:23:57.172] PRI=05.072 sec
[2024-03-18 13:23:57.232] Freq=416.667 kHz
[2024-03-18 13:23:57.301] 
[2024-03-18 13:23:57.303] 
[2024-03-18 13:23:57.852] Tag Version=003 
[2024-03-18 13:23:57.922] Freq=416.667 kHz
[2024-03-18 13:23:57.995] 
[2024-03-18 13:23:57.998] 
[2024-03-18 13:24:03.252] Code=5725 CRC=A5
[2024-03-18 13:24:03.317] PRI=05.072 sec
[2024-03-18 13:24:03.376] Freq=416.667 kHz
[2024-03-18 13:24:03.445] 
[2024-03-18 13:24:03.447] 
[2024-03-18 13:24:08.323] Code=5725 CRC=A5
[2024-03-18 13:24:08.388] PRI=05.072 sec
[2024-03-18 13:24:08.445] Freq=416.667 kHz
[2024-03-18 13:24:08.517] 
[2024-03-18 13:24:08.518] 
[2024-03-18 13:24:13.397] Code=5725 CRC=A5
[2024-03-18 13:24:13.462] PRI=05.074 sec
[2024-03-18 13:24:13.522] Freq=416.667 kHz
[2024-03-18 13:24:13.591] 
[2024-03-18 13:24:13.593] 
[2024-03-18 13:24:18.460] Code=5725 CRC=A5
[2024-03-18 13:24:18.533] PRI=05.071 sec
[2024-03-18 13:24:18.592] Freq=416.667 kHz
[2024-03-18 13:24:18.661] 
[2024-03-18 13:24:18.662] 
[2024-03-18 13:24:20.601] Hibernation Mode
[2024-03-18 13:24:22.756] 000 Day(s)
[2024-03-18 13:24:22.798] 
[2024-03-18 13:24:27.853] Code=5725 CRC=A5
[2024-03-18 13:24:27.925] PRI=05.104 sec
[2024-03-18 13:24:27.985] Freq=416.667 kHz
[2024-03-18 13:24:28.054] 
[2024-03-18 13:24:28.055] 
[2024-03-18 13:24:44.142] Activating
[2024-03-18 13:24:44.182] JSATS Tag
[2024-03-18 13:24:44.223] 
[2024-03-18 13:24:45.911] Waiting for
[2024-03-18 13:24:45.960] JSATS Tag Pulses
[2024-03-18 13:24:46.024] 
[2024-03-18 13:24:54.008] Code=57A4 CRC=77
[2024-03-18 13:24:54.074] PRI=11.149 sec
[2024-03-18 13:24:54.134] Freq=416.779 kHz
[2024-03-18 13:24:54.203] 
[2024-03-18 13:24:54.204] 
[2024-03-18 13:24:59.083] Code=57A4 CRC=77
[2024-03-18 13:24:59.150] PRI=05.076 sec
[2024-03-18 13:24:59.210] Freq=416.779 kHz
[2024-03-18 13:24:59.279] 
[2024-03-18 13:24:59.281] 
[2024-03-18 13:24:59.835] Tag Version=003 
[2024-03-18 13:24:59.903] Freq=416.779 kHz
[2024-03-18 13:24:59.975] 
[2024-03-18 13:24:59.977] 
[2024-03-18 13:25:05.239] Code=57A4 CRC=77
[2024-03-18 13:25:05.302] PRI=05.078 sec
[2024-03-18 13:25:05.362] Freq=416.667 kHz
[2024-03-18 13:25:05.431] 
[2024-03-18 13:25:05.432] 
[2024-03-18 13:25:10.313] Code=57A4 CRC=77
[2024-03-18 13:25:10.378] PRI=05.075 sec
[2024-03-18 13:25:10.438] Freq=416.667 kHz
[2024-03-18 13:25:10.507] 
[2024-03-18 13:25:10.510] 
[2024-03-18 13:25:15.386] Code=57A4 CRC=77
[2024-03-18 13:25:15.451] PRI=05.073 sec
[2024-03-18 13:25:15.511] Freq=416.779 kHz
[2024-03-18 13:25:15.580] 
[2024-03-18 13:25:15.581] 
[2024-03-18 13:25:20.456] Code=57A4 CRC=77
[2024-03-18 13:25:20.524] PRI=05.073 sec
[2024-03-18 13:25:20.584] Freq=416.667 kHz
[2024-03-18 13:25:20.653] 
[2024-03-18 13:25:20.655] 
[2024-03-18 13:25:22.602] Hibernation Mode
[2024-03-18 13:25:24.751] 000 Day(s)
[2024-03-18 13:25:24.793] 
[2024-03-18 13:25:29.846] Code=57A4 CRC=77
[2024-03-18 13:25:29.925] PRI=05.109 sec
[2024-03-18 13:25:29.985] Freq=416.667 kHz
[2024-03-18 13:25:30.053] 
[2024-03-18 13:25:30.056] 
[2024-03-18 13:25:34.935] Code=57A4 CRC=77
[2024-03-18 13:25:35.000] PRI=05.074 sec
[2024-03-18 13:25:35.059] Freq=416.667 kHz
[2024-03-18 13:25:35.128] 
[2024-03-18 13:25:35.129] 
[2024-03-18 13:25:40.011] Code=57A4 CRC=77
[2024-03-18 13:25:40.076] PRI=05.076 sec
[2024-03-18 13:25:40.135] Freq=416.779 kHz
[2024-03-18 13:25:40.204] 
[2024-03-18 13:25:40.205] 
[2024-03-18 13:25:45.091] Code=57A4 CRC=77
[2024-03-18 13:25:45.152] PRI=05.077 sec
[2024-03-18 13:25:45.208] Freq=416.667 kHz
[2024-03-18 13:25:45.281] 
[2024-03-18 13:25:45.283] 
[2024-03-18 13:25:50.163] Code=57A4 CRC=77
[2024-03-18 13:25:50.229] PRI=05.077 sec
[2024-03-18 13:25:50.286] Freq=416.779 kHz
[2024-03-18 13:25:50.358] 
[2024-03-18 13:25:50.360] 
[2024-03-18 13:26:09.809] Activating
[2024-03-18 13:26:09.848] JSATS Tag
[2024-03-18 13:26:09.891] 
[2024-03-18 13:26:11.575] Waiting for
[2024-03-18 13:26:11.630] JSATS Tag Pulses
[2024-03-18 13:26:11.697] 
[2024-03-18 13:26:19.908] Code=57D4 CRC=8F
[2024-03-18 13:26:19.973] PRI=14.7º6 sec
[2024-03-18 13:26:20.033] Freq=416.667 kHz
[2024-03-18 13:26:20.101] 
[2024-03-18 13:26:20.103] 
[2024-03-18 13:26:24.965] Code=57D4 CRC=8F
[2024-03-18 13:26:25.027] PRI=05.066 sec
[2024-03-18 13:26:25.086] Freq=416.667 kHz
[2024-03-18 13:26:25.158] 
[2024-03-18 13:26:25.160] 
[2024-03-18 13:26:25.745] Tag Version=003 
[2024-03-18 13:26:25.811] Freq=416.667 kHz
[2024-03-18 13:26:25.882] 
[2024-03-18 13:26:25.883] 
[2024-03-18 13:26:31.134] Code=57D4 CRC=8F
[2024-03-18 13:26:31.198] PRI=05.068 sec
[2024-03-18 13:26:31.258] Freq=416.667 kHz
[2024-03-18 13:26:31.327] 
[2024-03-18 13:26:31.329] 
[2024-03-18 13:26:36.202] Code=57D4 CRC=8F
[2024-03-18 13:26:36.266] PRI=05.068 sec
[2024-03-18 13:26:36.326] Freq=416.667 kHz
[2024-03-18 13:26:36.396] 
[2024-03-18 13:26:36.397] 
[2024-03-18 13:26:41.272] Code=57D4 CRC=8F
[2024-03-18 13:26:41.334] PRI=05.068 sec
[2024-03-18 13:26:41.394] Freq=416.667 kHz
[2024-03-18 13:26:41.464] 
[2024-03-18 13:26:41.466] 
[2024-03-18 13:26:46.334] Code=57D4 CRC=8F
[2024-03-18 13:26:46.398] PRI=05.063 sec
[2024-03-18 13:26:46.458] Freq=416.667 kHz
[2024-03-18 13:26:46.527] 
[2024-03-18 13:26:46.529] 
[2024-03-18 13:26:48.522] Hibernation Mode
[2024-03-18 13:26:50.739] 000 Day(s)
[2024-03-18 13:26:50.777] 
[2024-03-18 13:27:19.664] Activating
[2024-03-18 13:27:19.708] JSATS Tag
[2024-03-18 13:27:19.746] 
[2024-03-18 13:27:21.453] Waiting for
[2024-03-18 13:27:21.498] JSATS Tag Pulses
[2024-03-18 13:27:21.562] 
[2024-03-18 13:27:29.779] Code=ACF1 CRC=29
[2024-03-18 13:27:29.843] PRI=09.041 sec
[2024-03-18 13:27:29.902] Freq=417.059 kHz
[2024-03-18 13:27:29.972] 
[2024-03-18 13:27:29.974] 
[2024-03-18 13:27:34.856] Code=ACF1 CRC=29
[2024-03-18 13:27:34.921] PRI=05.078 sec
[2024-03-18 13:27:34.980] Freq=417.059 kHz
[2024-03-18 13:27:35.049] 
[2024-03-18 13:27:35.051] 
[2024-03-18 13:27:35.638] Tag Version=003 
[2024-03-18 13:27:35.703] Freq=417.059 kHz
[2024-03-18 13:27:35.773] 
[2024-03-18 13:27:35.775] 
[2024-03-18 13:27:41.038] Code=ACF1 CRC=29
[2024-03-18 13:27:41.103] PRI=05.080 sec
[2024-03-18 13:27:41.162] Freq=416.891 kHz
[2024-03-18 13:27:41.232] 
[2024-03-18 13:27:41.234] 
[2024-03-18 13:27:46.116] Code=ACF1 CRC=29
[2024-03-18 13:27:46.180] PRI=05.078 sec
[2024-03-18 13:27:46.241] Freq=416.947 kHz
[2024-03-18 13:27:46.310] 
[2024-03-18 13:27:46.312] 
[2024-03-18 13:27:51.185] Code=ACF1 CRC=29
[2024-03-18 13:27:51.258] PRI=05.078 sec
[2024-03-18 13:27:51.319] Freq=416.947 kHz
[2024-03-18 13:27:51.387] 
[2024-03-18 13:27:51.388] 
[2024-03-18 13:28:25.311] Activating
[2024-03-18 13:28:25.353] JSATS Tag
[2024-03-18 13:28:25.392] 
[2024-03-18 13:28:27.097] Waiting for
[2024-03-18 13:28:27.141] JSATS Tag Pulses
[2024-03-18 13:28:27.208] 
[2024-03-18 13:28:34.681] Code=AE2D CRC=4C
[2024-03-18 13:28:34.745] PRI=13.487 sec
[2024-03-18 13:28:34.805] Freq=416.779 kHz
[2024-03-18 13:28:34.875] 
[2024-03-18 13:28:34.877] 
[2024-03-18 13:28:39.754] Code=AE2D CRC=4C
[2024-03-18 13:28:39.817] PRI=05.072 sec
[2024-03-18 13:28:39.878] Freq=416.667 kHz
[2024-03-18 13:28:39.946] 
[2024-03-18 13:28:39.948] 
[2024-03-18 13:28:40.439] Tag Version=003 
[2024-03-18 13:28:40.502] Freq=416.667 kHz
[2024-03-18 13:28:40.575] 
[2024-03-18 13:28:40.577] 
[2024-03-18 13:28:45.833] Code=AE2D CRC=4C
[2024-03-18 13:28:45.897] PRI=05.073 sec
[2024-03-18 13:28:45.957] Freq=416.667 kHz
[2024-03-18 13:28:46.025] 
[2024-03-18 13:28:46.026] 
[2024-03-18 13:28:50.904] Code=AE2D CRC=4C
[2024-03-18 13:28:50.970] PRI=05.072 sec
[2024-03-18 13:28:51.029] Freq=416.667 kHz
[2024-03-18 13:28:51.098] 
[2024-03-18 13:28:51.100] 
[2024-03-18 13:28:55.981] Code=AE2D CRC=4C
[2024-03-18 13:28:56.042] PRI=05.073 sec
[2024-03-18 13:28:56.100] Freq=416.779 kHz
[2024-03-18 13:28:56.171] 
[2024-03-18 13:28:56.173] 
[2024-03-18 13:29:01.044] Code=AE2D CRC=4C
[2024-03-18 13:29:01.116] PRI=05.074 sec
[2024-03-18 13:29:01.176] Freq=416.667 kHz
[2024-03-18 13:29:01.245] 
[2024-03-18 13:29:01.247] 
[2024-03-18 13:29:03.056] Hibernation Mode
[2024-03-18 13:29:05.072] 000 Day(s)
[2024-03-18 13:29:05.117] 
[2024-03-18 13:29:10.184] Code=AE2D CRC=4C
[2024-03-18 13:29:10.370] PRI=05.106 sec
[2024-03-18 13:29:10.370] Freq=416.667 kHz
[2024-03-18 13:29:10.375] 
[2024-03-18 13:29:10.378] 
[2024-03-18 13:29:15.254] Code=AE2D CRC=4C
[2024-03-18 13:29:15.318] PRI=05.073 sec
[2024-03-18 13:29:15.375] Freq=416.667 kHz
[2024-03-18 13:29:15.447] 
[2024-03-18 13:29:15.449] 
[2024-03-18 13:29:33.890] Activating
[2024-03-18 13:29:33.932] JSATS Tag
[2024-03-18 13:29:33.973] 
[2024-03-18 13:29:35.678] Waiting for
[2024-03-18 13:29:35.723] JSATS Tag Pulses
[2024-03-18 13:29:35.788] 
[2024-03-18 13:29:40.063] Hibernation Mode
[2024-03-18 13:30:41.089] 757 Day(s)
[2024-03-18 13:30:41.128] 
[2024-03-18 13:30:51.253] Code=5757 CRC=E1
[2024-03-18 13:30:51.317] PRI=10.164 sec
[2024-03-18 13:30:51.379] Freq=416.667 kHz
[2024-03-18 13:30:51.445] 
[2024-03-18 13:30:51.446] 
[2024-03-18 13:30:56.335] Code=5757 CRC=E1
[2024-03-18 13:30:56.399] PRI=05.082 sec
[2024-03-18 13:30:56.460] Freq=416.667 kHz
[2024-03-18 13:30:56.528] 
[2024-03-18 13:30:56.530] 
[2024-03-18 13:31:01.420] Code=5757 CRC=E1
[2024-03-18 13:31:01.484] PRI=05.084 sec
[2024-03-18 13:31:01.544] Freq=416.667 kHz
[2024-03-18 13:31:01.613] 
[2024-03-18 13:31:01.614] 
[2024-03-18 13:31:06.498] Code=5757 CRC=E1
[2024-03-18 13:31:06.568] PRI=05.084 sec
[2024-03-18 13:31:06.627] Freq=416.667 kHz
[2024-03-18 13:31:06.697] 
[2024-03-18 13:31:06.699] 
[2024-03-18 13:31:11.589] Code=5757 CRC=E1
[2024-03-18 13:31:11.653] PRI=05.085 sec
[2024-03-18 13:31:11.713] Freq=416.555 kHz
[2024-03-18 13:31:11.782] 
[2024-03-18 13:31:11.783] 
