
[2024-03-21 10:21:33.196] Code=5761 CRC=82
[2024-03-21 10:21:33.212] PRI=05.060 sec
[2024-03-21 10:21:33.212] Freq=416.667 kHz
[2024-03-21 10:21:33.212] SS=A6dB 
[2024-03-21 10:21:33.212] 
[2024-03-21 10:21:33.212] Code=5761 CRC=82
[2024-03-21 10:21:33.212] PRI=05.060 sec
[2024-03-21 10:21:33.212] Freq=416.667 kHz
[2024-03-21 10:21:33.212] SS=A6dB 
[2024-03-21 10:21:33.212] 
[2024-03-21 10:21:33.212] Code=5761 CRC=82
[2024-03-21 10:21:33.212] PRI=05.058 sec
[2024-03-21 10:21:33.212] Freq=416.667 kHz
[2024-03-21 10:21:33.212] SS=A5dB 
[2024-03-21 10:21:33.212] 
[2024-03-21 10:21:33.212] Code=5761 CRC=82
[2024-03-21 10:21:33.212] PRI=05.060 sec
[2024-03-21 10:21:33.212] Freq=416.667 kHz
[2024-03-21 10:21:33.212] SS=A6dB 
[2024-03-21 10:21:33.212] 
[2024-03-21 10:21:33.212] Code=5761 CRC=82
[2024-03-21 10:21:33.212] PRI=05.062 sec
[2024-03-21 10:21:33.212] Freq=416.611 kHz
[2024-03-21 10:21:33.212] SS=A5dB 
[2024-03-21 10:21:33.212] 
[2024-03-21 10:21:33.212] Code=5761 CRC=82
[2024-03-21 10:21:33.212] PRI=05.061 sec
[2024-03-21 10:21:33.212] Freq=416.667 kHz
[2024-03-21 10:21:33.212] SS=A5dB 
[2024-03-21 10:21:33.212] 
[2024-03-21 10:21:33.212] Code=5761 CRC=82
[2024-03-21 10:21:33.212] PRI=05.064 sec
[2024-03-21 10:21:33.212] Freq=416.555 kHz
[2024-03-21 10:21:33.212] SS=A5dB 
[2024-03-21 10:21:33.212] 
[2024-03-21 10:21:33.212] Code=5761 CRC=82
[2024-03-21 10:21:33.212] PRI=05.058 sec
[2024-03-21 10:21:33.212] Freq=416.667 kHz
[2024-03-21 10:21:33.212] SS=A6dB 
[2024-03-21 10:21:33.212] 
[2024-03-21 10:21:33.212] Code=5761 CRC=82
[2024-03-21 10:21:33.212] PRI=05.060 sec
[2024-03-21 10:21:33.212] Freq=416.667 kHz
[2024-03-21 10:21:33.212] SS=A5dB 
[2024-03-21 10:21:33.212] 
[2024-03-21 10:21:33.212] Code=5761 CRC=82
[2024-03-21 10:21:33.212] PRI=05.057 sec
[2024-03-21 10:21:33.212] Freq=416.667 kHz
[2024-03-21 10:21:33.212] SS=A5dB 
[2024-03-21 10:21:33.212] 
[2024-03-21 10:21:33.212] Code=5761 CRC=82
[2024-03-21 10:21:33.212] PRI=05.058 sec
[2024-03-21 10:21:33.212] Freq=416.555 kHz
[2024-03-21 10:21:33.212] SS=A5dB 
[2024-03-21 10:21:33.212] 
[2024-03-21 10:21:33.212] Code=5761 CRC=82
[2024-03-21 10:21:33.212] PRI=05.060 sec
[2024-03-21 10:21:33.212] Freq=416.667 kHz
[2024-03-21 10:21:33.212] SS=A5dB 
[2024-03-21 10:21:33.212] 
[2024-03-21 10:21:33.212] Code=5761 CRC=82
[2024-03-21 10:21:33.212] PRI=05.059 sec
[2024-03-21 10:21:33.212] Freq=416.555 kHz
[2024-03-21 10:21:33.212] SS=A5dB 
[2024-03-21 10:21:33.212] 
[2024-03-21 10:21:33.759] Code=5761 CRC=82
[2024-03-21 10:21:33.825] PRI=05.056 sec
[2024-03-21 10:21:33.885] Freq=416.667 kHz
[2024-03-21 10:21:33.952] SS=A5dB 
[2024-03-21 10:21:33.984] 
[2024-03-21 10:21:40.494] Code=5761 CRC=82
[2024-03-21 10:21:40.497] PRI=05.058 sec
[2024-03-21 10:21:40.497] Freq=416.555 kHz
[2024-03-21 10:21:40.497] SS=A5dB 
[2024-03-21 10:21:40.497] 
[2024-03-21 10:21:41.758] 
[2024-03-21 10:21:41.763] 
[2024-03-21 10:21:41.764] 
[2024-03-21 10:21:41.766] 
[2024-03-21 10:21:41.766] Pinger Dish III
[2024-03-21 10:21:41.832] (ATS SWV=6.50)
[2024-03-21 10:21:41.886] 
[2024-03-21 10:21:42.862] RS232 Detected:
[2024-03-21 10:21:42.935] Use 19.2kb N-8-1
[2024-03-21 10:21:42.998] 
[2024-03-21 10:21:43.980] Waiting for
[2024-03-21 10:21:44.030] Sonic Tag Pulses
[2024-03-21 10:21:46.802] (DSP SWV=3.10)
[2024-03-21 10:21:46.861] 
[2024-03-21 10:23:03.886] Activating
[2024-03-21 10:23:03.928] Sonic Tag
[2024-03-21 10:23:03.964] 
[2024-03-21 10:23:05.941] Waiting for
[2024-03-21 10:23:05.984] Sonic Tag Pulses
[2024-03-21 10:23:06.052] 
[2024-03-21 10:23:07.047] Tag Version=003 
[2024-03-21 10:23:07.112] Freq=416.779 kHz
[2024-03-21 10:23:07.178] SS=A0dB 
[2024-03-21 10:23:07.215] 
[2024-03-21 10:23:12.423] Code=AD1E CRC=45
[2024-03-21 10:23:12.487] PRI=??.??? sec
[2024-03-21 10:23:12.547] Freq=416.667 kHz
[2024-03-21 10:23:12.615] SS=AFdB 
[2024-03-21 10:23:12.648] 
[2024-03-21 10:23:17.472] Code=AD1E CRC=45
[2024-03-21 10:23:17.540] PRI=05.053 sec
[2024-03-21 10:23:17.601] Freq=416.667 kHz
[2024-03-21 10:23:17.665] SS=B0dB 
[2024-03-21 10:23:17.700] 
[2024-03-21 10:23:22.525] Code=AD1E CRC=45
[2024-03-21 10:23:22.593] PRI=05.053 sec
[2024-03-21 10:23:22.653] Freq=416.667 kHz
[2024-03-21 10:23:22.717] SS=A2dB 
[2024-03-21 10:23:22.755] 
[2024-03-21 10:23:27.585] Code=AD1E CRC=45
[2024-03-21 10:23:27.647] PRI=05.056 sec
[2024-03-21 10:23:27.709] Freq=416.667 kHz
[2024-03-21 10:23:27.777] SS=A2dB 
[2024-03-21 10:23:27.809] 
[2024-03-21 10:23:29.669] Code=0000 CRC=A0
[2024-03-21 10:23:29.733] PRI=??.??? sec
[2024-03-21 10:23:29.793] Freq=416.835 kHz
[2024-03-21 10:23:29.861] SS=A8dB 
[2024-03-21 10:23:29.895] 
[2024-03-21 10:23:31.753] Code=0000 CRC=A0
[2024-03-21 10:23:31.816] PRI=02.083 sec
[2024-03-21 10:23:31.873] Freq=416.779 kHz
[2024-03-21 10:23:31.942] SS=9CdB 
[2024-03-21 10:23:31.978] 
[2024-03-21 10:23:36.844] Code=AD1E CRC=45
[2024-03-21 10:23:36.907] PRI=??.??? sec
[2024-03-21 10:23:36.966] Freq=416.667 kHz
[2024-03-21 10:23:37.035] SS=A0dB 
[2024-03-21 10:23:37.069] 
[2024-03-21 10:23:41.898] Code=AD1E CRC=45
[2024-03-21 10:23:41.963] PRI=05.056 sec
[2024-03-21 10:23:42.023] Freq=416.779 kHz
[2024-03-21 10:23:42.091] SS=9FdB 
[2024-03-21 10:23:42.123] 
[2024-03-21 10:23:46.954] Code=AD1E CRC=45
[2024-03-21 10:23:47.020] PRI=05.057 sec
[2024-03-21 10:23:47.079] Freq=416.667 kHz
[2024-03-21 10:23:47.147] SS=9EdB 
[2024-03-21 10:23:47.182] 
[2024-03-21 10:23:52.010] Code=AD1E CRC=45
[2024-03-21 10:23:52.074] PRI=05.054 sec
[2024-03-21 10:23:52.136] Freq=416.667 kHz
[2024-03-21 10:23:52.201] SS=9FdB 
[2024-03-21 10:23:52.235] 
[2024-03-21 10:23:57.066] Code=AD1E CRC=45
[2024-03-21 10:23:57.130] PRI=05.055 sec
[2024-03-21 10:23:57.188] Freq=416.779 kHz
[2024-03-21 10:23:57.254] SS=9EdB 
[2024-03-21 10:23:57.292] 
[2024-03-21 10:24:02.115] Code=AD1E CRC=45
[2024-03-21 10:24:02.182] PRI=05.052 sec
[2024-03-21 10:24:02.243] Freq=416.667 kHz
[2024-03-21 10:24:02.309] SS=9FdB 
[2024-03-21 10:24:02.343] 
[2024-03-21 10:24:07.176] Code=AD1E CRC=45
[2024-03-21 10:24:07.235] PRI=05.053 sec
[2024-03-21 10:24:07.291] Freq=416.667 kHz
[2024-03-21 10:24:07.363] SS=9EdB 
[2024-03-21 10:24:07.396] 
[2024-03-21 10:24:12.225] Code=AD1E CRC=45
[2024-03-21 10:24:12.289] PRI=05.054 sec
[2024-03-21 10:24:12.349] Freq=416.667 kHz
[2024-03-21 10:24:12.417] SS=9DdB 
[2024-03-21 10:24:12.453] 
[2024-03-21 10:24:17.275] Code=AD1E CRC=45
[2024-03-21 10:24:17.344] PRI=05.054 sec
[2024-03-21 10:24:17.401] Freq=416.667 kHz
[2024-03-21 10:24:17.468] SS=9CdB 
[2024-03-21 10:24:17.505] 
[2024-03-21 10:24:22.331] Code=AD1E CRC=45
[2024-03-21 10:24:22.396] PRI=05.053 sec
[2024-03-21 10:24:22.452] Freq=416.667 kHz
[2024-03-21 10:24:22.524] SS=9BdB 
[2024-03-21 10:24:22.558] 
[2024-03-21 10:24:27.387] Code=AD1E CRC=45
[2024-03-21 10:24:27.451] PRI=05.055 sec
[2024-03-21 10:24:27.510] Freq=416.667 kHz
[2024-03-21 10:24:27.578] SS=9CdB 
[2024-03-21 10:24:27.612] 
[2024-03-21 10:24:32.444] Code=AD1E CRC=45
[2024-03-21 10:24:32.506] PRI=05.054 sec
[2024-03-21 10:24:32.562] Freq=416.443 kHz
[2024-03-21 10:24:32.629] SS=98dB 
[2024-03-21 10:24:32.666] 
[2024-03-21 10:24:46.757] Activating
[2024-03-21 10:24:46.798] Sonic Tag
[2024-03-21 10:24:46.841] 
[2024-03-21 10:24:48.808] Waiting for
[2024-03-21 10:24:48.854] Sonic Tag Pulses
[2024-03-21 10:24:48.918] 
[2024-03-21 10:24:56.891] Code=5744 CRC=9E
[2024-03-21 10:24:56.955] PRI=??.??? sec
[2024-03-21 10:24:57.014] Freq=416.667 kHz
[2024-03-21 10:24:57.083] SS=9FdB 
[2024-03-21 10:24:57.117] 
[2024-03-21 10:25:01.956] Code=5744 CRC=9E
[2024-03-21 10:25:02.022] PRI=05.065 sec
[2024-03-21 10:25:02.081] Freq=416.555 kHz
[2024-03-21 10:25:02.147] SS=A0dB 
[2024-03-21 10:25:02.181] 
[2024-03-21 10:25:02.706] Tag Version=003 
[2024-03-21 10:25:02.770] Freq=416.555 kHz
[2024-03-21 10:25:02.837] SS=9DdB 
[2024-03-21 10:25:02.875] 
[2024-03-21 10:25:08.092] Code=5744 CRC=9E
[2024-03-21 10:25:08.156] PRI=??.??? sec
[2024-03-21 10:25:08.216] Freq=416.499 kHz
[2024-03-21 10:25:08.284] SS=A0dB 
[2024-03-21 10:25:08.317] 
[2024-03-21 10:25:13.160] Code=5744 CRC=9E
[2024-03-21 10:25:13.224] PRI=05.067 sec
[2024-03-21 10:25:13.284] Freq=416.555 kHz
[2024-03-21 10:25:13.352] SS=A0dB 
[2024-03-21 10:25:13.386] 
[2024-03-21 10:25:18.227] Code=5744 CRC=9E
[2024-03-21 10:25:18.291] PRI=05.068 sec
[2024-03-21 10:25:18.351] Freq=416.667 kHz
[2024-03-21 10:25:18.419] SS=A0dB 
[2024-03-21 10:25:18.452] 
[2024-03-21 10:25:23.293] Code=5744 CRC=9E
[2024-03-21 10:25:23.357] PRI=05.066 sec
[2024-03-21 10:25:23.417] Freq=416.555 kHz
[2024-03-21 10:25:23.485] SS=A0dB 
[2024-03-21 10:25:23.519] 
[2024-03-21 10:25:25.436] Code=0000 CRC=A0
[2024-03-21 10:25:25.499] PRI=??.??? sec
[2024-03-21 10:25:25.560] Freq=416.555 kHz
[2024-03-21 10:25:25.627] SS=A4dB 
[2024-03-21 10:25:25.661] 
[2024-03-21 10:25:27.576] Code=0000 CRC=A0
[2024-03-21 10:25:27.642] PRI=02.143 sec
[2024-03-21 10:25:27.700] Freq=416.555 kHz
[2024-03-21 10:25:27.767] SS=9CdB 
[2024-03-21 10:25:27.806] 
[2024-03-21 10:25:32.679] Code=5744 CRC=9E
[2024-03-21 10:25:32.743] PRI=??.??? sec
[2024-03-21 10:25:32.800] Freq=416.611 kHz
[2024-03-21 10:25:32.871] SS=A0dB 
[2024-03-21 10:25:32.906] 
[2024-03-21 10:25:37.745] Code=5744 CRC=9E
[2024-03-21 10:25:37.809] PRI=05.066 sec
[2024-03-21 10:25:37.870] Freq=416.555 kHz
[2024-03-21 10:25:37.936] SS=A0dB 
[2024-03-21 10:25:37.971] 
[2024-03-21 10:25:42.810] Code=5744 CRC=9E
[2024-03-21 10:25:42.873] PRI=05.064 sec
[2024-03-21 10:25:42.932] Freq=416.499 kHz
[2024-03-21 10:25:43.001] SS=A0dB 
[2024-03-21 10:25:43.034] 
[2024-03-21 10:25:47.872] Code=5744 CRC=9E
[2024-03-21 10:25:47.936] PRI=05.063 sec
[2024-03-21 10:25:47.995] Freq=416.667 kHz
[2024-03-21 10:25:48.064] SS=A0dB 
[2024-03-21 10:25:48.096] 
[2024-03-21 10:25:52.937] Code=5744 CRC=9E
[2024-03-21 10:25:53.001] PRI=05.065 sec
[2024-03-21 10:25:53.057] Freq=416.555 kHz
[2024-03-21 10:25:53.125] SS=9FdB 
[2024-03-21 10:25:53.163] 
[2024-03-21 10:25:58.002] Code=5744 CRC=9E
[2024-03-21 10:25:58.065] PRI=05.064 sec
[2024-03-21 10:25:58.125] Freq=416.667 kHz
[2024-03-21 10:25:58.193] SS=9FdB 
[2024-03-21 10:25:58.225] 
[2024-03-21 10:26:03.066] Code=5744 CRC=9E
[2024-03-21 10:26:03.129] PRI=05.064 sec
[2024-03-21 10:26:03.186] Freq=416.667 kHz
[2024-03-21 10:26:03.255] SS=9FdB 
[2024-03-21 10:26:03.291] 
[2024-03-21 10:26:08.136] Code=5744 CRC=9E
[2024-03-21 10:26:08.193] PRI=05.064 sec
[2024-03-21 10:26:08.253] Freq=416.667 kHz
[2024-03-21 10:26:08.321] SS=9FdB 
[2024-03-21 10:26:08.354] 
[2024-03-21 10:26:19.177] Activating
[2024-03-21 10:26:19.219] Sonic Tag
[2024-03-21 10:26:19.259] 
[2024-03-21 10:26:21.242] Waiting for
[2024-03-21 10:26:21.286] Sonic Tag Pulses
[2024-03-21 10:26:21.354] 
[2024-03-21 10:26:22.410] Tag Version=003 
[2024-03-21 10:26:22.477] Freq=416.667 kHz
[2024-03-21 10:26:22.542] SS=A4dB 
[2024-03-21 10:26:22.578] 
[2024-03-21 10:26:27.792] Code=5750 CRC=62
[2024-03-21 10:26:27.856] PRI=??.??? sec
[2024-03-21 10:26:27.916] Freq=416.667 kHz
[2024-03-21 10:26:27.984] SS=AAdB 
[2024-03-21 10:26:28.017] 
[2024-03-21 10:26:32.848] Code=5750 CRC=62
[2024-03-21 10:26:32.917] PRI=05.061 sec
[2024-03-21 10:26:32.977] Freq=416.667 kHz
[2024-03-21 10:26:33.043] SS=AAdB 
[2024-03-21 10:26:33.078] 
[2024-03-21 10:26:37.913] Code=5750 CRC=62
[2024-03-21 10:26:37.977] PRI=05.060 sec
[2024-03-21 10:26:38.034] Freq=416.667 kHz
[2024-03-21 10:26:38.107] SS=AAdB 
[2024-03-21 10:26:38.138] 
[2024-03-21 10:26:42.972] Code=5750 CRC=62
[2024-03-21 10:26:43.036] PRI=05.059 sec
[2024-03-21 10:26:43.095] Freq=416.667 kHz
[2024-03-21 10:26:43.164] SS=AAdB 
[2024-03-21 10:26:43.197] 
[2024-03-21 10:26:45.171] Code=0000 CRC=A0
[2024-03-21 10:26:45.234] PRI=??.??? sec
[2024-03-21 10:26:45.291] Freq=416.667 kHz
[2024-03-21 10:26:45.358] SS=AEdB 
[2024-03-21 10:26:45.395] 
[2024-03-21 10:26:47.368] Code=0000 CRC=A0
[2024-03-21 10:26:47.431] PRI=02.197 sec
[2024-03-21 10:26:47.491] Freq=416.667 kHz
[2024-03-21 10:26:47.559] SS=A7dB 
[2024-03-21 10:26:47.592] 
[2024-03-21 10:26:52.464] Code=5750 CRC=62
[2024-03-21 10:26:52.528] PRI=??.??? sec
[2024-03-21 10:26:52.588] Freq=416.667 kHz
[2024-03-21 10:26:52.655] SS=AAdB 
[2024-03-21 10:26:52.689] 
[2024-03-21 10:26:57.523] Code=5750 CRC=62
[2024-03-21 10:26:57.586] PRI=05.058 sec
[2024-03-21 10:26:57.646] Freq=416.667 kHz
[2024-03-21 10:26:57.713] SS=AAdB 
[2024-03-21 10:26:57.748] 
[2024-03-21 10:27:02.581] Code=5750 CRC=62
[2024-03-21 10:27:02.645] PRI=05.059 sec
[2024-03-21 10:27:02.704] Freq=416.667 kHz
[2024-03-21 10:27:02.772] SS=A9dB 
[2024-03-21 10:27:02.806] 
[2024-03-21 10:27:07.641] Code=5750 CRC=62
[2024-03-21 10:27:07.703] PRI=05.059 sec
[2024-03-21 10:27:07.764] Freq=416.667 kHz
[2024-03-21 10:27:07.831] SS=AAdB 
[2024-03-21 10:27:07.866] 
[2024-03-21 10:27:12.701] Code=5750 CRC=62
[2024-03-21 10:27:12.764] PRI=05.061 sec
[2024-03-21 10:27:12.824] Freq=416.667 kHz
[2024-03-21 10:27:12.892] SS=A9dB 
[2024-03-21 10:27:12.927] 
[2024-03-21 10:27:17.759] Code=5750 CRC=62
[2024-03-21 10:27:17.824] PRI=05.059 sec
[2024-03-21 10:27:17.880] Freq=416.667 kHz
[2024-03-21 10:27:17.951] SS=AAdB 
[2024-03-21 10:27:17.986] 
[2024-03-21 10:27:22.816] Code=5750 CRC=62
[2024-03-21 10:27:22.880] PRI=05.056 sec
[2024-03-21 10:27:22.940] Freq=416.667 kHz
[2024-03-21 10:27:23.008] SS=AAdB 
[2024-03-21 10:27:23.042] 
[2024-03-21 10:27:30.820] Activating
[2024-03-21 10:27:30.862] Sonic Tag
[2024-03-21 10:27:30.900] 
[2024-03-21 10:27:32.889] Waiting for
[2024-03-21 10:27:32.935] Sonic Tag Pulses
[2024-03-21 10:27:33.000] 
[2024-03-21 10:27:41.075] Code=ADDF CRC=D1
[2024-03-21 10:27:41.138] PRI=??.??? sec
[2024-03-21 10:27:41.197] Freq=416.779 kHz
[2024-03-21 10:27:41.265] SS=87dB 
[2024-03-21 10:27:41.300] 
[2024-03-21 10:27:46.133] Code=ADDF CRC=D1
[2024-03-21 10:27:46.197] PRI=05.059 sec
[2024-03-21 10:27:46.257] Freq=416.667 kHz
[2024-03-21 10:27:46.325] SS=8BdB 
[2024-03-21 10:27:46.358] 
[2024-03-21 10:27:46.898] Tag Version=003 
[2024-03-21 10:27:46.960] Freq=416.779 kHz
[2024-03-21 10:27:47.027] SS=8BdB 
[2024-03-21 10:27:47.065] 
[2024-03-21 10:27:52.279] Code=ADDF CRC=D1
[2024-03-21 10:27:52.341] PRI=??.??? sec
[2024-03-21 10:27:52.402] Freq=416.667 kHz
[2024-03-21 10:27:52.470] SS=8FdB 
[2024-03-21 10:27:52.502] 
[2024-03-21 10:27:57.333] Code=ADDF CRC=D1
[2024-03-21 10:27:57.398] PRI=05.055 sec
[2024-03-21 10:27:57.457] Freq=416.667 kHz
[2024-03-21 10:27:57.525] SS=8FdB 
[2024-03-21 10:27:57.558] 
[2024-03-21 10:28:02.391] Code=ADDF CRC=D1
[2024-03-21 10:28:02.454] PRI=05.056 sec
[2024-03-21 10:28:02.512] Freq=416.667 kHz
[2024-03-21 10:28:02.579] SS=90dB 
[2024-03-21 10:28:02.615] 
[2024-03-21 10:28:07.442] Code=ADDF CRC=D1
[2024-03-21 10:28:07.506] PRI=05.052 sec
[2024-03-21 10:28:07.562] Freq=416.667 kHz
[2024-03-21 10:28:07.630] SS=91dB 
[2024-03-21 10:28:07.666] 
[2024-03-21 10:28:09.607] Code=0000 CRC=A0
[2024-03-21 10:28:09.672] PRI=??.??? sec
[2024-03-21 10:28:09.732] Freq=416.667 kHz
[2024-03-21 10:28:09.800] SS=91dB 
[2024-03-21 10:28:09.834] 
[2024-03-21 10:28:11.764] Code=0000 CRC=A0
[2024-03-21 10:28:11.840] PRI=02.167 sec
[2024-03-21 10:28:11.899] Freq=416.667 kHz
[2024-03-21 10:28:11.967] SS=8DdB 
[2024-03-21 10:28:12.001] 
[2024-03-21 10:28:16.864] Code=ADDF CRC=D1
[2024-03-21 10:28:16.928] PRI=??.??? sec
[2024-03-21 10:28:16.988] Freq=416.667 kHz
[2024-03-21 10:28:17.055] SS=8FdB 
[2024-03-21 10:28:17.089] 
[2024-03-21 10:28:21.904] Code=ADDF CRC=D1
[2024-03-21 10:28:21.980] PRI=05.053 sec
[2024-03-21 10:28:22.040] Freq=416.667 kHz
[2024-03-21 10:28:22.108] SS=90dB 
[2024-03-21 10:28:22.141] 
[2024-03-21 10:28:26.968] Code=ADDF CRC=D1
[2024-03-21 10:28:27.032] PRI=05.052 sec
[2024-03-21 10:28:27.093] Freq=416.667 kHz
[2024-03-21 10:28:27.160] SS=8FdB 
[2024-03-21 10:28:27.194] 
[2024-03-21 10:28:32.026] Code=ADDF CRC=D1
[2024-03-21 10:28:32.090] PRI=05.057 sec
[2024-03-21 10:28:32.150] Freq=416.779 kHz
[2024-03-21 10:28:32.218] SS=8DdB 
[2024-03-21 10:28:32.251] 
[2024-03-21 10:28:37.085] Code=ADDF CRC=D1
[2024-03-21 10:28:37.149] PRI=05.059 sec
[2024-03-21 10:28:37.209] Freq=416.667 kHz
[2024-03-21 10:28:37.276] SS=8FdB 
[2024-03-21 10:28:37.310] 
[2024-03-21 10:28:42.144] Code=ADDF CRC=D1
[2024-03-21 10:28:42.208] PRI=05.059 sec
[2024-03-21 10:28:42.268] Freq=416.667 kHz
[2024-03-21 10:28:42.335] SS=8EdB 
[2024-03-21 10:28:42.370] 
[2024-03-21 10:28:47.200] Code=ADDF CRC=D1
[2024-03-21 10:28:47.264] PRI=05.056 sec
[2024-03-21 10:28:47.323] Freq=416.667 kHz
[2024-03-21 10:28:47.392] SS=8EdB 
[2024-03-21 10:28:47.426] 
[2024-03-21 10:29:20.781] Activating
[2024-03-21 10:29:20.826] Sonic Tag
[2024-03-21 10:29:20.865] 
[2024-03-21 10:29:22.832] Waiting for
[2024-03-21 10:29:22.877] Sonic Tag Pulses
[2024-03-21 10:29:22.945] 
[2024-03-21 10:29:29.587] Code=573D CRC=FA
[2024-03-21 10:29:29.652] PRI=??.??? sec
[2024-03-21 10:29:29.712] Freq=416.667 kHz
[2024-03-21 10:29:29.779] SS=91dB 
[2024-03-21 10:29:29.813] 
[2024-03-21 10:29:34.643] Code=573D CRC=FA
[2024-03-21 10:29:34.705] PRI=05.053 sec
[2024-03-21 10:29:34.763] Freq=416.667 kHz
[2024-03-21 10:29:34.834] SS=95dB 
[2024-03-21 10:29:34.866] 
[2024-03-21 10:29:35.350] Tag Version=003 
[2024-03-21 10:29:35.415] Freq=416.667 kHz
[2024-03-21 10:29:35.480] SS=94dB 
[2024-03-21 10:29:35.516] 
[2024-03-21 10:29:40.724] Code=573D CRC=FA
[2024-03-21 10:29:40.788] PRI=??.??? sec
[2024-03-21 10:29:40.849] Freq=416.667 kHz
[2024-03-21 10:29:40.916] SS=9AdB 
[2024-03-21 10:29:40.950] 
[2024-03-21 10:29:45.764] Code=573D CRC=FA
[2024-03-21 10:29:45.837] PRI=05.048 sec
[2024-03-21 10:29:45.897] Freq=416.667 kHz
[2024-03-21 10:29:45.964] SS=97dB 
[2024-03-21 10:29:45.998] 
[2024-03-21 10:29:50.826] Code=573D CRC=FA
[2024-03-21 10:29:50.889] PRI=05.052 sec
[2024-03-21 10:29:50.949] Freq=416.667 kHz
[2024-03-21 10:29:51.017] SS=97dB 
[2024-03-21 10:29:51.050] 
[2024-03-21 10:29:55.873] Code=573D CRC=FA
[2024-03-21 10:29:55.942] PRI=05.052 sec
[2024-03-21 10:29:56.002] Freq=416.667 kHz
[2024-03-21 10:29:56.067] SS=96dB 
[2024-03-21 10:29:56.103] 
[2024-03-21 10:29:57.932] Code=0000 CRC=A0
[2024-03-21 10:29:57.997] PRI=??.??? sec
[2024-03-21 10:29:58.056] Freq=416.667 kHz
[2024-03-21 10:29:58.124] SS=98dB 
[2024-03-21 10:29:58.158] 
[2024-03-21 10:29:59.989] Code=0000 CRC=A0
[2024-03-21 10:30:00.053] PRI=02.056 sec
[2024-03-21 10:30:00.113] Freq=416.667 kHz
[2024-03-21 10:30:00.180] SS=95dB 
[2024-03-21 10:30:00.215] 
[2024-03-21 10:30:05.068] Code=573D CRC=FA
[2024-03-21 10:30:05.140] PRI=??.??? sec
[2024-03-21 10:30:05.199] Freq=416.667 kHz
[2024-03-21 10:30:05.265] SS=98dB 
[2024-03-21 10:30:05.300] 
[2024-03-21 10:30:10.124] Code=573D CRC=FA
[2024-03-21 10:30:10.194] PRI=05.054 sec
[2024-03-21 10:30:10.253] Freq=416.667 kHz
[2024-03-21 10:30:10.321] SS=9AdB 
[2024-03-21 10:30:10.355] 
[2024-03-21 10:30:15.185] Code=573D CRC=FA
[2024-03-21 10:30:15.249] PRI=05.055 sec
[2024-03-21 10:30:15.308] Freq=416.667 kHz
[2024-03-21 10:30:15.376] SS=98dB 
[2024-03-21 10:30:15.411] 
[2024-03-21 10:30:20.246] Code=573D CRC=FA
[2024-03-21 10:30:20.305] PRI=05.058 sec
[2024-03-21 10:30:20.364] Freq=416.779 kHz
[2024-03-21 10:30:20.434] SS=97dB 
[2024-03-21 10:30:20.466] 
[2024-03-21 10:30:25.311] Code=573D CRC=FA
[2024-03-21 10:30:25.368] PRI=05.062 sec
[2024-03-21 10:30:25.429] Freq=416.667 kHz
[2024-03-21 10:30:25.495] SS=9AdB 
[2024-03-21 10:30:25.528] 
[2024-03-21 10:30:30.363] Code=573D CRC=FA
[2024-03-21 10:30:30.427] PRI=05.059 sec
[2024-03-21 10:30:30.483] Freq=416.779 kHz
[2024-03-21 10:30:30.552] SS=99dB 
[2024-03-21 10:30:30.591] 
[2024-03-21 10:30:45.206] Activating
[2024-03-21 10:30:45.247] Sonic Tag
[2024-03-21 10:30:45.289] 
[2024-03-21 10:30:47.272] Waiting for
[2024-03-21 10:30:47.316] Sonic Tag Pulses
[2024-03-21 10:30:47.385] 
[2024-03-21 10:30:55.511] Code=576B CRC=FC
[2024-03-21 10:30:55.577] PRI=??.??? sec
[2024-03-21 10:30:55.637] Freq=416.667 kHz
[2024-03-21 10:30:55.703] SS=90dB 
[2024-03-21 10:30:55.737] 
[2024-03-21 10:31:00.530] Code=576B CRC=FC
[2024-03-21 10:31:00.604] PRI=05.027 sec
[2024-03-21 10:31:00.663] Freq=416.667 kHz
[2024-03-21 10:31:00.731] SS=95dB 
[2024-03-21 10:31:00.765] 
[2024-03-21 10:31:01.310] Tag Version=003 
[2024-03-21 10:31:01.374] Freq=416.667 kHz
[2024-03-21 10:31:01.442] SS=94dB 
[2024-03-21 10:31:01.479] 
[2024-03-21 10:31:06.657] Code=576B CRC=FC
[2024-03-21 10:31:06.721] PRI=??.??? sec
[2024-03-21 10:31:06.777] Freq=416.667 kHz
[2024-03-21 10:31:06.849] SS=97dB 
[2024-03-21 10:31:06.881] 
[2024-03-21 10:31:11.681] Code=576B CRC=FC
[2024-03-21 10:31:11.745] PRI=05.024 sec
[2024-03-21 10:31:11.806] Freq=416.667 kHz
[2024-03-21 10:31:11.872] SS=97dB 
[2024-03-21 10:31:11.905] 
[2024-03-21 10:31:16.707] Code=576B CRC=FC
[2024-03-21 10:31:16.771] PRI=05.026 sec
[2024-03-21 10:31:16.831] Freq=416.667 kHz
[2024-03-21 10:31:16.899] SS=9BdB 
[2024-03-21 10:31:16.933] 
[2024-03-21 10:31:21.732] Code=576B CRC=FC
[2024-03-21 10:31:21.797] PRI=05.027 sec
[2024-03-21 10:31:21.854] Freq=416.667 kHz
[2024-03-21 10:31:21.927] SS=9BdB 
[2024-03-21 10:31:21.960] 
[2024-03-21 10:31:23.902] Code=0000 CRC=A0
[2024-03-21 10:31:23.979] PRI=??.??? sec
[2024-03-21 10:31:24.039] Freq=416.667 kHz
[2024-03-21 10:31:24.106] SS=9CdB 
[2024-03-21 10:31:24.139] 
[2024-03-21 10:31:26.095] Code=0000 CRC=A0
[2024-03-21 10:31:26.159] PRI=02.180 sec
[2024-03-21 10:31:26.217] Freq=416.667 kHz
[2024-03-21 10:31:26.284] SS=98dB 
[2024-03-21 10:31:26.321] 
[2024-03-21 10:31:31.223] Code=576B CRC=FC
[2024-03-21 10:31:31.288] PRI=??.??? sec
[2024-03-21 10:31:31.347] Freq=416.667 kHz
[2024-03-21 10:31:31.415] SS=9BdB 
[2024-03-21 10:31:31.449] 
[2024-03-21 10:31:36.316] Code=576B CRC=FC
[2024-03-21 10:31:36.380] PRI=05.092 sec
[2024-03-21 10:31:36.440] Freq=416.667 kHz
[2024-03-21 10:31:36.507] SS=9BdB 
[2024-03-21 10:31:36.543] 
[2024-03-21 10:31:41.404] Code=576B CRC=FC
[2024-03-21 10:31:41.471] PRI=05.091 sec
[2024-03-21 10:31:41.529] Freq=416.667 kHz
[2024-03-21 10:31:41.599] SS=9BdB 
[2024-03-21 10:31:41.632] 
[2024-03-21 10:31:46.494] Code=576B CRC=FC
[2024-03-21 10:31:46.564] PRI=05.093 sec
[2024-03-21 10:31:46.624] Freq=416.667 kHz
[2024-03-21 10:31:46.692] SS=9CdB 
[2024-03-21 10:31:46.726] 
[2024-03-21 10:31:51.580] Code=576B CRC=FC
[2024-03-21 10:31:51.658] PRI=05.093 sec
[2024-03-21 10:31:51.717] Freq=416.667 kHz
[2024-03-21 10:31:51.785] SS=9BdB 
[2024-03-21 10:31:51.818] 
[2024-03-21 10:31:56.687] Code=576B CRC=FC
[2024-03-21 10:31:56.751] PRI=05.094 sec
[2024-03-21 10:31:56.808] Freq=416.667 kHz
[2024-03-21 10:31:56.879] SS=9CdB 
[2024-03-21 10:31:56.913] 
[2024-03-21 10:32:01.778] Code=576B CRC=FC
[2024-03-21 10:32:01.841] PRI=05.091 sec
[2024-03-21 10:32:01.902] Freq=416.611 kHz
[2024-03-21 10:32:01.967] SS=9CdB 
[2024-03-21 10:32:02.003] 
[2024-03-21 10:32:06.862] Code=576B CRC=FC
[2024-03-21 10:32:06.936] PRI=05.094 sec
[2024-03-21 10:32:06.995] Freq=416.667 kHz
[2024-03-21 10:32:07.063] SS=9CdB 
[2024-03-21 10:32:07.097] 
[2024-03-21 10:32:11.968] Code=576B CRC=FC
[2024-03-21 10:32:12.031] PRI=05.096 sec
[2024-03-21 10:32:12.090] Freq=416.555 kHz
[2024-03-21 10:32:12.159] SS=9BdB 
[2024-03-21 10:32:12.193] 
[2024-03-21 10:32:17.051] Code=576B CRC=FC
[2024-03-21 10:32:17.125] PRI=05.094 sec
[2024-03-21 10:32:17.183] Freq=416.667 kHz
[2024-03-21 10:32:17.254] SS=9DdB 
[2024-03-21 10:32:17.287] 
[2024-03-21 10:32:26.418] Activating
[2024-03-21 10:32:26.460] Sonic Tag
[2024-03-21 10:32:26.501] 
[2024-03-21 10:32:28.488] Waiting for
[2024-03-21 10:32:28.532] Sonic Tag Pulses
[2024-03-21 10:32:28.599] 
[2024-03-21 10:32:36.654] Code=ADFA CRC=CD
[2024-03-21 10:32:36.731] PRI=??.??? sec
[2024-03-21 10:32:36.792] Freq=416.667 kHz
[2024-03-21 10:32:36.859] SS=9AdB 
[2024-03-21 10:32:36.894] 
[2024-03-21 10:32:41.719] Code=ADFA CRC=CD
[2024-03-21 10:32:41.791] PRI=05.059 sec
[2024-03-21 10:32:41.851] Freq=416.667 kHz
[2024-03-21 10:32:41.919] SS=9DdB 
[2024-03-21 10:32:41.951] 
[2024-03-21 10:32:42.490] Tag Version=003 
[2024-03-21 10:32:42.556] Freq=416.779 kHz
[2024-03-21 10:32:42.624] SS=9BdB 
[2024-03-21 10:32:42.657] 
[2024-03-21 10:32:47.872] Code=ADFA CRC=CD
[2024-03-21 10:32:47.937] PRI=??.??? sec
[2024-03-21 10:32:47.996] Freq=416.667 kHz
[2024-03-21 10:32:48.064] SS=9CdB 
[2024-03-21 10:32:48.097] 
[2024-03-21 10:32:52.932] Code=ADFA CRC=CD
[2024-03-21 10:32:52.997] PRI=05.060 sec
[2024-03-21 10:32:53.056] Freq=416.779 kHz
[2024-03-21 10:32:53.125] SS=9BdB 
[2024-03-21 10:32:53.158] 
[2024-03-21 10:32:57.995] Code=ADFA CRC=CD
[2024-03-21 10:32:58.058] PRI=05.062 sec
[2024-03-21 10:32:58.118] Freq=416.779 kHz
[2024-03-21 10:32:58.187] SS=9BdB 
[2024-03-21 10:32:58.220] 
[2024-03-21 10:33:03.054] Code=ADFA CRC=CD
[2024-03-21 10:33:03.118] PRI=05.059 sec
[2024-03-21 10:33:03.178] Freq=416.667 kHz
[2024-03-21 10:33:03.245] SS=9BdB 
[2024-03-21 10:33:03.279] 
[2024-03-21 10:33:05.222] Code=0000 CRC=A0
[2024-03-21 10:33:05.285] PRI=??.??? sec
[2024-03-21 10:33:05.345] Freq=416.667 kHz
[2024-03-21 10:33:05.413] SS=94dB 
[2024-03-21 10:33:05.446] 
[2024-03-21 10:33:07.379] Code=0000 CRC=A0
[2024-03-21 10:33:07.454] PRI=02.168 sec
[2024-03-21 10:33:07.514] Freq=416.779 kHz
[2024-03-21 10:33:07.582] SS=97dB 
[2024-03-21 10:33:07.614] 
[2024-03-21 10:33:12.485] Code=ADFA CRC=CD
[2024-03-21 10:33:12.549] PRI=??.??? sec
[2024-03-21 10:33:12.610] Freq=416.667 kHz
[2024-03-21 10:33:12.677] SS=9BdB 
[2024-03-21 10:33:12.711] 
[2024-03-21 10:33:17.537] Code=ADFA CRC=CD
[2024-03-21 10:33:17.612] PRI=05.061 sec
[2024-03-21 10:33:17.668] Freq=416.667 kHz
[2024-03-21 10:33:17.735] SS=9BdB 
[2024-03-21 10:33:17.772] 
[2024-03-21 10:33:22.608] Code=ADFA CRC=CD
[2024-03-21 10:33:22.671] PRI=05.061 sec
[2024-03-21 10:33:22.731] Freq=416.667 kHz
[2024-03-21 10:33:22.800] SS=9BdB 
[2024-03-21 10:33:22.832] 
[2024-03-21 10:33:27.670] Code=ADFA CRC=CD
[2024-03-21 10:33:27.736] PRI=05.062 sec
[2024-03-21 10:33:27.794] Freq=416.667 kHz
[2024-03-21 10:33:27.862] SS=9AdB 
[2024-03-21 10:33:27.896] 
[2024-03-21 10:34:23.991] Activating
[2024-03-21 10:34:24.034] Sonic Tag
[2024-03-21 10:34:24.072] 
[2024-03-21 10:34:26.060] Waiting for
[2024-03-21 10:34:26.105] Sonic Tag Pulses
[2024-03-21 10:34:26.170] 
[2024-03-21 10:34:31.531] Code=AE9D CRC=7E
[2024-03-21 10:34:31.594] PRI=??.??? sec
[2024-03-21 10:34:31.654] Freq=416.611 kHz
[2024-03-21 10:34:31.722] SS=80dB 
[2024-03-21 10:34:31.755] 
[2024-03-21 10:34:32.315] Tag Version=003 
[2024-03-21 10:34:32.377] Freq=416.611 kHz
[2024-03-21 10:34:32.449] SS=7EdB 
[2024-03-21 10:34:32.482] 
[2024-03-21 10:34:37.720] Code=AE9D CRC=7E
[2024-03-21 10:34:37.784] PRI=??.??? sec
[2024-03-21 10:34:37.844] Freq=416.555 kHz
[2024-03-21 10:34:37.912] SS=80dB 
[2024-03-21 10:34:37.946] 
[2024-03-21 10:34:42.806] Code=AE9D CRC=7E
[2024-03-21 10:34:42.869] PRI=05.085 sec
[2024-03-21 10:34:42.929] Freq=416.555 kHz
[2024-03-21 10:34:42.997] SS=84dB 
[2024-03-21 10:34:43.031] 
[2024-03-21 10:34:47.891] Code=AE9D CRC=7E
[2024-03-21 10:34:47.955] PRI=05.085 sec
[2024-03-21 10:34:48.015] Freq=416.611 kHz
[2024-03-21 10:34:48.082] SS=85dB 
[2024-03-21 10:34:48.118] 
[2024-03-21 10:34:52.979] Code=AE9D CRC=7E
[2024-03-21 10:34:53.042] PRI=05.088 sec
[2024-03-21 10:34:53.103] Freq=416.611 kHz
[2024-03-21 10:34:53.170] SS=87dB 
[2024-03-21 10:34:53.204] 
[2024-03-21 10:34:55.189] Code=0000 CRC=A0
[2024-03-21 10:34:55.252] PRI=??.??? sec
[2024-03-21 10:34:55.313] Freq=416.555 kHz
[2024-03-21 10:34:55.380] SS=8BdB 
[2024-03-21 10:34:55.417] 
[2024-03-21 10:34:57.388] Code=0000 CRC=A0
[2024-03-21 10:34:57.463] PRI=02.210 sec
[2024-03-21 10:34:57.519] Freq=416.667 kHz
[2024-03-21 10:34:57.587] SS=82dB 
[2024-03-21 10:34:57.624] 
[2024-03-21 10:35:02.521] Code=AE9D CRC=7E
[2024-03-21 10:35:02.584] PRI=??.??? sec
[2024-03-21 10:35:02.644] Freq=416.555 kHz
[2024-03-21 10:35:02.712] SS=85dB 
[2024-03-21 10:35:02.747] 
[2024-03-21 10:35:07.603] Code=AE9D CRC=7E
[2024-03-21 10:35:07.667] PRI=05.016 sec
[2024-03-21 10:35:07.726] Freq=416.555 kHz
[2024-03-21 10:35:07.794] SS=85dB 
[2024-03-21 10:35:07.829] 
[2024-03-21 10:35:12.676] Code=AE9D CRC=7E
[2024-03-21 10:35:12.751] PRI=05.084 sec
[2024-03-21 10:35:12.812] Freq=416.611 kHz
[2024-03-21 10:35:12.879] SS=87dB 
[2024-03-21 10:35:12.913] 
[2024-03-21 10:35:34.724] Activating
[2024-03-21 10:35:34.768] Sonic Tag
[2024-03-21 10:35:34.806] 
[2024-03-21 10:35:36.790] Waiting for
[2024-03-21 10:35:36.834] Sonic Tag Pulses
[2024-03-21 10:35:36.901] 
[2024-03-21 10:35:44.609] Code=5710 CRC=24
[2024-03-21 10:35:44.673] PRI=??.??? sec
[2024-03-21 10:35:44.733] Freq=416.667 kHz
[2024-03-21 10:35:44.800] SS=81dB 
[2024-03-21 10:35:44.833] 
[2024-03-21 10:35:49.643] Code=5710 CRC=24
[2024-03-21 10:35:49.709] PRI=05.036 sec
[2024-03-21 10:35:49.766] Freq=416.667 kHz
[2024-03-21 10:35:49.836] SS=90dB 
[2024-03-21 10:35:49.868] 
[2024-03-21 10:35:50.363] Tag Version=003 
[2024-03-21 10:35:50.424] Freq=416.667 kHz
[2024-03-21 10:35:50.492] SS=8FdB 
[2024-03-21 10:35:50.530] 
[2024-03-21 10:35:55.703] Code=5710 CRC=24
[2024-03-21 10:35:55.783] PRI=??.??? sec
[2024-03-21 10:35:55.838] Freq=416.667 kHz
[2024-03-21 10:35:55.906] SS=93dB 
[2024-03-21 10:35:55.943] 
[2024-03-21 10:36:00.756] Code=5710 CRC=24
[2024-03-21 10:36:00.819] PRI=05.037 sec
[2024-03-21 10:36:00.879] Freq=416.667 kHz
[2024-03-21 10:36:00.945] SS=94dB 
[2024-03-21 10:36:00.980] 
[2024-03-21 10:36:05.794] Code=5710 CRC=24
[2024-03-21 10:36:05.858] PRI=05.040 sec
[2024-03-21 10:36:05.919] Freq=416.667 kHz
[2024-03-21 10:36:05.987] SS=95dB 
[2024-03-21 10:36:06.021] 
[2024-03-21 10:36:10.832] Code=5710 CRC=24
[2024-03-21 10:36:10.896] PRI=05.037 sec
[2024-03-21 10:36:10.955] Freq=416.667 kHz
[2024-03-21 10:36:11.023] SS=94dB 
[2024-03-21 10:36:11.058] 
[2024-03-21 10:36:12.905] Code=0000 CRC=A0
[2024-03-21 10:36:12.969] PRI=??.??? sec
[2024-03-21 10:36:13.029] Freq=416.667 kHz
[2024-03-21 10:36:13.096] SS=95dB 
[2024-03-21 10:36:13.130] 
[2024-03-21 10:36:14.976] Code=0000 CRC=A0
[2024-03-21 10:36:15.040] PRI=02.071 sec
[2024-03-21 10:36:15.100] Freq=416.667 kHz
[2024-03-21 10:36:15.167] SS=94dB 
[2024-03-21 10:36:15.202] 
[2024-03-21 10:36:20.110] Code=5710 CRC=24
[2024-03-21 10:36:20.174] PRI=??.??? sec
[2024-03-21 10:36:20.234] Freq=416.667 kHz
[2024-03-21 10:36:20.302] SS=97dB 
[2024-03-21 10:36:20.335] 
[2024-03-21 10:36:25.208] Code=5710 CRC=24
[2024-03-21 10:36:25.271] PRI=05.097 sec
[2024-03-21 10:36:25.332] Freq=416.611 kHz
[2024-03-21 10:36:25.399] SS=96dB 
[2024-03-21 10:36:25.435] 
[2024-03-21 10:36:30.302] Code=5710 CRC=24
[2024-03-21 10:36:30.366] PRI=05.095 sec
[2024-03-21 10:36:30.426] Freq=416.667 kHz
[2024-03-21 10:36:30.494] SS=97dB 
[2024-03-21 10:36:30.526] 
[2024-03-21 10:36:35.403] Code=5710 CRC=24
[2024-03-21 10:36:35.462] PRI=05.097 sec
[2024-03-21 10:36:35.521] Freq=416.611 kHz
[2024-03-21 10:36:35.591] SS=98dB 
[2024-03-21 10:36:35.625] 
[2024-03-21 10:36:40.495] Code=5710 CRC=24
[2024-03-21 10:36:40.559] PRI=05.096 sec
[2024-03-21 10:36:40.619] Freq=416.667 kHz
[2024-03-21 10:36:40.687] SS=95dB 
[2024-03-21 10:36:40.721] 
[2024-03-21 10:36:45.592] Code=5710 CRC=24
[2024-03-21 10:36:45.656] PRI=05.097 sec
[2024-03-21 10:36:45.716] Freq=416.611 kHz
[2024-03-21 10:36:45.784] SS=96dB 
[2024-03-21 10:36:45.819] 
[2024-03-21 10:36:50.685] Code=5710 CRC=24
[2024-03-21 10:36:50.749] PRI=05.093 sec
[2024-03-21 10:36:50.809] Freq=416.667 kHz
[2024-03-21 10:36:50.875] SS=96dB 
[2024-03-21 10:36:50.910] 
[2024-03-21 10:36:55.781] Code=5710 CRC=24
[2024-03-21 10:36:55.845] PRI=05.096 sec
[2024-03-21 10:36:55.905] Freq=416.667 kHz
[2024-03-21 10:36:55.973] SS=97dB 
[2024-03-21 10:36:56.006] 
[2024-03-21 10:37:00.881] Code=5710 CRC=24
[2024-03-21 10:37:00.945] PRI=05.099 sec
[2024-03-21 10:37:01.005] Freq=416.611 kHz
[2024-03-21 10:37:01.072] SS=97dB 
[2024-03-21 10:37:01.106] 
[2024-03-21 10:37:05.975] Code=5710 CRC=24
[2024-03-21 10:37:06.039] PRI=05.094 sec
[2024-03-21 10:37:06.098] Freq=416.667 kHz
[2024-03-21 10:37:06.165] SS=98dB 
[2024-03-21 10:37:06.199] 
[2024-03-21 10:37:17.837] Activating
[2024-03-21 10:37:17.891] Sonic Tag
[2024-03-21 10:37:17.930] 
[2024-03-21 10:37:19.919] Waiting for
[2024-03-21 10:37:19.964] Sonic Tag Pulses
[2024-03-21 10:37:20.031] 
[2024-03-21 10:37:28.320] Code=AE2F CRC=F0
[2024-03-21 10:37:28.384] PRI=??.??? sec
[2024-03-21 10:37:28.444] Freq=416.667 kHz
[2024-03-21 10:37:28.511] SS=92dB 
[2024-03-21 10:37:28.545] 
[2024-03-21 10:37:33.375] Code=AE2F CRC=F0
[2024-03-21 10:37:33.439] PRI=05.055 sec
[2024-03-21 10:37:33.499] Freq=416.667 kHz
[2024-03-21 10:37:33.566] SS=94dB 
[2024-03-21 10:37:33.599] 
[2024-03-21 10:37:34.167] Tag Version=003 
[2024-03-21 10:37:34.229] Freq=416.667 kHz
[2024-03-21 10:37:34.297] SS=96dB 
[2024-03-21 10:37:34.335] 
[2024-03-21 10:37:39.540] Code=AE2F CRC=F0
[2024-03-21 10:37:39.604] PRI=??.??? sec
[2024-03-21 10:37:39.664] Freq=416.667 kHz
[2024-03-21 10:37:39.732] SS=94dB 
[2024-03-21 10:37:39.765] 
[2024-03-21 10:37:44.588] Code=AE2F CRC=F0
[2024-03-21 10:37:44.658] PRI=05.054 sec
[2024-03-21 10:37:44.718] Freq=416.667 kHz
[2024-03-21 10:37:44.785] SS=93dB 
[2024-03-21 10:37:44.820] 
[2024-03-21 10:37:49.647] Code=AE2F CRC=F0
[2024-03-21 10:37:49.712] PRI=05.052 sec
[2024-03-21 10:37:49.769] Freq=416.667 kHz
[2024-03-21 10:37:49.835] SS=92dB 
[2024-03-21 10:37:49.871] 
[2024-03-21 10:37:54.697] Code=AE2F CRC=F0
[2024-03-21 10:37:54.762] PRI=05.051 sec
[2024-03-21 10:37:54.821] Freq=416.555 kHz
[2024-03-21 10:37:54.889] SS=90dB 
[2024-03-21 10:37:54.923] 
[2024-03-21 10:37:56.917] Code=0000 CRC=A0
[2024-03-21 10:37:56.987] PRI=??.??? sec
[2024-03-21 10:37:57.046] Freq=416.555 kHz
[2024-03-21 10:37:57.114] SS=92dB 
[2024-03-21 10:37:57.149] 
[2024-03-21 10:37:59.147] Code=0000 CRC=A0
[2024-03-21 10:37:59.211] PRI=02.225 sec
[2024-03-21 10:37:59.271] Freq=416.667 kHz
[2024-03-21 10:37:59.339] SS=8BdB 
[2024-03-21 10:37:59.374] 
[2024-03-21 10:38:04.234] Code=AE2F CRC=F0
[2024-03-21 10:38:04.298] PRI=??.??? sec
[2024-03-21 10:38:04.358] Freq=416.611 kHz
[2024-03-21 10:38:04.426] SS=91dB 
[2024-03-21 10:38:04.459] 
[2024-03-21 10:38:09.289] Code=AE2F CRC=F0
[2024-03-21 10:38:09.354] PRI=05.053 sec
[2024-03-21 10:38:09.411] Freq=416.667 kHz
[2024-03-21 10:38:09.480] SS=8EdB 
[2024-03-21 10:38:09.513] 
[2024-03-21 10:38:14.339] Code=AE2F CRC=F0
[2024-03-21 10:38:14.413] PRI=05.060 sec
[2024-03-21 10:38:14.468] Freq=416.667 kHz
[2024-03-21 10:38:14.539] SS=8FdB 
[2024-03-21 10:38:14.575] 
[2024-03-21 10:38:54.786] Code=AE2F CRC=F0
[2024-03-21 10:38:54.848] PRI=40.436 sec
[2024-03-21 10:38:54.905] Freq=416.667 kHz
[2024-03-21 10:38:54.973] SS=8BdB 
[2024-03-21 10:38:55.009] 
[2024-03-21 10:38:59.847] Code=AE2F CRC=F0
[2024-03-21 10:38:59.907] PRI=05.058 sec
[2024-03-21 10:38:59.965] Freq=416.667 kHz
[2024-03-21 10:39:00.029] SS=8CdB 
[2024-03-21 10:39:00.066] 
[2024-03-21 10:39:14.990] Code=AE2F CRC=F0
[2024-03-21 10:39:15.067] PRI=15.160 sec
[2024-03-21 10:39:15.123] Freq=416.499 kHz
[2024-03-21 10:39:15.194] SS=8FdB 
[2024-03-21 10:39:15.228] 
[2024-03-21 10:39:20.066] Code=AE2F CRC=F0
[2024-03-21 10:39:20.130] PRI=05.064 sec
[2024-03-21 10:39:20.189] Freq=416.555 kHz
[2024-03-21 10:39:20.257] SS=90dB 
[2024-03-21 10:39:20.292] 
[2024-03-21 10:39:25.120] Code=AE2F CRC=F0
[2024-03-21 10:39:25.184] PRI=05.054 sec
[2024-03-21 10:39:25.244] Freq=416.499 kHz
[2024-03-21 10:39:25.312] SS=8FdB 
[2024-03-21 10:39:25.347] 
[2024-03-21 10:39:30.166] Code=AE2F CRC=F0
[2024-03-21 10:39:30.235] PRI=05.051 sec
[2024-03-21 10:39:30.295] Freq=416.779 kHz
[2024-03-21 10:39:30.363] SS=92dB 
[2024-03-21 10:39:30.399] 
[2024-03-21 10:41:07.497] Activating
[2024-03-21 10:41:07.539] Sonic Tag
[2024-03-21 10:41:07.577] 
[2024-03-21 10:41:09.551] Waiting for
[2024-03-21 10:41:09.595] Sonic Tag Pulses
[2024-03-21 10:41:09.661] 
[2024-03-21 10:41:17.325] Code=AE46 CRC=09
[2024-03-21 10:41:17.389] PRI=??.??? sec
[2024-03-21 10:41:17.449] Freq=416.667 kHz
[2024-03-21 10:41:17.517] SS=92dB 
[2024-03-21 10:41:17.550] 
[2024-03-21 10:41:22.397] Code=AE46 CRC=09
[2024-03-21 10:41:22.460] PRI=05.069 sec
[2024-03-21 10:41:22.518] Freq=416.667 kHz
[2024-03-21 10:41:22.585] SS=94dB 
[2024-03-21 10:41:22.620] 
[2024-03-21 10:41:23.105] Tag Version=003 
[2024-03-21 10:41:23.172] Freq=416.667 kHz
[2024-03-21 10:41:23.239] SS=94dB 
[2024-03-21 10:41:23.272] 
[2024-03-21 10:41:28.495] Code=AE46 CRC=09
[2024-03-21 10:41:28.558] PRI=??.??? sec
[2024-03-21 10:41:28.619] Freq=416.667 kHz
[2024-03-21 10:41:28.683] SS=97dB 
[2024-03-21 10:41:28.721] 
[2024-03-21 10:41:33.564] Code=AE46 CRC=09
[2024-03-21 10:41:33.628] PRI=05.068 sec
[2024-03-21 10:41:33.687] Freq=416.667 kHz
[2024-03-21 10:41:33.755] SS=98dB 
[2024-03-21 10:41:33.790] 
[2024-03-21 10:41:38.635] Code=AE46 CRC=09
[2024-03-21 10:41:38.699] PRI=05.071 sec
[2024-03-21 10:41:38.758] Freq=416.667 kHz
[2024-03-21 10:41:38.826] SS=98dB 
[2024-03-21 10:41:38.861] 
[2024-03-21 10:41:43.707] Code=AE46 CRC=09
[2024-03-21 10:41:43.770] PRI=05.071 sec
[2024-03-21 10:41:43.830] Freq=416.667 kHz
[2024-03-21 10:41:43.897] SS=97dB 
[2024-03-21 10:41:43.930] 
[2024-03-21 10:41:45.769] Code=0000 CRC=A0
[2024-03-21 10:41:45.834] PRI=??.??? sec
[2024-03-21 10:41:45.892] Freq=416.667 kHz
[2024-03-21 10:41:45.960] SS=98dB 
[2024-03-21 10:41:45.993] 
[2024-03-21 10:41:47.834] Code=0000 CRC=A0
[2024-03-21 10:41:47.894] PRI=02.062 sec
[2024-03-21 10:41:47.951] Freq=416.667 kHz
[2024-03-21 10:41:48.022] SS=93dB 
[2024-03-21 10:41:48.056] 
[2024-03-21 10:41:52.936] Code=AE46 CRC=09
[2024-03-21 10:41:52.999] PRI=??.??? sec
[2024-03-21 10:41:53.060] Freq=416.667 kHz
[2024-03-21 10:41:53.127] SS=96dB 
[2024-03-21 10:41:53.160] 
[2024-03-21 10:41:58.009] Code=AE46 CRC=09
[2024-03-21 10:41:58.072] PRI=05.072 sec
[2024-03-21 10:41:58.132] Freq=416.667 kHz
[2024-03-21 10:41:58.200] SS=97dB 
[2024-03-21 10:41:58.234] 
[2024-03-21 10:42:03.079] Code=AE46 CRC=09
[2024-03-21 10:42:03.142] PRI=05.070 sec
[2024-03-21 10:42:03.200] Freq=416.723 kHz
[2024-03-21 10:42:03.267] SS=98dB 
[2024-03-21 10:42:03.304] 
[2024-03-21 10:42:08.151] Code=AE46 CRC=09
[2024-03-21 10:42:08.213] PRI=05.071 sec
[2024-03-21 10:42:08.273] Freq=416.667 kHz
[2024-03-21 10:42:08.341] SS=98dB 
[2024-03-21 10:42:08.374] 
[2024-03-21 10:42:13.220] Code=AE46 CRC=09
[2024-03-21 10:42:13.283] PRI=05.070 sec
[2024-03-21 10:42:13.343] Freq=416.667 kHz
[2024-03-21 10:42:13.411] SS=99dB 
[2024-03-21 10:42:13.444] 
[2024-03-21 10:42:18.290] Code=AE46 CRC=09
[2024-03-21 10:42:18.354] PRI=05.071 sec
[2024-03-21 10:42:18.411] Freq=416.667 kHz
[2024-03-21 10:42:18.478] SS=99dB 
[2024-03-21 10:42:18.516] 
[2024-03-21 10:42:23.351] Code=AE46 CRC=09
[2024-03-21 10:42:23.425] PRI=05.071 sec
[2024-03-21 10:42:23.485] Freq=416.667 kHz
[2024-03-21 10:42:23.552] SS=99dB 
[2024-03-21 10:42:23.588] 
[2024-03-21 10:42:28.432] Code=AE46 CRC=09
[2024-03-21 10:42:28.496] PRI=05.071 sec
[2024-03-21 10:42:28.556] Freq=416.667 kHz
[2024-03-21 10:42:28.622] SS=99dB 
[2024-03-21 10:42:28.657] 
[2024-03-21 10:42:33.501] Code=AE46 CRC=09
[2024-03-21 10:42:33.565] PRI=05.069 sec
[2024-03-21 10:42:33.625] Freq=416.667 kHz
[2024-03-21 10:42:33.693] SS=99dB 
[2024-03-21 10:42:33.728] 
[2024-03-21 10:42:38.569] Code=AE46 CRC=09
[2024-03-21 10:42:38.633] PRI=05.068 sec
[2024-03-21 10:42:38.693] Freq=416.667 kHz
[2024-03-21 10:42:38.760] SS=99dB 
[2024-03-21 10:42:38.794] 
[2024-03-21 10:42:43.638] Code=AE46 CRC=09
[2024-03-21 10:42:43.702] PRI=05.068 sec
[2024-03-21 10:42:43.761] Freq=416.667 kHz
[2024-03-21 10:42:43.829] SS=99dB 
[2024-03-21 10:42:43.862] 
[2024-03-21 10:42:48.705] Code=AE46 CRC=09
[2024-03-21 10:42:48.768] PRI=05.068 sec
[2024-03-21 10:42:48.828] Freq=416.667 kHz
[2024-03-21 10:42:48.893] SS=99dB 
[2024-03-21 10:42:48.930] 
[2024-03-21 10:42:53.773] Code=AE46 CRC=09
[2024-03-21 10:42:53.837] PRI=05.069 sec
[2024-03-21 10:42:53.897] Freq=416.667 kHz
[2024-03-21 10:42:53.965] SS=98dB 
[2024-03-21 10:42:54.000] 
[2024-03-21 10:42:58.844] Code=AE46 CRC=09
[2024-03-21 10:42:58.907] PRI=05.070 sec
[2024-03-21 10:42:58.967] Freq=416.667 kHz
[2024-03-21 10:42:59.035] SS=98dB 
[2024-03-21 10:42:59.070] 
[2024-03-21 10:43:03.913] Code=AE46 CRC=09
[2024-03-21 10:43:03.977] PRI=05.069 sec
[2024-03-21 10:43:04.037] Freq=416.667 kHz
[2024-03-21 10:43:04.104] SS=99dB 
[2024-03-21 10:43:04.138] 
[2024-03-21 10:43:08.982] Code=AE46 CRC=09
[2024-03-21 10:43:09.045] PRI=05.069 sec
[2024-03-21 10:43:09.106] Freq=416.667 kHz
[2024-03-21 10:43:09.173] SS=99dB 
[2024-03-21 10:43:09.207] 
[2024-03-21 10:43:14.051] Code=AE46 CRC=09
[2024-03-21 10:43:14.115] PRI=05.070 sec
[2024-03-21 10:43:14.176] Freq=416.667 kHz
[2024-03-21 10:43:14.243] SS=99dB 
[2024-03-21 10:43:14.276] 
[2024-03-21 10:43:19.121] Code=AE46 CRC=09
[2024-03-21 10:43:19.185] PRI=05.070 sec
[2024-03-21 10:43:19.245] Freq=416.667 kHz
[2024-03-21 10:43:19.313] SS=98dB 
[2024-03-21 10:43:19.346] 
[2024-03-21 10:43:24.187] Code=AE46 CRC=09
[2024-03-21 10:43:24.253] PRI=05.068 sec
[2024-03-21 10:43:24.309] Freq=416.667 kHz
[2024-03-21 10:43:24.378] SS=99dB 
[2024-03-21 10:43:24.416] 
[2024-03-21 10:43:29.259] Code=AE46 CRC=09
[2024-03-21 10:43:29.323] PRI=05.070 sec
[2024-03-21 10:43:29.383] Freq=416.667 kHz
[2024-03-21 10:43:29.451] SS=99dB 
[2024-03-21 10:43:29.484] 
