
[2024-03-20 07:20:37.522] 
[2024-03-20 07:20:37.533] 
[2024-03-20 07:20:37.535] 
[2024-03-20 07:20:37.536] 
[2024-03-20 07:20:37.537] Pinger Dish III
[2024-03-20 07:20:37.597] (ATS SWV=6.50)
[2024-03-20 07:20:37.658] 
[2024-03-20 07:20:38.632] RS232 Detected:
[2024-03-20 07:20:38.702] Use 19.2kb N-8-1
[2024-03-20 07:20:38.769] 
[2024-03-20 07:20:40.011] 
[2024-03-20 07:20:40.015] 
[2024-03-20 07:20:40.015] 
[2024-03-20 07:20:40.018] 
[2024-03-20 07:20:40.018] Pinger Dish III
[2024-03-20 07:20:40.079] (ATS SWV=6.50)
[2024-03-20 07:20:40.141] 
[2024-03-20 07:20:41.123] RS232 Detected:
[2024-03-20 07:20:41.187] Use 19.2kb N-8-1
[2024-03-20 07:20:41.248] 
[2024-03-20 07:20:42.233] Waiting for
[2024-03-20 07:20:42.284] Sonic Tag Pulses
[2024-03-20 07:20:45.050] (DSP SWV=3.00)
[2024-03-20 07:20:45.108] 
[2024-03-20 07:38:35.780] þ
[2024-03-20 07:38:35.785] 
[2024-03-20 07:38:35.785] 
[2024-03-20 07:38:35.785] 
[2024-03-20 07:38:35.785] Pinger Dish III
[2024-03-20 07:38:35.842] (ATS SWV=6.50)
[2024-03-20 07:38:35.903] 
[2024-03-20 07:38:36.885] RS232 Detected:
[2024-03-20 07:38:36.947] Use 19.2kb N-8-1
[2024-03-20 07:38:37.014] 
[2024-03-20 07:38:38.162] Waiting for
[2024-03-20 07:38:38.207] Sonic Tag Pulses
[2024-03-20 07:38:40.815] (DSP SWV=3.00)
[2024-03-20 07:38:40.873] 
[2024-03-20 07:38:50.435] Activating
[2024-03-20 07:38:50.479] Sonic Tag
[2024-03-20 07:38:50.517] 
[2024-03-20 07:38:52.489] Waiting for
[2024-03-20 07:38:52.533] Sonic Tag Pulses
[2024-03-20 07:38:52.600] 
[2024-03-20 07:39:05.402] Code=569E CRC=73
[2024-03-20 07:39:05.466] PRI=??.??? sec
[2024-03-20 07:39:05.526] Freq=416.667 kHz
[2024-03-20 07:39:05.595] 
[2024-03-20 07:39:05.596] 
[2024-03-20 07:39:06.102] Tag Version=003 
[2024-03-20 07:39:06.172] Freq=416.667 kHz
[2024-03-20 07:39:06.244] 
[2024-03-20 07:39:06.245] 
[2024-03-20 07:39:11.600] Code=569E CRC=73
[2024-03-20 07:39:11.666] PRI=??.??? sec
[2024-03-20 07:39:11.726] Freq=416.555 kHz
[2024-03-20 07:39:11.794] 
[2024-03-20 07:39:11.795] 
[2024-03-20 07:39:16.772] Code=569E CRC=73
[2024-03-20 07:39:16.837] PRI=05.172 sec
[2024-03-20 07:39:16.898] Freq=416.667 kHz
[2024-03-20 07:39:16.966] 
[2024-03-20 07:39:16.967] 
[2024-03-20 07:39:21.943] Code=569E CRC=73
[2024-03-20 07:39:22.007] PRI=05.170 sec
[2024-03-20 07:39:22.067] Freq=416.667 kHz
[2024-03-20 07:39:22.136] 
[2024-03-20 07:39:22.137] 
[2024-03-20 07:39:27.115] Code=569E CRC=73
[2024-03-20 07:39:27.177] PRI=05.171 sec
[2024-03-20 07:39:27.239] Freq=416.611 kHz
[2024-03-20 07:39:27.307] 
[2024-03-20 07:39:27.308] 
[2024-03-20 07:39:29.164] Code=0000 CRC=A0
[2024-03-20 07:39:29.228] PRI=??.??? sec
[2024-03-20 07:39:29.288] Freq=416.667 kHz
[2024-03-20 07:39:29.357] 
[2024-03-20 07:39:29.359] 
[2024-03-20 07:39:31.215] Code=0000 CRC=A0
[2024-03-20 07:39:31.278] PRI=02.050 sec
[2024-03-20 07:39:31.339] Freq=416.667 kHz
[2024-03-20 07:39:31.408] 
[2024-03-20 07:39:31.410] 
[2024-03-20 07:39:36.287] Code=569E CRC=73
[2024-03-20 07:39:36.350] PRI=??.??? sec
[2024-03-20 07:39:36.411] Freq=416.667 kHz
[2024-03-20 07:39:36.479] 
[2024-03-20 07:39:36.480] 
[2024-03-20 07:39:41.326] Code=569E CRC=73
[2024-03-20 07:39:41.390] PRI=05.039 sec
[2024-03-20 07:39:41.450] Freq=416.667 kHz
[2024-03-20 07:39:41.519] 
[2024-03-20 07:39:41.521] 
[2024-03-20 07:39:46.367] Code=569E CRC=73
[2024-03-20 07:39:46.429] PRI=05.040 sec
[2024-03-20 07:39:46.489] Freq=416.667 kHz
[2024-03-20 07:39:46.559] 
[2024-03-20 07:39:46.561] 
[2024-03-20 07:39:51.400] Code=569E CRC=73
[2024-03-20 07:39:51.471] PRI=05.042 sec
[2024-03-20 07:39:51.532] Freq=416.555 kHz
[2024-03-20 07:39:51.600] 
[2024-03-20 07:39:51.601] 
[2024-03-20 07:39:56.448] Code=569E CRC=73
[2024-03-20 07:39:56.512] PRI=05.041 sec
[2024-03-20 07:39:56.572] Freq=416.667 kHz
[2024-03-20 07:39:56.641] 
[2024-03-20 07:39:56.643] 
[2024-03-20 07:40:01.489] Code=569E CRC=73
[2024-03-20 07:40:01.553] PRI=05.041 sec
[2024-03-20 07:40:01.613] Freq=416.667 kHz
[2024-03-20 07:40:01.683] 
[2024-03-20 07:40:01.685] 
[2024-03-20 07:40:06.525] Code=569E CRC=73
[2024-03-20 07:40:06.600] PRI=05.048 sec
[2024-03-20 07:40:06.661] Freq=416.667 kHz
[2024-03-20 07:40:06.729] 
[2024-03-20 07:40:06.730] 
[2024-03-20 07:40:11.569] Code=569E CRC=73
[2024-03-20 07:40:11.645] PRI=05.045 sec
[2024-03-20 07:40:11.705] Freq=416.667 kHz
[2024-03-20 07:40:11.775] 
[2024-03-20 07:40:11.776] 
[2024-03-20 07:40:16.626] Code=569E CRC=73
[2024-03-20 07:40:16.689] PRI=05.044 sec
[2024-03-20 07:40:16.750] Freq=416.555 kHz
[2024-03-20 07:40:16.819] 
[2024-03-20 07:40:16.820] 
[2024-03-20 07:40:21.670] Code=569E CRC=73
[2024-03-20 07:40:21.733] PRI=05.044 sec
[2024-03-20 07:40:21.794] Freq=416.667 kHz
[2024-03-20 07:40:21.862] 
[2024-03-20 07:40:21.864] 
[2024-03-20 07:40:26.714] Code=569E CRC=73
[2024-03-20 07:40:26.778] PRI=05.045 sec
[2024-03-20 07:40:26.838] Freq=416.667 kHz
[2024-03-20 07:40:26.907] 
[2024-03-20 07:40:26.909] 
[2024-03-20 07:40:31.757] Code=569E CRC=73
[2024-03-20 07:40:31.821] PRI=05.043 sec
[2024-03-20 07:40:31.882] Freq=416.667 kHz
[2024-03-20 07:40:31.950] 
[2024-03-20 07:40:31.952] 
[2024-03-20 07:40:36.793] Code=569E CRC=73
[2024-03-20 07:40:36.862] PRI=05.041 sec
[2024-03-20 07:40:36.922] Freq=416.667 kHz
[2024-03-20 07:40:36.991] 
[2024-03-20 07:40:36.993] 
[2024-03-20 07:40:41.840] Code=569E CRC=73
[2024-03-20 07:40:41.903] PRI=05.042 sec
[2024-03-20 07:40:41.963] Freq=416.611 kHz
[2024-03-20 07:40:42.033] 
[2024-03-20 07:40:42.034] 
[2024-03-20 07:40:46.884] Code=569E CRC=73
[2024-03-20 07:40:46.948] PRI=05.044 sec
[2024-03-20 07:40:47.008] Freq=416.611 kHz
[2024-03-20 07:40:47.076] 
[2024-03-20 07:40:47.078] 
[2024-03-20 07:40:51.924] Code=569E CRC=73
[2024-03-20 07:40:51.989] PRI=05.041 sec
[2024-03-20 07:40:52.049] Freq=416.667 kHz
[2024-03-20 07:40:52.117] 
[2024-03-20 07:40:52.119] 
[2024-03-20 07:40:56.965] Code=569E CRC=73
[2024-03-20 07:40:57.030] PRI=05.042 sec
[2024-03-20 07:40:57.090] Freq=416.667 kHz
[2024-03-20 07:40:57.158] 
[2024-03-20 07:40:57.160] 
[2024-03-20 07:41:01.999] Code=569E CRC=73
[2024-03-20 07:41:02.066] PRI=05.038 sec
[2024-03-20 07:41:02.128] Freq=416.555 kHz
[2024-03-20 07:41:02.197] 
[2024-03-20 07:41:02.199] 
[2024-03-20 07:41:07.041] Code=569E CRC=73
[2024-03-20 07:41:07.105] PRI=05.037 sec
[2024-03-20 07:41:07.165] Freq=416.555 kHz
[2024-03-20 07:41:07.233] 
[2024-03-20 07:41:07.235] 
[2024-03-20 07:41:12.083] Code=569E CRC=73
[2024-03-20 07:41:12.147] PRI=05.043 sec
[2024-03-20 07:41:12.207] Freq=416.611 kHz
[2024-03-20 07:41:12.276] 
[2024-03-20 07:41:12.278] 
[2024-03-20 07:41:17.129] Code=569E CRC=73
[2024-03-20 07:41:17.192] PRI=05.045 sec
[2024-03-20 07:41:17.252] Freq=416.555 kHz
[2024-03-20 07:41:17.321] 
[2024-03-20 07:41:17.323] 
[2024-03-20 07:41:22.168] Code=569E CRC=73
[2024-03-20 07:41:22.237] PRI=05.045 sec
[2024-03-20 07:41:22.298] Freq=416.611 kHz
[2024-03-20 07:41:22.366] 
[2024-03-20 07:41:22.367] 
[2024-03-20 07:41:27.210] Code=569E CRC=73
[2024-03-20 07:41:27.284] PRI=05.046 sec
[2024-03-20 07:41:27.344] Freq=416.611 kHz
[2024-03-20 07:41:27.413] 
[2024-03-20 07:41:27.414] 
[2024-03-20 07:41:32.267] Code=569E CRC=73
[2024-03-20 07:41:32.330] PRI=05.047 sec
[2024-03-20 07:41:32.391] Freq=416.667 kHz
[2024-03-20 07:41:32.460] 
[2024-03-20 07:41:32.462] 
[2024-03-20 07:41:37.313] Code=569E CRC=73
[2024-03-20 07:41:37.377] PRI=05.046 sec
[2024-03-20 07:41:37.437] Freq=416.667 kHz
[2024-03-20 07:41:37.505] 
[2024-03-20 07:41:37.507] 
[2024-03-20 07:41:42.354] Code=569E CRC=73
[2024-03-20 07:41:42.418] PRI=05.041 sec
[2024-03-20 07:41:42.478] Freq=416.667 kHz
[2024-03-20 07:41:42.546] 
[2024-03-20 07:41:42.547] 
[2024-03-20 07:41:47.398] Code=569E CRC=73
[2024-03-20 07:41:47.462] PRI=05.044 sec
[2024-03-20 07:41:47.523] Freq=416.555 kHz
[2024-03-20 07:41:47.591] 
[2024-03-20 07:41:47.595] 
[2024-03-20 07:41:52.444] Code=569E CRC=73
[2024-03-20 07:41:52.507] PRI=05.045 sec
[2024-03-20 07:41:52.567] Freq=416.611 kHz
[2024-03-20 07:41:52.636] 
[2024-03-20 07:41:52.637] 
[2024-03-20 07:41:57.490] Code=569E CRC=73
[2024-03-20 07:41:57.554] PRI=05.047 sec
[2024-03-20 07:41:57.614] Freq=416.499 kHz
[2024-03-20 07:41:57.683] 
[2024-03-20 07:41:57.685] 
[2024-03-20 07:42:02.534] Code=569E CRC=73
[2024-03-20 07:42:02.601] PRI=05.048 sec
[2024-03-20 07:42:02.662] Freq=416.555 kHz
[2024-03-20 07:42:02.731] 
[2024-03-20 07:42:02.734] 
[2024-03-20 07:42:07.585] Code=569E CRC=73
[2024-03-20 07:42:07.650] PRI=05.049 sec
[2024-03-20 07:42:07.711] Freq=416.555 kHz
[2024-03-20 07:42:07.779] 
[2024-03-20 07:42:07.781] 
[2024-03-20 07:42:12.634] Code=569E CRC=73
[2024-03-20 07:42:12.698] PRI=05.048 sec
[2024-03-20 07:42:12.758] Freq=416.667 kHz
[2024-03-20 07:42:12.827] 
[2024-03-20 07:42:12.828] 
[2024-03-20 07:42:17.679] Code=569E CRC=73
[2024-03-20 07:42:17.743] PRI=05.046 sec
[2024-03-20 07:42:17.804] Freq=416.611 kHz
[2024-03-20 07:42:17.873] 
[2024-03-20 07:42:17.875] 
[2024-03-20 07:42:22.722] Code=569E CRC=73
[2024-03-20 07:42:22.787] PRI=05.044 sec
[2024-03-20 07:42:22.848] Freq=416.667 kHz
[2024-03-20 07:42:22.916] 
[2024-03-20 07:42:22.918] 
[2024-03-20 07:42:27.764] Code=569E CRC=73
[2024-03-20 07:42:27.827] PRI=05.040 sec
[2024-03-20 07:42:27.887] Freq=416.667 kHz
[2024-03-20 07:42:27.956] 
[2024-03-20 07:42:27.957] 
[2024-03-20 07:42:32.804] Code=569E CRC=73
[2024-03-20 07:42:32.870] PRI=05.043 sec
[2024-03-20 07:42:32.930] Freq=416.555 kHz
[2024-03-20 07:42:32.999] 
[2024-03-20 07:42:33.001] 
[2024-03-20 07:42:37.850] Code=569E CRC=73
[2024-03-20 07:42:37.913] PRI=05.044 sec
[2024-03-20 07:42:37.974] Freq=416.499 kHz
[2024-03-20 07:42:38.043] 
[2024-03-20 07:42:38.045] 
[2024-03-20 07:42:42.897] Code=569E CRC=73
[2024-03-20 07:42:42.960] PRI=05.047 sec
[2024-03-20 07:42:43.021] Freq=416.667 kHz
[2024-03-20 07:42:43.089] 
[2024-03-20 07:42:43.091] 
[2024-03-20 07:42:47.942] Code=569E CRC=73
[2024-03-20 07:42:48.007] PRI=05.048 sec
[2024-03-20 07:42:48.069] Freq=416.499 kHz
[2024-03-20 07:42:48.138] 
[2024-03-20 07:42:48.140] 
[2024-03-20 07:42:52.991] Code=569E CRC=73
[2024-03-20 07:42:53.053] PRI=05.046 sec
[2024-03-20 07:42:53.114] Freq=416.555 kHz
[2024-03-20 07:42:53.183] 
[2024-03-20 07:42:53.185] 
[2024-03-20 07:42:58.024] Code=569E CRC=73
[2024-03-20 07:42:58.095] PRI=05.042 sec
[2024-03-20 07:42:58.155] Freq=416.667 kHz
[2024-03-20 07:42:58.224] 
[2024-03-20 07:42:58.225] 
[2024-03-20 07:43:03.074] Code=569E CRC=73
[2024-03-20 07:43:03.138] PRI=05.042 sec
[2024-03-20 07:43:03.197] Freq=416.555 kHz
[2024-03-20 07:43:03.267] 
[2024-03-20 07:43:03.269] 
[2024-03-20 07:43:08.116] Code=569E CRC=73
[2024-03-20 07:43:08.179] PRI=05.042 sec
[2024-03-20 07:43:08.239] Freq=416.667 kHz
[2024-03-20 07:43:08.308] 
[2024-03-20 07:43:08.309] 
[2024-03-20 07:43:13.155] Code=569E CRC=73
[2024-03-20 07:43:13.224] PRI=05.045 sec
[2024-03-20 07:43:13.284] Freq=416.611 kHz
[2024-03-20 07:43:13.353] 
[2024-03-20 07:43:13.354] 
[2024-03-20 07:43:18.200] Code=569E CRC=73
[2024-03-20 07:43:18.267] PRI=05.044 sec
[2024-03-20 07:43:18.328] Freq=416.667 kHz
[2024-03-20 07:43:18.398] 
[2024-03-20 07:43:18.401] 
[2024-03-20 07:43:23.238] Code=569E CRC=73
[2024-03-20 07:43:23.310] PRI=05.042 sec
[2024-03-20 07:43:23.370] Freq=416.499 kHz
[2024-03-20 07:43:23.439] 
[2024-03-20 07:43:23.440] 
[2024-03-20 07:43:28.277] Code=569E CRC=73
[2024-03-20 07:43:28.353] PRI=05.043 sec
[2024-03-20 07:43:28.412] Freq=416.555 kHz
[2024-03-20 07:43:28.482] 
[2024-03-20 07:43:28.484] 
[2024-03-20 07:43:33.330] Code=569E CRC=73
[2024-03-20 07:43:33.395] PRI=05.042 sec
[2024-03-20 07:43:33.455] Freq=416.667 kHz
[2024-03-20 07:43:33.524] 
[2024-03-20 07:43:33.525] 
[2024-03-20 07:44:37.401] Activating
[2024-03-20 07:44:37.444] Sonic Tag
[2024-03-20 07:44:37.481] 
[2024-03-20 07:44:39.465] Waiting for
[2024-03-20 07:44:39.514] Sonic Tag Pulses
[2024-03-20 07:44:39.576] 
[2024-03-20 07:44:52.548] Code=58A4 CRC=6F
[2024-03-20 07:44:52.614] PRI=??.??? sec
[2024-03-20 07:44:52.673] Freq=416.667 kHz
[2024-03-20 07:44:52.742] 
[2024-03-20 07:44:52.744] 
[2024-03-20 07:44:53.288] Tag Version=003 
[2024-03-20 07:44:53.351] Freq=416.667 kHz
[2024-03-20 07:44:53.423] 
[2024-03-20 07:44:53.425] 
[2024-03-20 07:44:58.678] Code=58A4 CRC=6F
[2024-03-20 07:44:58.744] PRI=??.??? sec
[2024-03-20 07:44:58.800] Freq=416.667 kHz
[2024-03-20 07:44:58.872] 
[2024-03-20 07:44:58.874] 
[2024-03-20 07:45:03.756] Code=58A4 CRC=6F
[2024-03-20 07:45:03.820] PRI=05.076 sec
[2024-03-20 07:45:03.880] Freq=416.667 kHz
[2024-03-20 07:45:03.948] 
[2024-03-20 07:45:03.949] 
[2024-03-20 07:45:08.832] Code=58A4 CRC=6F
[2024-03-20 07:45:08.896] PRI=05.076 sec
[2024-03-20 07:45:08.956] Freq=416.667 kHz
[2024-03-20 07:45:09.025] 
[2024-03-20 07:45:09.026] 
[2024-03-20 07:45:13.905] Code=58A4 CRC=6F
[2024-03-20 07:45:13.972] PRI=05.075 sec
[2024-03-20 07:45:14.032] Freq=416.667 kHz
[2024-03-20 07:45:14.101] 
[2024-03-20 07:45:14.102] 
[2024-03-20 07:45:16.015] Code=0000 CRC=A0
[2024-03-20 07:45:16.090] PRI=??.??? sec
[2024-03-20 07:45:16.150] Freq=416.555 kHz
[2024-03-20 07:45:16.219] 
[2024-03-20 07:45:16.220] 
[2024-03-20 07:45:18.144] Code=0000 CRC=A0
[2024-03-20 07:45:18.208] PRI=02.118 sec
[2024-03-20 07:45:18.269] Freq=416.667 kHz
[2024-03-20 07:45:18.337] 
[2024-03-20 07:45:18.339] 
[2024-03-20 07:45:23.254] Code=58A4 CRC=6F
[2024-03-20 07:45:23.318] PRI=??.??? sec
[2024-03-20 07:45:23.378] Freq=416.667 kHz
[2024-03-20 07:45:23.447] 
[2024-03-20 07:45:23.451] 
[2024-03-20 07:45:28.329] Code=58A4 CRC=6F
[2024-03-20 07:45:28.393] PRI=05.075 sec
[2024-03-20 07:45:28.451] Freq=416.667 kHz
[2024-03-20 07:45:28.522] 
[2024-03-20 07:45:28.524] 
[2024-03-20 07:45:33.403] Code=58A4 CRC=6F
[2024-03-20 07:45:33.469] PRI=05.076 sec
[2024-03-20 07:45:33.529] Freq=416.667 kHz
[2024-03-20 07:45:33.598] 
[2024-03-20 07:45:33.599] 
[2024-03-20 07:45:38.482] Code=58A4 CRC=6F
[2024-03-20 07:45:38.546] PRI=05.077 sec
[2024-03-20 07:45:38.606] Freq=416.667 kHz
[2024-03-20 07:45:38.675] 
[2024-03-20 07:45:38.678] 
[2024-03-20 07:45:43.560] Code=58A4 CRC=6F
[2024-03-20 07:45:43.624] PRI=05.078 sec
[2024-03-20 07:45:43.684] Freq=416.667 kHz
[2024-03-20 07:45:43.753] 
[2024-03-20 07:45:43.755] 
[2024-03-20 07:45:48.633] Code=58A4 CRC=6F
[2024-03-20 07:45:48.696] PRI=05.073 sec
[2024-03-20 07:45:48.757] Freq=416.667 kHz
[2024-03-20 07:45:48.826] 
[2024-03-20 07:45:48.827] 
[2024-03-20 07:45:53.706] Code=58A4 CRC=6F
[2024-03-20 07:45:53.771] PRI=05.075 sec
[2024-03-20 07:45:53.831] Freq=416.667 kHz
[2024-03-20 07:45:53.900] 
[2024-03-20 07:45:53.902] 
[2024-03-20 07:45:58.778] Code=58A4 CRC=6F
[2024-03-20 07:45:58.845] PRI=05.075 sec
[2024-03-20 07:45:58.906] Freq=416.667 kHz
[2024-03-20 07:45:58.976] 
[2024-03-20 07:45:58.978] 
[2024-03-20 07:46:03.856] Code=58A4 CRC=6F
[2024-03-20 07:46:03.920] PRI=05.074 sec
[2024-03-20 07:46:03.980] Freq=416.667 kHz
[2024-03-20 07:46:04.048] 
[2024-03-20 07:46:04.049] 
[2024-03-20 07:46:08.934] Code=58A4 CRC=6F
[2024-03-20 07:46:08.998] PRI=05.078 sec
[2024-03-20 07:46:09.058] Freq=416.667 kHz
[2024-03-20 07:46:09.127] 
[2024-03-20 07:46:09.129] 
[2024-03-20 07:46:14.009] Code=58A4 CRC=6F
[2024-03-20 07:46:14.081] PRI=05.083 sec
[2024-03-20 07:46:14.141] Freq=416.667 kHz
[2024-03-20 07:46:14.210] 
[2024-03-20 07:46:14.211] 
[2024-03-20 07:46:19.094] Code=58A4 CRC=6F
[2024-03-20 07:46:19.163] PRI=05.082 sec
[2024-03-20 07:46:19.222] Freq=416.667 kHz
[2024-03-20 07:46:19.292] 
[2024-03-20 07:46:19.293] 
[2024-03-20 07:46:24.180] Code=58A4 CRC=6F
[2024-03-20 07:46:24.244] PRI=05.081 sec
[2024-03-20 07:46:24.304] Freq=416.667 kHz
[2024-03-20 07:46:24.373] 
[2024-03-20 07:46:24.377] 
[2024-03-20 07:47:22.778] Activating
[2024-03-20 07:47:22.823] Sonic Tag
[2024-03-20 07:47:22.861] 
[2024-03-20 07:47:24.842] Waiting for
[2024-03-20 07:47:24.891] Sonic Tag Pulses
[2024-03-20 07:47:24.956] 
[2024-03-20 07:47:38.737] Tag Version=003 
[2024-03-20 07:47:38.801] Freq=416.667 kHz
[2024-03-20 07:47:38.872] 
[2024-03-20 07:47:38.874] 
[2024-03-20 07:48:01.281] Code=0000 CRC=A0
[2024-03-20 07:48:01.348] PRI=??.??? sec
[2024-03-20 07:48:01.409] Freq=416.555 kHz
[2024-03-20 07:48:01.478] 
[2024-03-20 07:48:01.480] 
[2024-03-20 07:48:03.437] Code=0000 CRC=A0
[2024-03-20 07:48:03.502] PRI=02.153 sec
[2024-03-20 07:48:03.562] Freq=416.499 kHz
[2024-03-20 07:48:03.632] 
[2024-03-20 07:48:03.635] 
[2024-03-20 07:48:58.692] Activating
[2024-03-20 07:48:58.741] Sonic Tag
[2024-03-20 07:48:58.779] 
[2024-03-20 07:49:00.764] Waiting for
[2024-03-20 07:49:00.811] Sonic Tag Pulses
[2024-03-20 07:49:00.875] 
[2024-03-20 07:49:30.001] Code=AFBA CRC=1A
[2024-03-20 07:49:30.069] PRI=??.??? sec
[2024-03-20 07:49:30.130] Freq=416.779 kHz
[2024-03-20 07:49:30.199] 
[2024-03-20 07:49:30.201] 
[2024-03-20 07:49:35.016] Code=AFBA CRC=1A
[2024-03-20 07:49:35.085] PRI=05.016 sec
[2024-03-20 07:49:35.145] Freq=416.667 kHz
[2024-03-20 07:49:35.214] 
[2024-03-20 07:49:35.215] 
[2024-03-20 07:50:20.007] Code=AFBA CRC=1A
[2024-03-20 07:50:20.083] PRI=44.999 sec
[2024-03-20 07:50:20.143] Freq=416.667 kHz
[2024-03-20 07:50:20.212] 
[2024-03-20 07:50:20.214] 
[2024-03-20 07:50:25.104] Code=AFBA CRC=1A
[2024-03-20 07:50:25.169] PRI=05.086 sec
[2024-03-20 07:50:25.229] Freq=416.667 kHz
[2024-03-20 07:50:25.299] 
[2024-03-20 07:50:25.301] 
[2024-03-20 07:50:30.192] Code=AFBA CRC=1A
[2024-03-20 07:50:30.256] PRI=05.085 sec
[2024-03-20 07:50:30.314] Freq=416.667 kHz
[2024-03-20 07:50:30.383] 
[2024-03-20 07:50:30.385] 
[2024-03-20 07:50:35.265] Code=AFBA CRC=1A
[2024-03-20 07:50:35.336] PRI=05.082 sec
[2024-03-20 07:50:35.396] Freq=416.667 kHz
[2024-03-20 07:50:35.465] 
[2024-03-20 07:50:35.466] 
[2024-03-20 07:50:40.341] Code=AFBA CRC=1A
[2024-03-20 07:50:40.414] PRI=05.078 sec
[2024-03-20 07:50:40.475] Freq=416.667 kHz
[2024-03-20 07:50:40.543] 
[2024-03-20 07:50:40.544] 
[2024-03-20 07:50:45.419] Code=AFBA CRC=1A
[2024-03-20 07:50:45.495] PRI=05.080 sec
[2024-03-20 07:50:45.555] Freq=416.667 kHz
[2024-03-20 07:50:45.623] 
[2024-03-20 07:50:45.625] 
[2024-03-20 07:50:50.500] Code=AFBA CRC=1A
[2024-03-20 07:50:50.574] PRI=05.080 sec
[2024-03-20 07:50:50.635] Freq=416.667 kHz
[2024-03-20 07:50:50.704] 
[2024-03-20 07:50:50.707] 
[2024-03-20 07:50:55.591] Code=AFBA CRC=1A
[2024-03-20 07:50:55.656] PRI=05.082 sec
[2024-03-20 07:50:55.717] Freq=416.667 kHz
[2024-03-20 07:50:55.785] 
[2024-03-20 07:50:55.786] 
[2024-03-20 07:51:00.675] Code=AFBA CRC=1A
[2024-03-20 07:51:00.738] PRI=05.082 sec
[2024-03-20 07:51:00.798] Freq=416.667 kHz
[2024-03-20 07:51:00.867] 
[2024-03-20 07:51:00.869] 
[2024-03-20 07:51:05.758] Code=AFBA CRC=1A
[2024-03-20 07:51:05.821] PRI=05.083 sec
[2024-03-20 07:51:05.881] Freq=416.667 kHz
[2024-03-20 07:51:05.949] 
[2024-03-20 07:51:05.950] 
[2024-03-20 07:51:17.448] Activating
[2024-03-20 07:51:17.490] Sonic Tag
[2024-03-20 07:51:17.531] 
[2024-03-20 07:51:19.512] Waiting for
[2024-03-20 07:51:19.556] Sonic Tag Pulses
[2024-03-20 07:51:19.624] 
[2024-03-20 07:51:27.173] Code=B015 CRC=00
[2024-03-20 07:51:27.237] PRI=??.??? sec
[2024-03-20 07:51:27.297] Freq=416.667 kHz
[2024-03-20 07:51:27.367] 
[2024-03-20 07:51:27.369] 
[2024-03-20 07:51:32.235] Code=B015 CRC=00
[2024-03-20 07:51:32.299] PRI=05.062 sec
[2024-03-20 07:51:32.360] Freq=416.667 kHz
[2024-03-20 07:51:32.429] 
[2024-03-20 07:51:32.431] 
[2024-03-20 07:51:32.931] Tag Version=003 
[2024-03-20 07:51:32.994] Freq=416.667 kHz
[2024-03-20 07:51:33.067] 
[2024-03-20 07:51:33.070] 
[2024-03-20 07:51:38.312] Code=B015 CRC=00
[2024-03-20 07:51:38.376] PRI=??.??? sec
[2024-03-20 07:51:38.436] Freq=416.667 kHz
[2024-03-20 07:51:38.505] 
[2024-03-20 07:51:38.507] 
[2024-03-20 07:51:43.372] Code=B015 CRC=00
[2024-03-20 07:51:43.436] PRI=05.060 sec
[2024-03-20 07:51:43.497] Freq=416.667 kHz
[2024-03-20 07:51:43.565] 
[2024-03-20 07:51:43.566] 
[2024-03-20 07:51:48.433] Code=B015 CRC=00
[2024-03-20 07:51:48.496] PRI=05.060 sec
[2024-03-20 07:51:48.557] Freq=416.667 kHz
[2024-03-20 07:51:48.625] 
[2024-03-20 07:51:48.627] 
[2024-03-20 07:51:53.491] Code=B015 CRC=00
[2024-03-20 07:51:53.555] PRI=05.058 sec
[2024-03-20 07:51:53.615] Freq=416.667 kHz
[2024-03-20 07:51:53.684] 
[2024-03-20 07:51:53.685] 
[2024-03-20 07:51:55.524] Code=0000 CRC=A0
[2024-03-20 07:51:55.589] PRI=??.??? sec
[2024-03-20 07:51:55.649] Freq=416.667 kHz
[2024-03-20 07:51:55.718] 
[2024-03-20 07:51:55.720] 
[2024-03-20 07:51:57.558] Code=0000 CRC=A0
[2024-03-20 07:51:57.621] PRI=02.032 sec
[2024-03-20 07:51:57.681] Freq=416.667 kHz
[2024-03-20 07:51:57.750] 
[2024-03-20 07:51:57.752] 
[2024-03-20 07:52:02.638] Code=B015 CRC=00
[2024-03-20 07:52:02.715] PRI=??.??? sec
[2024-03-20 07:52:02.775] Freq=416.667 kHz
[2024-03-20 07:52:02.844] 
[2024-03-20 07:52:02.846] 
[2024-03-20 07:52:07.714] Code=B015 CRC=00
[2024-03-20 07:52:07.778] PRI=05.063 sec
[2024-03-20 07:52:07.838] Freq=416.667 kHz
[2024-03-20 07:52:07.907] 
[2024-03-20 07:52:07.910] 
[2024-03-20 07:52:12.779] Code=B015 CRC=00
[2024-03-20 07:52:12.843] PRI=05.065 sec
[2024-03-20 07:52:12.903] Freq=416.667 kHz
[2024-03-20 07:52:12.971] 
[2024-03-20 07:52:12.972] 
[2024-03-20 07:52:17.846] Code=B015 CRC=00
[2024-03-20 07:52:17.909] PRI=05.066 sec
[2024-03-20 07:52:17.969] Freq=416.667 kHz
[2024-03-20 07:52:18.038] 
[2024-03-20 07:52:18.040] 
[2024-03-20 07:52:22.909] Code=B015 CRC=00
[2024-03-20 07:52:22.972] PRI=05.064 sec
[2024-03-20 07:52:23.033] Freq=416.667 kHz
[2024-03-20 07:52:23.101] 
[2024-03-20 07:52:23.102] 
[2024-03-20 07:52:27.972] Code=B015 CRC=00
[2024-03-20 07:52:28.035] PRI=05.063 sec
[2024-03-20 07:52:28.096] Freq=416.667 kHz
[2024-03-20 07:52:28.165] 
[2024-03-20 07:52:28.166] 
[2024-03-20 07:52:33.033] Code=B015 CRC=00
[2024-03-20 07:52:33.097] PRI=05.062 sec
[2024-03-20 07:52:33.158] Freq=416.779 kHz
[2024-03-20 07:52:33.227] 
[2024-03-20 07:52:33.229] 
[2024-03-20 07:52:38.092] Code=B015 CRC=00
[2024-03-20 07:52:38.156] PRI=05.059 sec
[2024-03-20 07:52:38.216] Freq=416.667 kHz
[2024-03-20 07:52:38.285] 
[2024-03-20 07:52:38.287] 
[2024-03-20 07:52:43.155] Code=B015 CRC=00
[2024-03-20 07:52:43.219] PRI=05.063 sec
[2024-03-20 07:52:43.276] Freq=416.667 kHz
[2024-03-20 07:52:43.349] 
[2024-03-20 07:52:43.351] 
[2024-03-20 07:52:48.216] Code=B015 CRC=00
[2024-03-20 07:52:48.281] PRI=05.062 sec
[2024-03-20 07:52:48.341] Freq=416.667 kHz
[2024-03-20 07:52:48.410] 
[2024-03-20 07:52:48.411] 
[2024-03-20 07:52:53.280] Code=B015 CRC=00
[2024-03-20 07:52:53.343] PRI=05.063 sec
[2024-03-20 07:52:53.404] Freq=416.667 kHz
[2024-03-20 07:52:53.472] 
[2024-03-20 07:52:53.474] 
[2024-03-20 07:52:58.344] Code=B015 CRC=00
[2024-03-20 07:52:58.407] PRI=05.064 sec
[2024-03-20 07:52:58.468] Freq=416.667 kHz
[2024-03-20 07:52:58.536] 
[2024-03-20 07:52:58.538] 
[2024-03-20 07:53:03.406] Code=B015 CRC=00
[2024-03-20 07:53:03.470] PRI=05.064 sec
[2024-03-20 07:53:03.530] Freq=416.667 kHz
[2024-03-20 07:53:03.600] 
[2024-03-20 07:53:03.601] 
[2024-03-20 07:53:08.470] Code=B015 CRC=00
[2024-03-20 07:53:08.533] PRI=05.063 sec
[2024-03-20 07:53:08.594] Freq=416.667 kHz
[2024-03-20 07:53:08.662] 
[2024-03-20 07:53:08.663] 
[2024-03-20 07:53:13.534] Code=B015 CRC=00
[2024-03-20 07:53:13.598] PRI=05.065 sec
[2024-03-20 07:53:13.658] Freq=416.667 kHz
[2024-03-20 07:53:13.728] 
[2024-03-20 07:53:13.729] 
[2024-03-20 07:53:18.596] Code=B015 CRC=00
[2024-03-20 07:53:18.661] PRI=05.063 sec
[2024-03-20 07:53:18.721] Freq=416.667 kHz
[2024-03-20 07:53:18.790] 
[2024-03-20 07:53:18.792] 
[2024-03-20 07:53:23.662] Code=B015 CRC=00
[2024-03-20 07:53:23.726] PRI=05.065 sec
[2024-03-20 07:53:23.786] Freq=416.667 kHz
[2024-03-20 07:53:23.855] 
[2024-03-20 07:53:23.856] 
[2024-03-20 07:53:28.728] Code=B015 CRC=00
[2024-03-20 07:53:28.791] PRI=05.066 sec
[2024-03-20 07:53:28.852] Freq=416.667 kHz
[2024-03-20 07:53:28.920] 
[2024-03-20 07:53:28.921] 
[2024-03-20 07:53:33.790] Code=B015 CRC=00
[2024-03-20 07:53:33.852] PRI=05.061 sec
[2024-03-20 07:53:33.913] Freq=416.667 kHz
[2024-03-20 07:53:33.982] 
[2024-03-20 07:53:33.984] 
[2024-03-20 07:53:38.853] Code=B015 CRC=00
[2024-03-20 07:53:38.917] PRI=05.065 sec
[2024-03-20 07:53:38.978] Freq=416.667 kHz
[2024-03-20 07:53:39.046] 
[2024-03-20 07:53:39.048] 
[2024-03-20 07:53:43.916] Code=B015 CRC=00
[2024-03-20 07:53:43.979] PRI=05.062 sec
[2024-03-20 07:53:44.039] Freq=416.667 kHz
[2024-03-20 07:53:44.108] 
[2024-03-20 07:53:44.110] 
[2024-03-20 07:53:48.977] Code=B015 CRC=00
[2024-03-20 07:53:49.040] PRI=05.062 sec
[2024-03-20 07:53:49.102] Freq=416.667 kHz
[2024-03-20 07:53:49.170] 
[2024-03-20 07:53:49.172] 
[2024-03-20 07:53:54.039] Code=B015 CRC=00
[2024-03-20 07:53:54.102] PRI=05.062 sec
[2024-03-20 07:53:54.162] Freq=416.667 kHz
[2024-03-20 07:53:54.233] 
[2024-03-20 07:53:54.234] 
[2024-03-20 07:53:59.102] Code=B015 CRC=00
[2024-03-20 07:53:59.165] PRI=05.063 sec
[2024-03-20 07:53:59.225] Freq=416.667 kHz
[2024-03-20 07:53:59.293] 
[2024-03-20 07:53:59.294] 
[2024-03-20 07:54:04.166] Code=B015 CRC=00
[2024-03-20 07:54:04.229] PRI=05.065 sec
[2024-03-20 07:54:04.290] Freq=416.667 kHz
[2024-03-20 07:54:04.359] 
[2024-03-20 07:54:04.360] 
[2024-03-20 07:54:09.233] Code=B015 CRC=00
[2024-03-20 07:54:09.295] PRI=05.067 sec
[2024-03-20 07:54:09.357] Freq=416.667 kHz
[2024-03-20 07:54:09.427] 
[2024-03-20 07:54:09.429] 
[2024-03-20 07:54:14.301] Code=B015 CRC=00
[2024-03-20 07:54:14.365] PRI=05.069 sec
[2024-03-20 07:54:14.426] Freq=416.779 kHz
[2024-03-20 07:54:14.494] 
[2024-03-20 07:54:14.495] 
[2024-03-20 07:55:18.313] Activating
[2024-03-20 07:55:18.366] Sonic Tag
[2024-03-20 07:55:18.405] 
[2024-03-20 07:55:20.382] Waiting for
[2024-03-20 07:55:20.430] Sonic Tag Pulses
[2024-03-20 07:55:20.493] 
[2024-03-20 07:55:36.977] Code=AF14 CRC=AA
[2024-03-20 07:55:37.049] PRI=??.??? sec
[2024-03-20 07:55:37.109] Freq=416.667 kHz
[2024-03-20 07:55:37.178] 
[2024-03-20 07:55:37.180] 
[2024-03-20 07:55:37.659] Activating
[2024-03-20 07:55:37.714] Sonic Tag
[2024-03-20 07:55:37.753] 
[2024-03-20 07:55:39.723] Waiting for
[2024-03-20 07:55:39.779] Sonic Tag Pulses
[2024-03-20 07:55:39.847] 
[2024-03-20 07:56:03.239] Code=AF14 CRC=AA
[2024-03-20 07:56:03.311] PRI=??.??? sec
[2024-03-20 07:56:03.372] Freq=416.779 kHz
[2024-03-20 07:56:03.441] 
[2024-03-20 07:56:03.442] 
[2024-03-20 07:56:08.280] Code=AF14 CRC=AA
[2024-03-20 07:56:08.345] PRI=05.033 sec
[2024-03-20 07:56:08.405] Freq=417.059 kHz
[2024-03-20 07:56:08.476] 
[2024-03-20 07:56:08.477] 
[2024-03-20 07:56:15.269] Code=0000 CRC=A0
[2024-03-20 07:56:15.347] PRI=??.??? sec
[2024-03-20 07:56:15.407] Freq=416.499 kHz
[2024-03-20 07:56:15.476] 
[2024-03-20 07:56:15.478] 
[2024-03-20 07:56:17.245] Code=0000 CRC=A0
[2024-03-20 07:56:17.317] PRI=01.970 sec
[2024-03-20 07:56:17.377] Freq=417.059 kHz
[2024-03-20 07:56:17.446] 
[2024-03-20 07:56:17.448] 
[2024-03-20 07:56:27.470] Code=AF14 CRC=AA
[2024-03-20 07:56:27.545] PRI=??.??? sec
[2024-03-20 07:56:27.604] Freq=417.059 kHz
[2024-03-20 07:56:27.674] 
[2024-03-20 07:56:27.676] 
[2024-03-20 07:56:32.565] Code=AF14 CRC=AA
[2024-03-20 07:56:32.642] PRI=05.097 sec
[2024-03-20 07:56:32.703] Freq=417.059 kHz
[2024-03-20 07:56:32.771] 
[2024-03-20 07:56:32.773] 
[2024-03-20 07:56:37.678] Code=AF14 CRC=AA
[2024-03-20 07:56:37.742] PRI=05.100 sec
[2024-03-20 07:56:37.800] Freq=417.059 kHz
[2024-03-20 07:56:37.872] 
[2024-03-20 07:56:37.874] 
[2024-03-20 07:56:42.770] Code=AF14 CRC=AA
[2024-03-20 07:56:42.844] PRI=05.102 sec
[2024-03-20 07:56:42.904] Freq=417.059 kHz
[2024-03-20 07:56:42.973] 
[2024-03-20 07:56:42.975] 
[2024-03-20 07:56:52.982] Code=AF14 CRC=AA
[2024-03-20 07:56:53.048] PRI=10.203 sec
[2024-03-20 07:56:53.107] Freq=417.059 kHz
[2024-03-20 07:56:53.176] 
[2024-03-20 07:56:53.178] 
[2024-03-20 07:57:03.170] Code=AF14 CRC=AA
[2024-03-20 07:57:03.247] PRI=10.200 sec
[2024-03-20 07:57:03.307] Freq=417.059 kHz
[2024-03-20 07:57:03.376] 
[2024-03-20 07:57:03.378] 
[2024-03-20 07:57:22.729] Activating
[2024-03-20 07:57:22.774] Sonic Tag
[2024-03-20 07:57:22.810] 
[2024-03-20 07:57:24.800] Waiting for
[2024-03-20 07:57:24.846] Sonic Tag Pulses
[2024-03-20 07:57:24.913] 
[2024-03-20 07:57:32.770] Code=B197 CRC=F4
[2024-03-20 07:57:32.847] PRI=??.??? sec
[2024-03-20 07:57:32.907] Freq=416.835 kHz
[2024-03-20 07:57:32.977] 
[2024-03-20 07:57:32.979] 
[2024-03-20 07:57:37.842] Code=B197 CRC=F4
[2024-03-20 07:57:37.916] PRI=05.068 sec
[2024-03-20 07:57:37.976] Freq=416.835 kHz
[2024-03-20 07:57:38.045] 
[2024-03-20 07:57:38.047] 
[2024-03-20 07:57:38.587] Tag Version=003 
[2024-03-20 07:57:38.656] Freq=416.779 kHz
[2024-03-20 07:57:38.723] 
[2024-03-20 07:57:38.724] 
[2024-03-20 07:58:01.294] Code=0000 CRC=A0
[2024-03-20 07:58:01.364] PRI=??.??? sec
[2024-03-20 07:58:01.424] Freq=416.667 kHz
[2024-03-20 07:58:01.492] 
[2024-03-20 07:58:01.494] 
[2024-03-20 07:58:28.791] Code=B197 CRC=F4
[2024-03-20 07:58:28.856] PRI=??.??? sec
[2024-03-20 07:58:28.916] Freq=416.667 kHz
[2024-03-20 07:58:28.985] 
[2024-03-20 07:58:28.987] 
[2024-03-20 07:58:54.151] Code=B197 CRC=F4
[2024-03-20 07:58:54.214] PRI=25.360 sec
[2024-03-20 07:58:54.275] Freq=416.667 kHz
[2024-03-20 07:58:54.344] 
[2024-03-20 07:58:54.346] 
[2024-03-20 07:59:04.297] Code=B197 CRC=F4
[2024-03-20 07:59:04.364] PRI=10.147 sec
[2024-03-20 07:59:04.423] Freq=416.667 kHz
[2024-03-20 07:59:04.492] 
[2024-03-20 07:59:04.494] 
[2024-03-20 07:59:34.732] Code=B197 CRC=F4
[2024-03-20 07:59:34.797] PRI=30.435 sec
[2024-03-20 07:59:34.858] Freq=416.667 kHz
[2024-03-20 07:59:34.927] 
[2024-03-20 07:59:34.928] 
[2024-03-20 07:59:56.708] Activating
[2024-03-20 07:59:56.751] Sonic Tag
[2024-03-20 07:59:56.790] 
[2024-03-20 07:59:58.769] Waiting for
[2024-03-20 07:59:58.823] Sonic Tag Pulses
[2024-03-20 07:59:58.891] 
[2024-03-20 08:01:14.636] Activating
[2024-03-20 08:01:14.678] Sonic Tag
[2024-03-20 08:01:14.717] 
[2024-03-20 08:01:16.689] Waiting for
[2024-03-20 08:01:16.736] Sonic Tag Pulses
[2024-03-20 08:01:16.801] 
[2024-03-20 08:01:30.342] Tag Version=003 
[2024-03-20 08:01:30.415] Freq=416.667 kHz
[2024-03-20 08:01:30.488] 
[2024-03-20 08:01:30.489] 
[2024-03-20 08:01:36.725] Activating
[2024-03-20 08:01:36.770] Sonic Tag
[2024-03-20 08:01:36.808] 
[2024-03-20 08:01:38.782] Waiting for
[2024-03-20 08:01:38.837] Sonic Tag Pulses
[2024-03-20 08:01:38.904] 
[2024-03-20 08:01:52.449] Tag Version=003 
[2024-03-20 08:01:52.516] Freq=416.779 kHz
[2024-03-20 08:01:52.588] 
[2024-03-20 08:01:52.590] 
[2024-03-20 08:02:15.126] Code=0000 CRC=A0
[2024-03-20 08:02:15.202] PRI=??.??? sec
[2024-03-20 08:02:15.262] Freq=416.667 kHz
[2024-03-20 08:02:15.331] 
[2024-03-20 08:02:15.333] 
[2024-03-20 08:03:06.614] Activating
[2024-03-20 08:03:06.658] Sonic Tag
[2024-03-20 08:03:06.695] 
[2024-03-20 08:03:08.674] Waiting for
[2024-03-20 08:03:08.728] Sonic Tag Pulses
[2024-03-20 08:03:08.793] 
[2024-03-20 08:03:21.627] Code=AFED CRC=42
[2024-03-20 08:03:21.704] PRI=??.??? sec
[2024-03-20 08:03:21.765] Freq=416.667 kHz
[2024-03-20 08:03:21.833] 
[2024-03-20 08:03:21.835] 
[2024-03-20 08:03:22.357] Tag Version=003 
[2024-03-20 08:03:22.427] Freq=416.835 kHz
[2024-03-20 08:03:22.498] 
[2024-03-20 08:03:22.500] 
[2024-03-20 08:03:27.745] Code=AFED CRC=42
[2024-03-20 08:03:27.810] PRI=??.??? sec
[2024-03-20 08:03:27.871] Freq=416.723 kHz
[2024-03-20 08:03:27.940] 
[2024-03-20 08:03:27.942] 
[2024-03-20 08:03:32.802] Code=AFED CRC=42
[2024-03-20 08:03:32.880] PRI=05.069 sec
[2024-03-20 08:03:32.939] Freq=416.667 kHz
[2024-03-20 08:03:33.008] 
[2024-03-20 08:03:33.010] 
[2024-03-20 08:03:37.883] Code=AFED CRC=42
[2024-03-20 08:03:37.948] PRI=05.068 sec
[2024-03-20 08:03:38.008] Freq=416.611 kHz
[2024-03-20 08:03:38.077] 
[2024-03-20 08:03:38.079] 
[2024-03-20 08:03:42.945] Code=AFED CRC=42
[2024-03-20 08:03:43.016] PRI=05.068 sec
[2024-03-20 08:03:43.077] Freq=416.667 kHz
[2024-03-20 08:03:43.146] 
[2024-03-20 08:03:43.148] 
[2024-03-20 08:03:45.041] Code=0000 CRC=A0
[2024-03-20 08:03:45.105] PRI=??.??? sec
[2024-03-20 08:03:45.166] Freq=416.667 kHz
[2024-03-20 08:03:45.234] 
[2024-03-20 08:03:45.235] 
[2024-03-20 08:03:47.124] Code=AFED CRC=42
[2024-03-20 08:03:47.194] PRI=??.??? sec
[2024-03-20 08:03:47.255] Freq=416.835 kHz
[2024-03-20 08:03:47.324] 
[2024-03-20 08:03:47.327] 
[2024-03-20 08:03:52.231] Code=AFED CRC=42
[2024-03-20 08:03:52.296] PRI=05.101 sec
[2024-03-20 08:03:52.357] Freq=416.667 kHz
[2024-03-20 08:03:52.426] 
[2024-03-20 08:03:52.428] 
[2024-03-20 08:03:57.298] Code=AFED CRC=42
[2024-03-20 08:03:57.363] PRI=05.067 sec
[2024-03-20 08:03:57.423] Freq=416.667 kHz
[2024-03-20 08:03:57.492] 
[2024-03-20 08:03:57.494] 
[2024-03-20 08:04:02.367] Code=AFED CRC=42
[2024-03-20 08:04:02.430] PRI=05.067 sec
[2024-03-20 08:04:02.490] Freq=416.667 kHz
[2024-03-20 08:04:02.559] 
[2024-03-20 08:04:02.561] 
[2024-03-20 08:04:07.433] Code=AFED CRC=42
[2024-03-20 08:04:07.498] PRI=05.067 sec
[2024-03-20 08:04:07.557] Freq=416.835 kHz
[2024-03-20 08:04:07.627] 
[2024-03-20 08:04:07.628] 
[2024-03-20 08:04:12.499] Code=AFED CRC=42
[2024-03-20 08:04:12.564] PRI=05.066 sec
[2024-03-20 08:04:12.624] Freq=416.667 kHz
[2024-03-20 08:04:12.693] 
[2024-03-20 08:04:12.695] 
[2024-03-20 08:04:17.557] Code=AFED CRC=42
[2024-03-20 08:04:17.631] PRI=05.067 sec
[2024-03-20 08:04:17.691] Freq=416.667 kHz
[2024-03-20 08:04:17.760] 
[2024-03-20 08:04:17.762] 
[2024-03-20 08:04:33.887] Activating
[2024-03-20 08:04:33.929] Sonic Tag
[2024-03-20 08:04:33.970] 
[2024-03-20 08:04:35.951] Waiting for
[2024-03-20 08:04:35.995] Sonic Tag Pulses
[2024-03-20 08:04:36.061] 
[2024-03-20 08:05:43.562] Activating
[2024-03-20 08:05:43.606] Sonic Tag
[2024-03-20 08:05:43.643] 
[2024-03-20 08:05:45.629] Waiting for
[2024-03-20 08:05:45.674] Sonic Tag Pulses
[2024-03-20 08:05:45.740] 
[2024-03-20 08:06:28.829] Activating
[2024-03-20 08:06:28.874] Sonic Tag
[2024-03-20 08:06:28.911] 
[2024-03-20 08:06:30.868] Waiting for
[2024-03-20 08:06:30.923] Sonic Tag Pulses
[2024-03-20 08:06:30.991] 
[2024-03-20 08:07:31.674] Activating
[2024-03-20 08:07:31.726] Sonic Tag
[2024-03-20 08:07:31.764] 
[2024-03-20 08:07:33.729] Waiting for
[2024-03-20 08:07:33.790] Sonic Tag Pulses
[2024-03-20 08:07:33.855] 
[2024-03-20 08:08:25.990] Activating
[2024-03-20 08:08:26.033] Sonic Tag
[2024-03-20 08:08:26.071] 
[2024-03-20 08:08:28.062] Waiting for
[2024-03-20 08:08:28.110] Sonic Tag Pulses
[2024-03-20 08:08:28.173] 
[2024-03-20 08:09:10.390] Activating
[2024-03-20 08:09:10.434] Sonic Tag
[2024-03-20 08:09:10.474] 
[2024-03-20 08:09:12.447] Waiting for
[2024-03-20 08:09:12.493] Sonic Tag Pulses
[2024-03-20 08:09:12.558] 
[2024-03-20 08:09:41.235] Activating
[2024-03-20 08:09:41.277] Sonic Tag
[2024-03-20 08:09:41.315] 
[2024-03-20 08:09:43.277] Waiting for
[2024-03-20 08:09:43.333] Sonic Tag Pulses
[2024-03-20 08:09:43.396] 
[2024-03-20 08:10:12.019] Activating
[2024-03-20 08:10:12.059] Sonic Tag
[2024-03-20 08:10:12.100] 
[2024-03-20 08:10:14.094] Waiting for
[2024-03-20 08:10:14.137] Sonic Tag Pulses
[2024-03-20 08:10:14.203] 
[2024-03-20 08:10:59.566] Activating
[2024-03-20 08:10:59.610] Sonic Tag
[2024-03-20 08:10:59.647] 
[2024-03-20 08:11:01.623] Waiting for
[2024-03-20 08:11:01.668] Sonic Tag Pulses
[2024-03-20 08:11:01.734] 
[2024-03-20 08:11:19.922] Activating
[2024-03-20 08:11:19.966] Sonic Tag
[2024-03-20 08:11:20.003] 
[2024-03-20 08:11:21.972] Waiting for
[2024-03-20 08:11:22.018] Sonic Tag Pulses
[2024-03-20 08:11:22.081] 
[2024-03-20 08:11:29.845] Code=AF7D CRC=53
[2024-03-20 08:11:29.908] PRI=??.??? sec
[2024-03-20 08:11:29.968] Freq=416.667 kHz
[2024-03-20 08:11:30.037] 
[2024-03-20 08:11:30.039] 
[2024-03-20 08:11:34.910] Code=AF7D CRC=53
[2024-03-20 08:11:34.974] PRI=05.066 sec
[2024-03-20 08:11:35.034] Freq=416.667 kHz
[2024-03-20 08:11:35.103] 
[2024-03-20 08:11:35.105] 
[2024-03-20 08:11:35.636] Tag Version=003 
[2024-03-20 08:11:35.697] Freq=416.667 kHz
[2024-03-20 08:11:35.770] 
[2024-03-20 08:11:35.771] 
[2024-03-20 08:11:41.031] Code=AF7D CRC=53
[2024-03-20 08:11:41.095] PRI=??.??? sec
[2024-03-20 08:11:41.155] Freq=416.667 kHz
[2024-03-20 08:11:41.224] 
[2024-03-20 08:11:41.227] 
[2024-03-20 08:11:46.104] Code=AF7D CRC=53
[2024-03-20 08:11:46.167] PRI=05.072 sec
[2024-03-20 08:11:46.223] Freq=416.667 kHz
[2024-03-20 08:11:46.296] 
[2024-03-20 08:11:46.298] 
[2024-03-20 08:11:51.176] Code=AF7D CRC=53
[2024-03-20 08:11:51.241] PRI=05.074 sec
[2024-03-20 08:11:51.301] Freq=416.667 kHz
[2024-03-20 08:11:51.370] 
[2024-03-20 08:11:51.371] 
[2024-03-20 08:11:56.247] Code=AF7D CRC=53
[2024-03-20 08:11:56.310] PRI=05.069 sec
[2024-03-20 08:11:56.371] Freq=416.667 kHz
[2024-03-20 08:11:56.439] 
[2024-03-20 08:11:56.440] 
[2024-03-20 08:11:58.336] Code=0000 CRC=A0
[2024-03-20 08:11:58.399] PRI=??.??? sec
[2024-03-20 08:11:58.459] Freq=416.667 kHz
[2024-03-20 08:11:58.527] 
[2024-03-20 08:11:58.528] 
[2024-03-20 08:12:00.424] Code=0000 CRC=A0
[2024-03-20 08:12:00.486] PRI=02.088 sec
[2024-03-20 08:12:00.547] Freq=416.779 kHz
[2024-03-20 08:12:00.616] 
[2024-03-20 08:12:00.618] 
[2024-03-20 08:12:05.520] Code=AF7D CRC=53
[2024-03-20 08:12:05.591] PRI=??.??? sec
[2024-03-20 08:12:05.651] Freq=416.667 kHz
[2024-03-20 08:12:05.720] 
[2024-03-20 08:12:05.722] 
[2024-03-20 08:12:10.594] Code=AF7D CRC=53
[2024-03-20 08:12:10.658] PRI=05.067 sec
[2024-03-20 08:12:10.719] Freq=416.667 kHz
[2024-03-20 08:12:10.787] 
[2024-03-20 08:12:10.789] 
[2024-03-20 08:12:15.663] Code=AF7D CRC=53
[2024-03-20 08:12:15.726] PRI=05.067 sec
[2024-03-20 08:12:15.786] Freq=416.667 kHz
[2024-03-20 08:12:15.854] 
[2024-03-20 08:12:15.855] 
[2024-03-20 08:12:20.730] Code=AF7D CRC=53
[2024-03-20 08:12:20.794] PRI=05.069 sec
[2024-03-20 08:12:20.854] Freq=416.667 kHz
[2024-03-20 08:12:20.923] 
[2024-03-20 08:12:20.924] 
[2024-03-20 08:12:25.793] Code=AF7D CRC=53
[2024-03-20 08:12:25.861] PRI=05.067 sec
[2024-03-20 08:12:25.921] Freq=416.667 kHz
[2024-03-20 08:12:25.990] 
[2024-03-20 08:12:25.991] 
[2024-03-20 08:12:30.861] Code=AF7D CRC=53
[2024-03-20 08:12:30.926] PRI=05.065 sec
[2024-03-20 08:12:30.987] Freq=416.667 kHz
[2024-03-20 08:12:31.055] 
[2024-03-20 08:12:31.057] 
[2024-03-20 08:12:35.930] Code=AF7D CRC=53
[2024-03-20 08:12:35.994] PRI=05.068 sec
[2024-03-20 08:12:36.053] Freq=416.667 kHz
[2024-03-20 08:12:36.122] 
[2024-03-20 08:12:36.124] 
[2024-03-20 08:12:40.996] Code=AF7D CRC=53
[2024-03-20 08:12:41.060] PRI=05.066 sec
[2024-03-20 08:12:41.120] Freq=416.667 kHz
[2024-03-20 08:12:41.189] 
[2024-03-20 08:12:41.191] 
[2024-03-20 08:12:46.064] Code=AF7D CRC=53
[2024-03-20 08:12:46.127] PRI=05.068 sec
[2024-03-20 08:12:46.187] Freq=416.667 kHz
[2024-03-20 08:12:46.256] 
[2024-03-20 08:12:46.257] 
[2024-03-20 08:12:51.136] Code=AF7D CRC=53
[2024-03-20 08:12:51.199] PRI=05.071 sec
[2024-03-20 08:12:51.260] Freq=416.275 kHz
[2024-03-20 08:12:51.328] 
[2024-03-20 08:12:51.330] 
[2024-03-20 08:13:10.595] Activating
[2024-03-20 08:13:10.639] Sonic Tag
[2024-03-20 08:13:10.676] 
[2024-03-20 08:13:12.645] Waiting for
[2024-03-20 08:13:12.692] Sonic Tag Pulses
[2024-03-20 08:13:12.758] 
[2024-03-20 08:13:36.486] Code=0000 CRC=A0
[2024-03-20 08:13:36.548] PRI=??.??? sec
[2024-03-20 08:13:36.609] Freq=416.611 kHz
[2024-03-20 08:13:36.677] 
[2024-03-20 08:13:36.678] 
[2024-03-20 08:13:38.626] Code=AEB5 CRC=9F
[2024-03-20 08:13:38.700] PRI=??.??? sec
[2024-03-20 08:13:38.759] Freq=416.779 kHz
[2024-03-20 08:13:38.831] 
[2024-03-20 08:13:38.834] 
[2024-03-20 08:13:58.916] Code=AEB5 CRC=9F
[2024-03-20 08:13:58.981] PRI=20.215 sec
[2024-03-20 08:13:59.041] Freq=416.667 kHz
[2024-03-20 08:13:59.110] 
[2024-03-20 08:13:59.111] 
[2024-03-20 08:14:03.993] Code=AEB5 CRC=9F
[2024-03-20 08:14:04.056] PRI=05.075 sec
[2024-03-20 08:14:04.116] Freq=416.667 kHz
[2024-03-20 08:14:04.185] 
[2024-03-20 08:14:04.189] 
[2024-03-20 08:14:09.049] Code=AEB5 CRC=9F
[2024-03-20 08:14:09.123] PRI=05.067 sec
[2024-03-20 08:14:09.183] Freq=416.667 kHz
[2024-03-20 08:14:09.253] 
[2024-03-20 08:14:09.256] 
[2024-03-20 08:14:14.121] Code=AEB5 CRC=9F
[2024-03-20 08:14:14.193] PRI=05.070 sec
[2024-03-20 08:14:14.250] Freq=416.667 kHz
[2024-03-20 08:14:14.322] 
[2024-03-20 08:14:14.323] 
[2024-03-20 08:14:19.199] Code=AEB5 CRC=9F
[2024-03-20 08:14:19.264] PRI=05.070 sec
[2024-03-20 08:14:19.324] Freq=416.667 kHz
[2024-03-20 08:14:19.393] 
[2024-03-20 08:14:19.395] 
[2024-03-20 08:15:01.989] Activating
[2024-03-20 08:15:02.032] Sonic Tag
[2024-03-20 08:15:02.069] 
[2024-03-20 08:15:04.040] Waiting for
[2024-03-20 08:15:04.102] Sonic Tag Pulses
[2024-03-20 08:15:04.166] 
[2024-03-20 08:15:09.452] Code=AFA4 CRC=98
[2024-03-20 08:15:09.516] PRI=??.??? sec
[2024-03-20 08:15:09.576] Freq=416.667 kHz
[2024-03-20 08:15:09.645] 
[2024-03-20 08:15:09.647] 
[2024-03-20 08:15:10.175] Tag Version=003 
[2024-03-20 08:15:10.239] Freq=416.667 kHz
[2024-03-20 08:15:10.312] 
[2024-03-20 08:15:10.313] 
[2024-03-20 08:15:15.567] Code=AFA4 CRC=98
[2024-03-20 08:15:15.629] PRI=??.??? sec
[2024-03-20 08:15:15.686] Freq=416.667 kHz
[2024-03-20 08:15:15.755] 
[2024-03-20 08:15:15.758] 
[2024-03-20 08:15:20.620] Code=AFA4 CRC=98
[2024-03-20 08:15:20.692] PRI=05.066 sec
[2024-03-20 08:15:20.752] Freq=416.667 kHz
[2024-03-20 08:15:20.821] 
[2024-03-20 08:15:20.824] 
[2024-03-20 08:15:25.695] Code=AFA4 CRC=98
[2024-03-20 08:15:25.758] PRI=05.066 sec
[2024-03-20 08:15:25.819] Freq=416.667 kHz
[2024-03-20 08:15:25.887] 
[2024-03-20 08:15:25.888] 
[2024-03-20 08:15:30.758] Code=AFA4 CRC=98
[2024-03-20 08:15:30.824] PRI=05.065 sec
[2024-03-20 08:15:30.884] Freq=416.667 kHz
[2024-03-20 08:15:30.952] 
[2024-03-20 08:15:30.953] 
[2024-03-20 08:15:32.845] Code=0000 CRC=A0
[2024-03-20 08:15:32.910] PRI=??.??? sec
[2024-03-20 08:15:32.970] Freq=416.667 kHz
[2024-03-20 08:15:33.039] 
[2024-03-20 08:15:33.040] 
[2024-03-20 08:15:34.921] Code=0000 CRC=A0
[2024-03-20 08:15:34.997] PRI=02.087 sec
[2024-03-20 08:15:35.058] Freq=416.667 kHz
[2024-03-20 08:15:35.127] 
[2024-03-20 08:15:35.129] 
[2024-03-20 08:15:40.037] Code=AFA4 CRC=98
[2024-03-20 08:15:40.101] PRI=??.??? sec
[2024-03-20 08:15:40.162] Freq=416.555 kHz
[2024-03-20 08:15:40.231] 
[2024-03-20 08:15:40.233] 
[2024-03-20 08:15:45.106] Code=AFA4 CRC=98
[2024-03-20 08:15:45.174] PRI=05.072 sec
[2024-03-20 08:15:45.234] Freq=416.667 kHz
[2024-03-20 08:15:45.302] 
[2024-03-20 08:15:45.303] 
[2024-03-20 08:15:50.178] Code=AFA4 CRC=98
[2024-03-20 08:15:50.242] PRI=05.069 sec
[2024-03-20 08:15:50.302] Freq=416.667 kHz
[2024-03-20 08:15:50.371] 
[2024-03-20 08:15:50.373] 
[2024-03-20 08:15:55.246] Code=AFA4 CRC=98
[2024-03-20 08:15:55.311] PRI=05.068 sec
[2024-03-20 08:15:55.371] Freq=416.667 kHz
[2024-03-20 08:15:55.439] 
[2024-03-20 08:15:55.441] 
[2024-03-20 08:16:00.319] Code=AFA4 CRC=98
[2024-03-20 08:16:00.383] PRI=05.073 sec
[2024-03-20 08:16:00.443] Freq=416.667 kHz
[2024-03-20 08:16:00.512] 
[2024-03-20 08:16:00.513] 
[2024-03-20 08:16:05.389] Code=AFA4 CRC=98
[2024-03-20 08:16:05.453] PRI=05.070 sec
[2024-03-20 08:16:05.514] Freq=416.667 kHz
[2024-03-20 08:16:05.582] 
[2024-03-20 08:16:05.583] 
[2024-03-20 08:17:28.931] Activating
[2024-03-20 08:17:28.988] Sonic Tag
[2024-03-20 08:17:29.024] 
[2024-03-20 08:17:31.008] Waiting for
[2024-03-20 08:17:31.053] Sonic Tag Pulses
[2024-03-20 08:17:31.121] 
[2024-03-20 08:17:38.848] Code=B0A9 CRC=91
[2024-03-20 08:17:38.913] PRI=??.??? sec
[2024-03-20 08:17:38.973] Freq=416.667 kHz
[2024-03-20 08:17:39.042] 
[2024-03-20 08:17:39.044] 
[2024-03-20 08:17:43.894] Code=B0A9 CRC=91
[2024-03-20 08:17:43.958] PRI=05.045 sec
[2024-03-20 08:17:44.018] Freq=416.667 kHz
[2024-03-20 08:17:44.087] 
[2024-03-20 08:17:44.088] 
[2024-03-20 08:17:44.618] Tag Version=003 
[2024-03-20 08:17:44.679] Freq=416.667 kHz
[2024-03-20 08:17:44.747] 
[2024-03-20 08:17:44.750] 
[2024-03-20 08:17:49.982] Code=B0A9 CRC=91
[2024-03-20 08:17:50.045] PRI=??.??? sec
[2024-03-20 08:17:50.106] Freq=416.667 kHz
[2024-03-20 08:17:50.176] 
[2024-03-20 08:17:50.179] 
[2024-03-20 08:19:00.400] Code=B0A9 CRC=91
[2024-03-20 08:19:00.464] PRI=70.419 sec
[2024-03-20 08:19:00.524] Freq=416.667 kHz
[2024-03-20 08:19:00.593] 
[2024-03-20 08:19:00.595] 
[2024-03-20 08:19:05.509] Code=B0A9 CRC=91
[2024-03-20 08:19:05.573] PRI=05.110 sec
[2024-03-20 08:19:05.634] Freq=416.667 kHz
[2024-03-20 08:19:05.703] 
[2024-03-20 08:19:05.706] 
[2024-03-20 08:19:10.614] Code=B0A9 CRC=91
[2024-03-20 08:19:10.676] PRI=05.103 sec
[2024-03-20 08:19:10.737] Freq=416.611 kHz
[2024-03-20 08:19:10.806] 
[2024-03-20 08:19:10.807] 
[2024-03-20 08:19:15.717] Code=B0A9 CRC=91
[2024-03-20 08:19:15.781] PRI=05.104 sec
[2024-03-20 08:19:15.842] Freq=416.723 kHz
[2024-03-20 08:19:15.910] 
[2024-03-20 08:19:15.912] 
[2024-03-20 08:19:20.828] Code=B0A9 CRC=91
[2024-03-20 08:19:20.892] PRI=05.111 sec
[2024-03-20 08:19:20.952] Freq=416.611 kHz
[2024-03-20 08:19:21.021] 
[2024-03-20 08:19:21.023] 
[2024-03-20 08:19:25.938] Code=B0A9 CRC=91
[2024-03-20 08:19:26.002] PRI=05.111 sec
[2024-03-20 08:19:26.063] Freq=416.611 kHz
[2024-03-20 08:19:26.131] 
[2024-03-20 08:19:26.133] 
[2024-03-20 08:19:31.048] Code=B0A9 CRC=91
[2024-03-20 08:19:31.112] PRI=05.110 sec
[2024-03-20 08:19:31.172] Freq=416.611 kHz
[2024-03-20 08:19:31.241] 
[2024-03-20 08:19:31.244] 
[2024-03-20 08:19:36.155] Code=B0A9 CRC=91
[2024-03-20 08:19:36.219] PRI=05.107 sec
[2024-03-20 08:19:36.280] Freq=416.667 kHz
[2024-03-20 08:19:36.348] 
[2024-03-20 08:19:36.350] 
[2024-03-20 08:21:59.317] 
[2024-03-20 08:21:59.320] 
[2024-03-20 08:21:59.320] 
[2024-03-20 08:21:59.320] 
[2024-03-20 08:21:59.321] Pinger Dish III
[2024-03-20 08:21:59.380] (ATS SWV=6.50)
[2024-03-20 08:21:59.440] 
[2024-03-20 08:22:00.425] RS232 Detected:
[2024-03-20 08:22:00.488] Use 19.2kb N-8-1
[2024-03-20 08:22:00.551] 
[2024-03-20 08:22:01.540] Waiting for
[2024-03-20 08:22:01.586] Sonic Tag Pulses
[2024-03-20 08:22:04.355] (DSP SWV=3.00)
[2024-03-20 08:22:04.414] 
[2024-03-20 08:23:02.513] Activating
[2024-03-20 08:23:02.561] Sonic Tag
[2024-03-20 08:23:02.600] 
[2024-03-20 08:23:04.579] Waiting for
[2024-03-20 08:23:04.625] Sonic Tag Pulses
[2024-03-20 08:23:04.699] 
[2024-03-20 08:23:29.653] Activating
[2024-03-20 08:23:29.698] Sonic Tag
[2024-03-20 08:23:29.748] 
[2024-03-20 08:23:31.715] Waiting for
[2024-03-20 08:23:31.763] Sonic Tag Pulses
[2024-03-20 08:23:31.826] 
[2024-03-20 08:23:42.474] Activating
[2024-03-20 08:23:42.523] Sonic Tag
[2024-03-20 08:23:42.561] 
[2024-03-20 08:23:44.534] Waiting for
[2024-03-20 08:23:44.587] Sonic Tag Pulses
[2024-03-20 08:23:44.654] 
[2024-03-20 08:23:49.978] Code=AF2D CRC=88
[2024-03-20 08:23:50.043] PRI=??.??? sec
[2024-03-20 08:23:50.103] Freq=416.667 kHz
[2024-03-20 08:23:50.172] 
[2024-03-20 08:23:50.174] 
[2024-03-20 08:23:50.816] Tag Version=003 
[2024-03-20 08:23:50.881] Freq=416.667 kHz
[2024-03-20 08:23:50.953] 
[2024-03-20 08:23:50.955] 
[2024-03-20 08:23:56.176] Code=AF2D CRC=88
[2024-03-20 08:23:56.249] PRI=??.??? sec
[2024-03-20 08:23:56.307] Freq=416.667 kHz
[2024-03-20 08:23:56.379] 
[2024-03-20 08:23:56.383] 
[2024-03-20 08:24:01.229] Code=AF2D CRC=88
[2024-03-20 08:24:01.297] PRI=05.047 sec
[2024-03-20 08:24:01.353] Freq=416.667 kHz
[2024-03-20 08:24:01.425] 
[2024-03-20 08:24:01.427] 
[2024-03-20 08:24:06.279] Code=AF2D CRC=88
[2024-03-20 08:24:06.343] PRI=05.046 sec
[2024-03-20 08:24:06.404] Freq=416.667 kHz
[2024-03-20 08:24:06.474] 
[2024-03-20 08:24:06.476] 
[2024-03-20 08:24:11.322] Code=AF2D CRC=88
[2024-03-20 08:24:11.386] PRI=05.044 sec
[2024-03-20 08:24:11.448] Freq=416.667 kHz
[2024-03-20 08:24:11.518] 
[2024-03-20 08:24:11.520] 
[2024-03-20 08:24:13.644] Code=0000 CRC=A0
[2024-03-20 08:24:13.708] PRI=??.??? sec
[2024-03-20 08:24:13.767] Freq=416.667 kHz
[2024-03-20 08:24:13.836] 
[2024-03-20 08:24:13.838] 
[2024-03-20 08:24:15.963] Code=0000 CRC=A0
[2024-03-20 08:24:16.026] PRI=02.319 sec
[2024-03-20 08:24:16.086] Freq=416.667 kHz
[2024-03-20 08:24:16.155] 
[2024-03-20 08:24:16.156] 
[2024-03-20 08:24:21.118] Code=AF2D CRC=88
[2024-03-20 08:24:21.181] PRI=??.??? sec
[2024-03-20 08:24:21.242] Freq=416.667 kHz
[2024-03-20 08:24:21.311] 
[2024-03-20 08:24:21.313] 
[2024-03-20 08:24:26.235] Code=AF2D CRC=88
[2024-03-20 08:24:26.300] PRI=05.118 sec
[2024-03-20 08:24:26.360] Freq=416.667 kHz
[2024-03-20 08:24:26.429] 
[2024-03-20 08:24:26.430] 
[2024-03-20 08:24:31.356] Code=AF2D CRC=88
[2024-03-20 08:24:31.421] PRI=05.121 sec
[2024-03-20 08:24:31.481] Freq=416.779 kHz
[2024-03-20 08:24:31.550] 
[2024-03-20 08:24:31.552] 
[2024-03-20 08:24:36.479] Code=AF2D CRC=88
[2024-03-20 08:24:36.539] PRI=05.118 sec
[2024-03-20 08:24:36.596] Freq=416.667 kHz
[2024-03-20 08:24:36.668] 
[2024-03-20 08:24:36.670] 
[2024-03-20 08:24:41.591] Code=AF2D CRC=88
[2024-03-20 08:24:41.653] PRI=05.116 sec
[2024-03-20 08:24:41.715] Freq=416.723 kHz
[2024-03-20 08:24:41.783] 
[2024-03-20 08:24:41.785] 
[2024-03-20 08:24:55.209] Activating
[2024-03-20 08:24:55.253] Sonic Tag
[2024-03-20 08:24:55.293] 
[2024-03-20 08:24:57.253] Waiting for
[2024-03-20 08:24:57.299] Sonic Tag Pulses
[2024-03-20 08:24:57.365] 
[2024-03-20 08:24:58.336] Tag Version=003 
[2024-03-20 08:24:58.400] Freq=416.667 kHz
[2024-03-20 08:24:58.474] 
[2024-03-20 08:24:58.475] 
[2024-03-20 08:25:03.720] Code=B16D CRC=FE
[2024-03-20 08:25:03.796] PRI=??.??? sec
[2024-03-20 08:25:03.855] Freq=416.667 kHz
[2024-03-20 08:25:03.925] 
[2024-03-20 08:25:03.927] 
[2024-03-20 08:25:13.893] Code=B16D CRC=FE
[2024-03-20 08:25:13.956] PRI=10.160 sec
[2024-03-20 08:25:14.015] Freq=416.667 kHz
[2024-03-20 08:25:14.085] 
[2024-03-20 08:25:14.087] 
[2024-03-20 08:25:18.970] Code=B16D CRC=FE
[2024-03-20 08:25:19.033] PRI=05.078 sec
[2024-03-20 08:25:19.092] Freq=416.667 kHz
[2024-03-20 08:25:19.163] 
[2024-03-20 08:25:19.165] 
[2024-03-20 08:25:21.009] Code=0000 CRC=A0
[2024-03-20 08:25:21.074] PRI=??.??? sec
[2024-03-20 08:25:21.134] Freq=416.779 kHz
[2024-03-20 08:25:21.202] 
[2024-03-20 08:25:21.203] 
[2024-03-20 08:25:23.049] Code=0000 CRC=A0
[2024-03-20 08:25:23.113] PRI=02.039 sec
[2024-03-20 08:25:23.173] Freq=416.667 kHz
[2024-03-20 08:25:23.242] 
[2024-03-20 08:25:23.244] 
[2024-03-20 08:25:28.161] Code=B16D CRC=FE
[2024-03-20 08:25:28.225] PRI=??.??? sec
[2024-03-20 08:25:28.285] Freq=416.667 kHz
[2024-03-20 08:25:28.354] 
[2024-03-20 08:25:28.356] 
[2024-03-20 08:25:33.225] Code=B16D CRC=FE
[2024-03-20 08:25:33.301] PRI=05.076 sec
[2024-03-20 08:25:33.362] Freq=416.667 kHz
[2024-03-20 08:25:33.430] 
[2024-03-20 08:25:33.432] 
[2024-03-20 08:25:38.313] Code=B16D CRC=FE
[2024-03-20 08:25:38.376] PRI=05.075 sec
[2024-03-20 08:25:38.436] Freq=416.611 kHz
[2024-03-20 08:25:38.505] 
[2024-03-20 08:25:38.506] 
[2024-03-20 08:25:43.383] Code=B16D CRC=FE
[2024-03-20 08:25:43.451] PRI=05.075 sec
[2024-03-20 08:25:43.512] Freq=416.667 kHz
[2024-03-20 08:25:43.581] 
[2024-03-20 08:25:43.583] 
[2024-03-20 08:25:48.465] Code=B16D CRC=FE
[2024-03-20 08:25:48.528] PRI=05.077 sec
[2024-03-20 08:25:48.588] Freq=416.667 kHz
[2024-03-20 08:25:48.657] 
[2024-03-20 08:25:48.659] 
[2024-03-20 08:25:53.541] Code=B16D CRC=FE
[2024-03-20 08:25:53.605] PRI=05.077 sec
[2024-03-20 08:25:53.665] Freq=416.667 kHz
[2024-03-20 08:25:53.734] 
[2024-03-20 08:25:53.736] 
[2024-03-20 08:25:58.607] Code=B16D CRC=FE
[2024-03-20 08:25:58.679] PRI=05.074 sec
[2024-03-20 08:25:58.739] Freq=416.667 kHz
[2024-03-20 08:25:58.807] 
[2024-03-20 08:25:58.808] 
[2024-03-20 08:26:03.674] Code=B16D CRC=FE
[2024-03-20 08:26:03.750] PRI=05.071 sec
[2024-03-20 08:26:03.811] Freq=416.667 kHz
[2024-03-20 08:26:03.879] 
[2024-03-20 08:26:03.881] 
[2024-03-20 08:26:08.760] Code=B16D CRC=FE
[2024-03-20 08:26:08.825] PRI=05.075 sec
[2024-03-20 08:26:08.885] Freq=416.667 kHz
[2024-03-20 08:26:08.954] 
[2024-03-20 08:26:08.955] 
[2024-03-20 08:26:50.031] Activating
[2024-03-20 08:26:50.074] Sonic Tag
[2024-03-20 08:26:50.112] 
[2024-03-20 08:26:52.096] Waiting for
[2024-03-20 08:26:52.145] Sonic Tag Pulses
[2024-03-20 08:26:52.207] 
[2024-03-20 08:27:00.418] Code=B229 CRC=8C
[2024-03-20 08:27:00.482] PRI=??.??? sec
[2024-03-20 08:27:00.543] Freq=416.667 kHz
[2024-03-20 08:27:00.611] 
[2024-03-20 08:27:00.612] 
[2024-03-20 08:27:05.493] Code=B229 CRC=8C
[2024-03-20 08:27:05.557] PRI=05.075 sec
[2024-03-20 08:27:05.617] Freq=416.611 kHz
[2024-03-20 08:27:05.686] 
[2024-03-20 08:27:05.688] 
[2024-03-20 08:27:06.275] Tag Version=003 
[2024-03-20 08:27:06.340] Freq=416.667 kHz
[2024-03-20 08:27:06.410] 
[2024-03-20 08:27:06.412] 
[2024-03-20 08:27:11.662] Code=B229 CRC=8C
[2024-03-20 08:27:11.734] PRI=??.??? sec
[2024-03-20 08:27:11.792] Freq=416.555 kHz
[2024-03-20 08:27:11.861] 
[2024-03-20 08:27:11.863] 
[2024-03-20 08:27:16.740] Code=B229 CRC=8C
[2024-03-20 08:27:16.804] PRI=05.072 sec
[2024-03-20 08:27:16.860] Freq=416.611 kHz
[2024-03-20 08:27:16.933] 
[2024-03-20 08:27:16.934] 
[2024-03-20 08:27:21.818] Code=B229 CRC=8C
[2024-03-20 08:27:21.875] PRI=05.071 sec
[2024-03-20 08:27:21.932] Freq=416.835 kHz
[2024-03-20 08:27:22.004] 
[2024-03-20 08:27:22.006] 
[2024-03-20 08:27:26.887] Code=B229 CRC=8C
[2024-03-20 08:27:26.953] PRI=05.077 sec
[2024-03-20 08:27:27.013] Freq=416.611 kHz
[2024-03-20 08:27:27.081] 
[2024-03-20 08:27:27.083] 
[2024-03-20 08:27:29.084] Code=0000 CRC=A0
[2024-03-20 08:27:29.158] PRI=??.??? sec
[2024-03-20 08:27:29.219] Freq=416.667 kHz
[2024-03-20 08:27:29.286] 
[2024-03-20 08:27:29.289] 
[2024-03-20 08:27:31.297] Code=0000 CRC=A0
[2024-03-20 08:27:31.360] PRI=02.202 sec
[2024-03-20 08:27:31.421] Freq=416.667 kHz
[2024-03-20 08:27:31.489] 
[2024-03-20 08:27:31.491] 
[2024-03-20 08:27:36.394] Code=B229 CRC=8C
[2024-03-20 08:27:36.467] PRI=??.??? sec
[2024-03-20 08:27:36.528] Freq=416.611 kHz
[2024-03-20 08:27:36.596] 
[2024-03-20 08:27:36.597] 
[2024-03-20 08:27:41.478] Code=B229 CRC=8C
[2024-03-20 08:27:41.542] PRI=05.075 sec
[2024-03-20 08:27:41.602] Freq=416.611 kHz
[2024-03-20 08:27:41.671] 
[2024-03-20 08:27:41.673] 
[2024-03-20 08:27:46.551] Code=B229 CRC=8C
[2024-03-20 08:27:46.616] PRI=05.074 sec
[2024-03-20 08:27:46.675] Freq=416.611 kHz
[2024-03-20 08:27:46.744] 
[2024-03-20 08:27:46.746] 
[2024-03-20 08:27:51.623] Code=B229 CRC=8C
[2024-03-20 08:27:51.687] PRI=05.072 sec
[2024-03-20 08:27:51.747] Freq=416.667 kHz
[2024-03-20 08:27:51.817] 
[2024-03-20 08:27:51.819] 
[2024-03-20 08:27:56.703] Code=B229 CRC=8C
[2024-03-20 08:27:56.767] PRI=05.080 sec
[2024-03-20 08:27:56.823] Freq=416.611 kHz
[2024-03-20 08:27:56.896] 
[2024-03-20 08:27:56.898] 
[2024-03-20 08:28:01.783] Code=B229 CRC=8C
[2024-03-20 08:28:01.850] PRI=05.083 sec
[2024-03-20 08:28:01.911] Freq=416.611 kHz
[2024-03-20 08:28:01.979] 
[2024-03-20 08:28:01.980] 
[2024-03-20 08:28:11.750] Activating
[2024-03-20 08:28:11.792] Sonic Tag
[2024-03-20 08:28:11.831] 
[2024-03-20 08:28:13.808] Waiting for
[2024-03-20 08:28:13.852] Sonic Tag Pulses
[2024-03-20 08:28:13.919] 
[2024-03-20 08:28:21.505] Code=AF66 CRC=EE
[2024-03-20 08:28:21.570] PRI=??.??? sec
[2024-03-20 08:28:21.630] Freq=416.667 kHz
[2024-03-20 08:28:21.700] 
[2024-03-20 08:28:21.702] 
[2024-03-20 08:28:26.519] Code=AF66 CRC=EE
[2024-03-20 08:28:26.584] PRI=05.014 sec
[2024-03-20 08:28:26.644] Freq=416.667 kHz
[2024-03-20 08:28:26.714] 
[2024-03-20 08:28:26.717] 
[2024-03-20 08:28:27.222] Tag Version=003 
[2024-03-20 08:28:27.286] Freq=416.667 kHz
[2024-03-20 08:28:27.354] 
[2024-03-20 08:28:27.357] 
[2024-03-20 08:28:32.560] Code=AF66 CRC=EE
[2024-03-20 08:28:32.628] PRI=??.??? sec
[2024-03-20 08:28:32.689] Freq=416.667 kHz
[2024-03-20 08:28:32.757] 
[2024-03-20 08:28:32.759] 
[2024-03-20 08:28:37.581] Code=AF66 CRC=EE
[2024-03-20 08:28:37.651] PRI=05.022 sec
[2024-03-20 08:28:37.710] Freq=416.667 kHz
[2024-03-20 08:28:37.779] 
[2024-03-20 08:28:37.781] 
[2024-03-20 08:28:42.594] Code=AF66 CRC=EE
[2024-03-20 08:28:42.668] PRI=05.018 sec
[2024-03-20 08:28:42.729] Freq=416.667 kHz
[2024-03-20 08:28:42.797] 
[2024-03-20 08:28:42.799] 
[2024-03-20 08:32:24.024] 
[2024-03-20 08:32:24.026] 
[2024-03-20 08:32:24.026] 
[2024-03-20 08:32:24.026] 
[2024-03-20 08:32:24.026] Pinger Dish III
[2024-03-20 08:32:24.090] (ATS SWV=6.50)
[2024-03-20 08:32:24.147] 
[2024-03-20 08:32:25.131] RS232 Detected:
[2024-03-20 08:32:25.190] Use 19.2kb N-8-1
[2024-03-20 08:32:25.259] 
[2024-03-20 08:32:26.244] Waiting for
[2024-03-20 08:32:26.290] Sonic Tag PulsesActivating
[2024-03-20 08:32:27.446] Sonic Tag
[2024-03-20 08:32:27.487] 
[2024-03-20 08:32:29.453] Waiting for
[2024-03-20 08:32:29.498] Sonic Tag Pulses
[2024-03-20 08:32:29.564] 
[2024-03-20 08:32:37.377] Code=AEB3 CRC=42
[2024-03-20 08:32:37.441] PRI=??.??? sec
[2024-03-20 08:32:37.500] Freq=416.667 kHz
[2024-03-20 08:32:37.570] 
[2024-03-20 08:32:37.571] 
[2024-03-20 08:32:42.434] Code=AEB3 CRC=42
[2024-03-20 08:32:42.497] PRI=05.056 sec
[2024-03-20 08:32:42.557] Freq=416.667 kHz
[2024-03-20 08:32:42.627] 
[2024-03-20 08:32:42.628] 
[2024-03-20 08:32:43.167] Tag Version=003 
[2024-03-20 08:32:43.232] Freq=416.667 kHz
[2024-03-20 08:32:43.304] 
[2024-03-20 08:32:43.305] 
[2024-03-20 08:32:48.548] Code=AEB3 CRC=42
[2024-03-20 08:32:48.611] PRI=??.??? sec
[2024-03-20 08:32:48.671] Freq=416.667 kHz
[2024-03-20 08:32:48.740] 
[2024-03-20 08:32:48.742] 
[2024-03-20 08:32:53.601] Code=AEB3 CRC=42
[2024-03-20 08:32:53.664] PRI=05.054 sec
[2024-03-20 08:32:53.725] Freq=416.667 kHz
[2024-03-20 08:32:53.794] 
[2024-03-20 08:32:53.795] 
[2024-03-20 08:32:58.657] Code=AEB3 CRC=42
[2024-03-20 08:32:58.721] PRI=05.057 sec
[2024-03-20 08:32:58.781] Freq=416.723 kHz
[2024-03-20 08:32:58.850] 
[2024-03-20 08:32:58.853] 
[2024-03-20 08:33:03.714] Code=AEB3 CRC=42
[2024-03-20 08:33:03.779] PRI=05.058 sec
[2024-03-20 08:33:03.839] Freq=416.667 kHz
[2024-03-20 08:33:03.909] 
[2024-03-20 08:33:03.911] 
[2024-03-20 08:33:05.824] Code=0000 CRC=A0
[2024-03-20 08:33:05.890] PRI=??.??? sec
[2024-03-20 08:33:05.950] Freq=416.499 kHz
[2024-03-20 08:33:06.020] 
[2024-03-20 08:33:06.024] 
[2024-03-20 08:33:07.937] Code=0000 CRC=A0
[2024-03-20 08:33:08.000] PRI=02.110 sec
[2024-03-20 08:33:08.060] Freq=416.779 kHz
[2024-03-20 08:33:08.129] 
[2024-03-20 08:33:08.131] 
[2024-03-20 08:33:13.027] Code=AEB3 CRC=42
[2024-03-20 08:33:13.091] PRI=??.??? sec
[2024-03-20 08:33:13.151] Freq=416.667 kHz
[2024-03-20 08:33:13.220] 
[2024-03-20 08:33:13.221] 
[2024-03-20 08:33:18.090] Code=AEB3 CRC=42
[2024-03-20 08:33:18.155] PRI=05.063 sec
[2024-03-20 08:33:18.214] Freq=416.667 kHz
[2024-03-20 08:33:18.284] 
[2024-03-20 08:33:18.288] 
[2024-03-20 08:33:23.153] Code=AEB3 CRC=42
[2024-03-20 08:33:23.216] PRI=05.061 sec
[2024-03-20 08:33:23.274] Freq=416.667 kHz
[2024-03-20 08:33:23.344] 
[2024-03-20 08:33:23.348] 
[2024-03-20 08:33:28.213] Code=AEB3 CRC=42
[2024-03-20 08:33:28.277] PRI=05.061 sec
[2024-03-20 08:33:28.337] Freq=416.667 kHz
[2024-03-20 08:33:28.406] 
[2024-03-20 08:33:28.407] 
[2024-03-20 08:33:33.263] Code=AEB3 CRC=42
[2024-03-20 08:33:33.341] PRI=05.064 sec
[2024-03-20 08:33:33.402] Freq=416.667 kHz
[2024-03-20 08:33:33.470] 
[2024-03-20 08:33:33.471] 
[2024-03-20 08:34:11.687] Activating
[2024-03-20 08:34:11.739] Sonic Tag
[2024-03-20 08:34:11.781] 
[2024-03-20 08:34:13.751] Waiting for
[2024-03-20 08:34:13.804] Sonic Tag Pulses
[2024-03-20 08:34:13.870] 
[2024-03-20 08:34:21.761] Code=AF72 CRC=12
[2024-03-20 08:34:21.839] PRI=??.??? sec
[2024-03-20 08:34:21.896] Freq=416.667 kHz
[2024-03-20 08:34:21.968] 
[2024-03-20 08:34:21.969] 
[2024-03-20 08:34:26.788] Code=AF72 CRC=12
[2024-03-20 08:34:26.864] PRI=05.025 sec
[2024-03-20 08:34:26.922] Freq=416.667 kHz
[2024-03-20 08:34:26.993] 
[2024-03-20 08:34:26.995] 
[2024-03-20 08:34:27.538] Tag Version=003 
[2024-03-20 08:34:27.605] Freq=416.667 kHz
[2024-03-20 08:34:27.678] 
[2024-03-20 08:34:27.679] 
[2024-03-20 08:34:32.889] Code=AF72 CRC=12
[2024-03-20 08:34:32.956] PRI=??.??? sec
[2024-03-20 08:34:33.015] Freq=416.667 kHz
[2024-03-20 08:34:33.084] 
[2024-03-20 08:34:33.085] 
[2024-03-20 08:34:37.906] Code=AF72 CRC=12
[2024-03-20 08:34:37.983] PRI=05.029 sec
[2024-03-20 08:34:38.043] Freq=416.667 kHz
[2024-03-20 08:34:38.112] 
[2024-03-20 08:34:38.114] 
[2024-03-20 08:34:43.051] Code=AF72 CRC=12
[2024-03-20 08:34:43.115] PRI=05.02 sec
[2024-03-20 08:34:43.176] Freq=416.667 kHz
[2024-03-20 08:34:43.245] 
[2024-03-20 08:34:43.246] 
[2024-03-20 08:34:47.976] Code=AF72 CRC=12
[2024-03-20 08:34:48.040] PRI=05.027 sec
[2024-03-20 08:34:48.100] Freq=416.667 kHz
[2024-03-20 08:34:48.169] 
[2024-03-20 08:34:48.171] 
[2024-03-20 08:34:50.102] Code=0000 CRC=A0
[2024-03-20 08:34:50.166] PRI=??.??? sec
[2024-03-20 08:34:50.227] Freq=416.667 kHz
[2024-03-20 08:34:50.296] 
[2024-03-20 08:34:50.298] 
[2024-03-20 08:34:52.228] Code=0000 CRC=A0
[2024-03-20 08:34:52.293] PRI=02.126 sec
[2024-03-20 08:34:52.353] Freq=416.667 kHz
[2024-03-20 08:34:52.421] 
[2024-03-20 08:34:52.422] 
[2024-03-20 08:34:57.356] Code=AF72 CRC=12
[2024-03-20 08:34:57.421] PRI=??.??? sec
[2024-03-20 08:34:57.481] Freq=416.667 kHz
[2024-03-20 08:34:57.550] 
[2024-03-20 08:34:57.552] 
[2024-03-20 08:35:02.452] Code=AF72 CRC=12
[2024-03-20 08:35:02.516] PRI=05.095 sec
[2024-03-20 08:35:02.576] Freq=416.667 kHz
[2024-03-20 08:35:02.644] 
[2024-03-20 08:35:02.646] 
[2024-03-20 08:35:07.536] Code=AF72 CRC=12
[2024-03-20 08:35:07.608] PRI=05.092 sec
[2024-03-20 08:35:07.667] Freq=416.667 kHz
[2024-03-20 08:35:07.738] 
[2024-03-20 08:35:07.740] 
[2024-03-20 08:35:12.620] Code=AF72 CRC=12
[2024-03-20 08:35:12.697] PRI=05.089 sec
[2024-03-20 08:35:12.757] Freq=416.667 kHz
[2024-03-20 08:35:12.826] 
[2024-03-20 08:35:12.828] 
[2024-03-20 08:35:17.715] Code=AF72 CRC=12
[2024-03-20 08:35:17.790] PRI=05.094 sec
[2024-03-20 08:35:17.851] Freq=416.667 kHz
[2024-03-20 08:35:17.920] 
[2024-03-20 08:35:17.929] 
[2024-03-20 08:35:22.818] Code=AF72 CRC=12
[2024-03-20 08:35:22.882] PRI=05.092 sec
[2024-03-20 08:35:22.942] Freq=416.667 kHz
[2024-03-20 08:35:23.011] 
[2024-03-20 08:35:23.012] 
[2024-03-20 08:35:27.897] Code=AF72 CRC=12
[2024-03-20 08:35:27.973] PRI=05.091 sec
[2024-03-20 08:35:28.033] Freq=416.667 kHz
[2024-03-20 08:35:28.102] 
[2024-03-20 08:35:28.104] 
[2024-03-20 08:35:33.003] Code=AF72 CRC=12
[2024-03-20 08:35:33.067] PRI=05.093 sec
[2024-03-20 08:35:33.124] Freq=416.667 kHz
[2024-03-20 08:35:33.196] 
[2024-03-20 08:35:33.197] 
[2024-03-20 08:35:38.094] Code=AF72 CRC=12
[2024-03-20 08:35:38.159] PRI=05.092 sec
[2024-03-20 08:35:38.219] Freq=416.667 kHz
[2024-03-20 08:35:38.288] 
[2024-03-20 08:35:38.290] 
[2024-03-20 08:35:43.186] Code=AF72 CRC=12
[2024-03-20 08:35:43.249] PRI=05.090 sec
[2024-03-20 08:35:43.310] Freq=416.555 kHz
[2024-03-20 08:35:43.379] 
[2024-03-20 08:35:43.382] 
[2024-03-20 08:35:48.272] Code=AF72 CRC=12
[2024-03-20 08:35:48.341] PRI=05.092 sec
[2024-03-20 08:35:48.401] Freq=416.667 kHz
[2024-03-20 08:35:48.470] 
[2024-03-20 08:35:48.471] 
[2024-03-20 08:35:57.039] Activating
[2024-03-20 08:35:57.084] Sonic Tag
[2024-03-20 08:35:57.122] 
[2024-03-20 08:35:59.083] Waiting for
[2024-03-20 08:35:59.134] Sonic Tag Pulses
[2024-03-20 08:35:59.198] 
[2024-03-20 08:36:04.519] Code=AF9B CRC=67
[2024-03-20 08:36:04.597] PRI=??.??? sec
[2024-03-20 08:36:04.656] Freq=416.779 kHz
[2024-03-20 08:36:04.726] 
[2024-03-20 08:36:04.728] 
[2024-03-20 08:36:05.330] Tag Version=003 
[2024-03-20 08:36:05.404] Freq=416.835 kHz
[2024-03-20 08:36:05.479] 
[2024-03-20 08:36:05.482] 
[2024-03-20 08:36:10.706] Code=AF9B CRC=67
[2024-03-20 08:36:10.782] PRI=??.??? sec
[2024-03-20 08:36:10.842] Freq=416.667 kHz
[2024-03-20 08:36:10.912] 
[2024-03-20 08:36:10.915] 
[2024-03-20 08:36:15.785] Code=AF9B CRC=67
[2024-03-20 08:36:15.841] PRI=05.059 sec
[2024-03-20 08:36:15.901] Freq=416.667 kHz
[2024-03-20 08:36:15.970] 
[2024-03-20 08:36:15.972] 
[2024-03-20 08:36:20.842] Code=AF9B CRC=67
[2024-03-20 08:36:20.907] PRI=05.063 sec
[2024-03-20 08:36:20.964] Freq=416.667 kHz
[2024-03-20 08:36:21.034] 
[2024-03-20 08:36:21.038] 
[2024-03-20 08:36:25.905] Code=AF9B CRC=67
[2024-03-20 08:36:25.971] PRI=05.064 sec
[2024-03-20 08:36:26.029] Freq=416.667 kHz
[2024-03-20 08:36:26.096] 
[2024-03-20 08:36:26.100] 
[2024-03-20 08:36:28.164] Code=0000 CRC=A0
[2024-03-20 08:36:28.226] PRI=??.??? sec
[2024-03-20 08:36:28.289] Freq=416.667 kHz
[2024-03-20 08:36:28.356] 
[2024-03-20 08:36:28.358] 
[2024-03-20 08:36:30.422] Code=0000 CRC=A0
[2024-03-20 08:36:30.486] PRI=02.259 sec
[2024-03-20 08:36:30.546] Freq=416.779 kHz
[2024-03-20 08:36:30.615] 
[2024-03-20 08:36:30.617] 
[2024-03-20 08:36:35.523] Code=AF9B CRC=67
[2024-03-20 08:36:35.589] PRI=??.??? sec
[2024-03-20 08:36:35.649] Freq=416.667 kHz
[2024-03-20 08:36:35.717] 
[2024-03-20 08:36:35.720] 
[2024-03-20 08:36:40.586] Code=AF9B CRC=67
[2024-03-20 08:36:40.650] PRI=05.061 sec
[2024-03-20 08:36:40.710] Freq=416.779 kHz
[2024-03-20 08:36:40.780] 
[2024-03-20 08:36:40.783] 
[2024-03-20 08:36:45.650] Code=AF9B CRC=67
[2024-03-20 08:36:45.713] PRI=05.063 sec
[2024-03-20 08:36:45.773] Freq=416.667 kHz
[2024-03-20 08:36:45.844] 
[2024-03-20 08:36:45.847] 
[2024-03-20 08:36:50.708] Code=AF9B CRC=67
[2024-03-20 08:36:50.780] PRI=05.067 sec
[2024-03-20 08:36:50.840] Freq=416.667 kHz
[2024-03-20 08:36:50.908] 
[2024-03-20 08:36:50.909] 
[2024-03-20 08:36:55.778] Code=AF9B CRC=67
[2024-03-20 08:36:55.843] PRI=05.063 sec
[2024-03-20 08:36:55.903] Freq=416.667 kHz
[2024-03-20 08:36:55.971] 
[2024-03-20 08:36:55.972] 
[2024-03-20 08:37:00.842] Code=AF9B CRC=67
[2024-03-20 08:37:00.905] PRI=05.063 sec
[2024-03-20 08:37:00.966] Freq=416.779 kHz
[2024-03-20 08:37:01.035] 
[2024-03-20 08:37:01.038] 
[2024-03-20 08:37:10.155] Activating
[2024-03-20 08:37:10.207] Sonic Tag
[2024-03-20 08:37:10.245] 
[2024-03-20 08:37:12.226] Waiting for
[2024-03-20 08:37:12.272] Sonic Tag Pulses
[2024-03-20 08:37:12.337] 
[2024-03-20 08:37:13.369] Tag Version=003 
[2024-03-20 08:37:13.443] Freq=416.779 kHz
[2024-03-20 08:37:13.514] 
[2024-03-20 08:37:13.516] 
[2024-03-20 08:37:18.756] Code=B119 CRC=67
[2024-03-20 08:37:18.820] PRI=??.??? sec
[2024-03-20 08:37:18.876] Freq=416.667 kHz
[2024-03-20 08:37:18.949] 
[2024-03-20 08:37:18.951] 
[2024-03-20 08:37:33.930] Code=B119 CRC=67
[2024-03-20 08:37:33.992] PRI=15.173 sec
[2024-03-20 08:37:34.049] Freq=416.667 kHz
[2024-03-20 08:37:34.121] 
[2024-03-20 08:37:34.123] 
[2024-03-20 08:37:36.097] Code=0000 CRC=A0
[2024-03-20 08:37:36.161] PRI=??.??? sec
[2024-03-20 08:37:36.222] Freq=416.835 kHz
[2024-03-20 08:37:36.290] 
[2024-03-20 08:37:36.293] 
[2024-03-20 08:37:38.263] Code=0000 CRC=A0
[2024-03-20 08:37:38.327] PRI=02.168 sec
[2024-03-20 08:37:38.388] Freq=416.891 kHz
[2024-03-20 08:37:38.457] 
[2024-03-20 08:37:38.458] 
[2024-03-20 08:37:48.392] Code=B119 CRC=67
[2024-03-20 08:37:48.469] PRI=??.??? sec
[2024-03-20 08:37:48.530] Freq=416.667 kHz
[2024-03-20 08:37:48.598] 
[2024-03-20 08:37:48.600] 
[2024-03-20 08:37:53.452] Code=B119 CRC=67
[2024-03-20 08:37:53.529] PRI=05.060 sec
[2024-03-20 08:37:53.589] Freq=416.667 kHz
[2024-03-20 08:37:53.658] 
[2024-03-20 08:37:53.659] 
[2024-03-20 08:38:08.498] Activating
[2024-03-20 08:38:08.550] Sonic Tag
[2024-03-20 08:38:08.587] 
[2024-03-20 08:38:10.557] Waiting for
[2024-03-20 08:38:10.606] Sonic Tag Pulses
[2024-03-20 08:38:10.669] 
[2024-03-20 08:38:18.296] Activating
[2024-03-20 08:38:18.340] Sonic Tag
[2024-03-20 08:38:18.378] 
[2024-03-20 08:38:20.367] Waiting for
[2024-03-20 08:38:20.412] Sonic Tag Pulses
[2024-03-20 08:38:20.478] 
[2024-03-20 08:38:28.581] Code=B0AE CRC=12
[2024-03-20 08:38:28.640] PRI=??.??? sec
[2024-03-20 08:38:28.697] Freq=416.667 kHz
[2024-03-20 08:38:28.770] 
[2024-03-20 08:38:28.773] 
[2024-03-20 08:38:33.650] Code=B0AE CRC=12
[2024-03-20 08:38:33.713] PRI=05.072 sec
[2024-03-20 08:38:33.772] Freq=416.667 kHz
[2024-03-20 08:38:33.842] 
[2024-03-20 08:38:33.843] 
[2024-03-20 08:38:34.417] Tag Version=003 
[2024-03-20 08:38:34.479] Freq=416.667 kHz
[2024-03-20 08:38:34.550] 
[2024-03-20 08:38:34.552] 
[2024-03-20 08:38:39.803] Code=B0AE CRC=12
[2024-03-20 08:38:39.875] PRI=??.??? sec
[2024-03-20 08:38:39.933] Freq=416.667 kHz
[2024-03-20 08:38:40.005] 
[2024-03-20 08:38:40.006] 
[2024-03-20 08:38:44.884] Code=B0AE CRC=12
[2024-03-20 08:38:44.949] PRI=05.074 sec
[2024-03-20 08:38:45.010] Freq=416.667 kHz
[2024-03-20 08:38:45.078] 
[2024-03-20 08:38:45.079] 
[2024-03-20 08:38:49.947] Code=B0AE CRC=12
[2024-03-20 08:38:50.022] PRI=05.073 sec
[2024-03-20 08:38:50.082] Freq=416.667 kHz
[2024-03-20 08:38:50.151] 
[2024-03-20 08:38:50.153] 
[2024-03-20 08:38:55.018] Code=B0AE CRC=12
[2024-03-20 08:38:55.093] PRI=05.072 sec
[2024-03-20 08:38:55.153] Freq=416.667 kHz
[2024-03-20 08:38:55.221] 
[2024-03-20 08:38:55.222] 
[2024-03-20 08:38:57.205] Code=0000 CRC=A0
[2024-03-20 08:38:57.268] PRI=??.??? sec
[2024-03-20 08:38:57.328] Freq=416.667 kHz
[2024-03-20 08:38:57.397] 
[2024-03-20 08:38:57.399] 
[2024-03-20 08:38:59.377] Code=0000 CRC=A0
[2024-03-20 08:38:59.440] PRI=02.172 sec
[2024-03-20 08:38:59.497] Freq=416.779 kHz
[2024-03-20 08:38:59.570] 
[2024-03-20 08:38:59.572] 
[2024-03-20 08:39:04.483] Code=B0AE CRC=12
[2024-03-20 08:39:04.547] PRI=??.??? sec
[2024-03-20 08:39:04.604] Freq=416.667 kHz
[2024-03-20 08:39:04.675] 
[2024-03-20 08:39:04.677] 
[2024-03-20 08:39:09.556] Code=B0AE CRC=12
[2024-03-20 08:39:09.620] PRI=05.073 sec
[2024-03-20 08:39:09.680] Freq=416.667 kHz
[2024-03-20 08:39:09.749] 
[2024-03-20 08:39:09.751] 
[2024-03-20 08:39:14.631] Code=B0AE CRC=12
[2024-03-20 08:39:14.694] PRI=05.074 sec
[2024-03-20 08:39:14.755] Freq=416.667 kHz
[2024-03-20 08:39:14.823] 
[2024-03-20 08:39:14.825] 
[2024-03-20 08:39:19.697] Code=B0AE CRC=12
[2024-03-20 08:39:19.765] PRI=05.070 sec
[2024-03-20 08:39:19.825] Freq=416.667 kHz
[2024-03-20 08:39:19.893] 
[2024-03-20 08:39:19.895] 
[2024-03-20 08:39:24.767] Code=B0AE CRC=12
[2024-03-20 08:39:24.839] PRI=05.075 sec
[2024-03-20 08:39:24.900] Freq=416.555 kHz
[2024-03-20 08:39:24.968] 
[2024-03-20 08:39:24.969] 
[2024-03-20 08:39:29.848] Code=B0AE CRC=12
[2024-03-20 08:39:29.908] PRI=05.070 sec
[2024-03-20 08:39:29.970] Freq=416.667 kHz
[2024-03-20 08:39:30.039] 
[2024-03-20 08:39:30.041] 
[2024-03-20 08:39:34.915] Code=B0AE CRC=12
[2024-03-20 08:39:34.979] PRI=05.070 sec
[2024-03-20 08:39:35.039] Freq=416.667 kHz
[2024-03-20 08:39:35.108] 
[2024-03-20 08:39:35.110] 
[2024-03-20 08:39:39.980] Code=B0AE CRC=12
[2024-03-20 08:39:40.044] PRI=05.065 sec
[2024-03-20 08:39:40.105] Freq=416.667 kHz
[2024-03-20 08:39:40.173] 
[2024-03-20 08:39:40.175] 
[2024-03-20 08:39:45.048] Code=B0AE CRC=12
[2024-03-20 08:39:45.112] PRI=05.068 sec
[2024-03-20 08:39:45.172] Freq=416.667 kHz
[2024-03-20 08:39:45.242] 
[2024-03-20 08:39:45.245] 
[2024-03-20 08:43:58.952] 
[2024-03-20 08:43:58.954] 
[2024-03-20 08:43:58.954] 
[2024-03-20 08:43:58.954] 
[2024-03-20 08:43:58.954] Pinger Dish III
[2024-03-20 08:43:59.014] (ATS SWV=6.50)
[2024-03-20 08:43:59.075] 
[2024-03-20 08:44:00.060] RS232 Detected:
[2024-03-20 08:44:00.120] Use 19.2kb N-8-1
[2024-03-20 08:44:00.186] 
[2024-03-20 08:44:01.333] Waiting for
[2024-03-20 08:44:01.380] Sonic Tag Pulses
[2024-03-20 08:44:03.990] (DSP SWV=3.00)
[2024-03-20 08:44:04.048] 
[2024-03-20 08:44:57.943] Activating
[2024-03-20 08:44:57.991] Sonic Tag
[2024-03-20 08:44:58.028] 
[2024-03-20 08:45:00.015] Waiting for
[2024-03-20 08:45:00.066] Sonic Tag Pulses
[2024-03-20 08:45:00.133] 
[2024-03-20 08:45:46.326] Activating
[2024-03-20 08:45:46.370] Sonic Tag
[2024-03-20 08:45:46.408] 
[2024-03-20 08:45:48.389] Waiting for
[2024-03-20 08:45:48.435] Sonic Tag Pulses
[2024-03-20 08:45:48.502] 
[2024-03-20 08:45:56.282] Code=B05B CRC=59
[2024-03-20 08:45:56.358] PRI=??.??? sec
[2024-03-20 08:45:56.418] Freq=416.667 kHz
[2024-03-20 08:45:56.487] 
[2024-03-20 08:45:56.488] 
[2024-03-20 08:46:01.319] Code=B05B CRC=59
[2024-03-20 08:46:01.385] PRI=05.025 sec
[2024-03-20 08:46:01.443] Freq=416.667 kHz
[2024-03-20 08:46:01.512] 
[2024-03-20 08:46:01.513] 
[2024-03-20 08:46:02.038] Tag Version=003 
[2024-03-20 08:46:02.111] Freq=416.779 kHz
[2024-03-20 08:46:02.183] 
[2024-03-20 08:46:02.185] 
[2024-03-20 08:46:07.386] Code=B05B CRC=59
[2024-03-20 08:46:07.459] PRI=??.??? sec
[2024-03-20 08:46:07.520] Freq=416.667 kHz
[2024-03-20 08:46:07.588] 
[2024-03-20 08:46:07.589] 
[2024-03-20 08:46:12.417] Code=B05B CRC=59
[2024-03-20 08:46:12.493] PRI=05.033 sec
[2024-03-20 08:46:12.554] Freq=416.667 kHz
[2024-03-20 08:46:12.622] 
[2024-03-20 08:46:12.625] 
[2024-03-20 08:46:17.459] Code=B05B CRC=59
[2024-03-20 08:46:17.523] PRI=05.030 sec
[2024-03-20 08:46:17.583] Freq=416.667 kHz
[2024-03-20 08:46:17.652] 
[2024-03-20 08:46:17.653] 
[2024-03-20 08:46:22.480] Code=B05B CRC=59
[2024-03-20 08:46:22.543] PRI=05.021 sec
[2024-03-20 08:46:22.600] Freq=416.667 kHz
[2024-03-20 08:46:22.672] 
[2024-03-20 08:46:22.673] 
[2024-03-20 08:46:24.574] Code=0000 CRC=A0
[2024-03-20 08:46:24.643] PRI=??.??? sec
[2024-03-20 08:46:24.700] Freq=416.667 kHz
[2024-03-20 08:46:24.775] 
[2024-03-20 08:46:24.776] 
[2024-03-20 08:46:26.673] Code=0000 CRC=A0
[2024-03-20 08:46:26.743] PRI=02.100 sec
[2024-03-20 08:46:26.804] Freq=416.667 kHz
[2024-03-20 08:46:26.872] 
[2024-03-20 08:46:26.874] 
[2024-03-20 08:46:31.810] Code=B05B CRC=59
[2024-03-20 08:46:31.873] PRI=??.??? sec
[2024-03-20 08:46:31.932] Freq=416.667 kHz
[2024-03-20 08:46:32.002] 
[2024-03-20 08:46:32.003] 
[2024-03-20 08:46:36.905] Code=B05B CRC=59
[2024-03-20 08:46:36.969] PRI=05.096 sec
[2024-03-20 08:46:37.026] Freq=416.667 kHz
[2024-03-20 08:46:37.099] 
[2024-03-20 08:46:37.100] 
[2024-03-20 08:46:41.992] Code=B05B CRC=59
[2024-03-20 08:46:42.063] PRI=05.094 sec
[2024-03-20 08:46:42.123] Freq=416.667 kHz
[2024-03-20 08:46:42.191] 
[2024-03-20 08:46:42.193] 
[2024-03-20 08:46:47.093] Code=B05B CRC=59
[2024-03-20 08:46:47.160] PRI=05.098 sec
[2024-03-20 08:46:47.221] Freq=416.667 kHz
[2024-03-20 08:46:47.290] 
[2024-03-20 08:46:47.292] 
[2024-03-20 08:46:52.184] Code=B05B CRC=59
[2024-03-20 08:46:52.257] PRI=05.095 sec
[2024-03-20 08:46:52.314] Freq=416.667 kHz
[2024-03-20 08:46:52.384] 
[2024-03-20 08:46:52.385] 
[2024-03-20 08:46:57.287] Code=B05B CRC=59
[2024-03-20 08:46:57.352] PRI=05.097 sec
[2024-03-20 08:46:57.413] Freq=416.667 kHz
[2024-03-20 08:46:57.482] 
[2024-03-20 08:46:57.484] 
[2024-03-20 08:47:02.370] Code=B05B CRC=59
[2024-03-20 08:47:02.436] PRI=05.083 sec
[2024-03-20 08:47:02.496] Freq=416.667 kHz
[2024-03-20 08:47:02.564] 
[2024-03-20 08:47:02.565] 
[2024-03-20 08:47:12.391] Activating
[2024-03-20 08:47:12.440] Sonic Tag
[2024-03-20 08:47:12.480] 
[2024-03-20 08:47:14.440] Waiting for
[2024-03-20 08:47:14.494] Sonic Tag Pulses
[2024-03-20 08:47:14.556] 
[2024-03-20 08:47:22.288] Code=AF4D CRC=ED
[2024-03-20 08:47:22.365] PRI=??.??? sec
[2024-03-20 08:47:22.421] Freq=416.667 kHz
[2024-03-20 08:47:22.494] 
[2024-03-20 08:47:22.496] 
[2024-03-20 08:47:27.356] Code=AF4D CRC=ED
[2024-03-20 08:47:27.418] PRI=05.054 sec
[2024-03-20 08:47:27.479] Freq=416.667 kHz
[2024-03-20 08:47:27.548] 
[2024-03-20 08:47:27.551] 
[2024-03-20 08:47:28.063] Tag Version=003 
[2024-03-20 08:47:28.139] Freq=416.667 kHz
[2024-03-20 08:47:28.212] 
[2024-03-20 08:47:28.213] 
[2024-03-20 08:47:33.454] Code=AF4D CRC=ED
[2024-03-20 08:47:33.517] PRI=??.??? sec
[2024-03-20 08:47:33.577] Freq=416.667 kHz
[2024-03-20 08:47:33.646] 
[2024-03-20 08:47:33.648] 
[2024-03-20 08:47:38.508] Code=AF4D CRC=ED
[2024-03-20 08:47:38.572] PRI=05.055 sec
[2024-03-20 08:47:38.633] Freq=416.667 kHz
[2024-03-20 08:47:38.701] 
[2024-03-20 08:47:38.702] 
[2024-03-20 08:47:43.564] Code=AF4D CRC=ED
[2024-03-20 08:47:43.635] PRI=05.056 sec
[2024-03-20 08:47:43.687] Freq=416.667 kHz
[2024-03-20 08:47:43.757] 
[2024-03-20 08:47:43.758] 
[2024-03-20 08:47:48.625] Code=AF4D CRC=ED
[2024-03-20 08:47:48.688] PRI=05.060 sec
[2024-03-20 08:47:48.745] Freq=416.667 kHz
[2024-03-20 08:47:48.819] 
[2024-03-20 08:47:48.820] 
[2024-03-20 08:47:50.709] Code=0000 CRC=A0
[2024-03-20 08:47:50.772] PRI=??.??? sec
[2024-03-20 08:47:50.833] Freq=416.667 kHz
[2024-03-20 08:47:50.901] 
[2024-03-20 08:47:50.902] 
[2024-03-20 08:47:52.779] Code=0000 CRC=A0
[2024-03-20 08:47:52.855] PRI=02.083 sec
[2024-03-20 08:47:52.914] Freq=416.667 kHz
[2024-03-20 08:47:52.984] 
[2024-03-20 08:47:52.987] 
[2024-03-20 08:47:57.868] Code=AF4D CRC=ED
[2024-03-20 08:47:57.944] PRI=??.??? sec
[2024-03-20 08:47:58.006] Freq=416.667 kHz
[2024-03-20 08:47:58.073] 
[2024-03-20 08:47:58.074] 
[2024-03-20 08:48:02.927] Code=AF4D CRC=ED
[2024-03-20 08:48:02.999] PRI=05.055 sec
[2024-03-20 08:48:03.060] Freq=416.667 kHz
[2024-03-20 08:48:03.129] 
[2024-03-20 08:48:03.131] 
[2024-03-20 08:48:07.975] Code=AF4D CRC=ED
[2024-03-20 08:48:08.051] PRI=05.054 sec
[2024-03-20 08:48:08.113] Freq=416.667 kHz
[2024-03-20 08:48:08.182] 
[2024-03-20 08:48:08.184] 
[2024-03-20 08:48:13.039] Code=AF4D CRC=ED
[2024-03-20 08:48:13.111] PRI=05.058 sec
[2024-03-20 08:48:13.172] Freq=416.667 kHz
[2024-03-20 08:48:13.240] 
[2024-03-20 08:48:13.242] 
[2024-03-20 08:48:18.101] Code=AF4D CRC=ED
[2024-03-20 08:48:18.164] PRI=05.053 sec
[2024-03-20 08:48:18.224] Freq=416.667 kHz
[2024-03-20 08:48:18.293] 
[2024-03-20 08:48:18.296] 
[2024-03-20 08:48:23.153] Code=AF4D CRC=ED
[2024-03-20 08:48:23.220] PRI=05.056 sec
[2024-03-20 08:48:23.281] Freq=416.667 kHz
[2024-03-20 08:48:23.349] 
[2024-03-20 08:48:23.350] 
[2024-03-20 08:48:32.134] Activating
[2024-03-20 08:48:32.190] Sonic Tag
[2024-03-20 08:48:32.230] 
[2024-03-20 08:48:34.215] Waiting for
[2024-03-20 08:48:34.264] Sonic Tag Pulses
[2024-03-20 08:48:34.328] 
[2024-03-20 08:48:41.804] Code=AF6C CRC=90
[2024-03-20 08:48:41.873] PRI=??.??? sec
[2024-03-20 08:48:41.934] Freq=416.667 kHz
[2024-03-20 08:48:42.002] 
[2024-03-20 08:48:42.003] 
[2024-03-20 08:48:46.828] Code=AF6C CRC=90
[2024-03-20 08:48:46.894] PRI=05.022 sec
[2024-03-20 08:48:46.955] Freq=416.667 kHz
[2024-03-20 08:48:47.023] 
[2024-03-20 08:48:47.025] 
[2024-03-20 08:48:47.515] Tag Version=003 
[2024-03-20 08:48:47.583] Freq=416.779 kHz
[2024-03-20 08:48:47.655] 
[2024-03-20 08:48:47.658] 
[2024-03-20 08:48:52.864] Code=AF6C CRC=90
[2024-03-20 08:48:52.928] PRI=??.??? sec
[2024-03-20 08:48:52.988] Freq=416.667 kHz
[2024-03-20 08:48:53.059] 
[2024-03-20 08:48:53.059] 
[2024-03-20 08:48:57.879] Code=AF6C CRC=90
[2024-03-20 08:48:57.950] PRI=05.022 sec
[2024-03-20 08:48:58.010] Freq=416.667 kHz
[2024-03-20 08:48:58.079] 
[2024-03-20 08:48:58.081] 
[2024-03-20 08:49:02.897] Code=AF6C CRC=90
[2024-03-20 08:49:02.972] PRI=05.022 sec
[2024-03-20 08:49:03.033] Freq=416.667 kHz
[2024-03-20 08:49:03.101] 
[2024-03-20 08:49:03.103] 
[2024-03-20 08:49:07.925] Code=AF6C CRC=90
[2024-03-20 08:49:07.993] PRI=05.021 sec
[2024-03-20 08:49:08.054] Freq=416.779 kHz
[2024-03-20 08:49:08.122] 
[2024-03-20 08:49:08.123] 
[2024-03-20 08:49:09.934] Code=0000 CRC=A0
[2024-03-20 08:49:10.010] PRI=??.??? sec
[2024-03-20 08:49:10.070] Freq=416.667 kHz
[2024-03-20 08:49:10.139] 
[2024-03-20 08:49:10.140] 
[2024-03-20 08:49:11.962] Code=0000 CRC=A0
[2024-03-20 08:49:12.027] PRI=02.017 sec
[2024-03-20 08:49:12.087] Freq=416.779 kHz
[2024-03-20 08:49:12.156] 
[2024-03-20 08:49:12.157] 
[2024-03-20 08:49:17.071] Code=AF6C CRC=90
[2024-03-20 08:49:17.144] PRI=??.??? sec
[2024-03-20 08:49:17.204] Freq=416.667 kHz
[2024-03-20 08:49:17.272] 
[2024-03-20 08:49:17.273] 
[2024-03-20 08:49:22.152] Code=AF6C CRC=90
[2024-03-20 08:49:22.227] PRI=05.084 sec
[2024-03-20 08:49:22.287] Freq=416.667 kHz
[2024-03-20 08:49:22.356] 
[2024-03-20 08:49:22.358] 
[2024-03-20 08:49:27.243] Code=AF6C CRC=90
[2024-03-20 08:49:27.314] PRI=05.086 sec
[2024-03-20 08:49:27.374] Freq=416.667 kHz
[2024-03-20 08:49:27.442] 
[2024-03-20 08:49:27.443] 
[2024-03-20 08:49:32.341] Code=AF6C CRC=90
[2024-03-20 08:49:32.406] PRI=05.093 sec
[2024-03-20 08:49:32.467] Freq=416.667 kHz
[2024-03-20 08:49:32.536] 
[2024-03-20 08:49:32.539] 
[2024-03-20 08:49:37.432] Code=AF6C CRC=90
[2024-03-20 08:49:37.497] PRI=05.091 sec
[2024-03-20 08:49:37.557] Freq=416.667 kHz
[2024-03-20 08:49:37.626] 
[2024-03-20 08:49:37.628] 
[2024-03-20 08:49:42.518] Code=AF6C CRC=90
[2024-03-20 08:49:42.587] PRI=05.091 sec
[2024-03-20 08:49:42.648] Freq=416.667 kHz
[2024-03-20 08:49:42.717] 
[2024-03-20 08:49:42.719] 
[2024-03-20 08:49:47.614] Code=AF6C CRC=90
[2024-03-20 08:49:47.678] PRI=05.091 sec
[2024-03-20 08:49:47.737] Freq=416.667 kHz
[2024-03-20 08:49:47.808] 
[2024-03-20 08:49:47.809] 
[2024-03-20 08:49:52.705] Code=AF6C CRC=90
[2024-03-20 08:49:52.768] PRI=05.091 sec
[2024-03-20 08:49:52.824] Freq=416.667 kHz
[2024-03-20 08:49:52.897] 
[2024-03-20 08:49:52.898] 
[2024-03-20 08:49:57.791] Code=AF6C CRC=90
[2024-03-20 08:49:57.860] PRI=05.092 sec
[2024-03-20 08:49:57.920] Freq=416.779 kHz
[2024-03-20 08:49:57.989] 
[2024-03-20 08:49:57.991] 
[2024-03-20 08:50:02.889] Code=AF6C CRC=90
[2024-03-20 08:50:02.952] PRI=05.092 sec
[2024-03-20 08:50:03.009] Freq=416.667 kHz
[2024-03-20 08:50:03.081] 
[2024-03-20 08:50:03.083] 
[2024-03-20 08:50:07.981] Code=AF6C CRC=90
[2024-03-20 08:50:08.044] PRI=05.092 sec
[2024-03-20 08:50:08.102] Freq=416.667 kHz
[2024-03-20 08:50:08.174] 
[2024-03-20 08:50:08.176] 
[2024-03-20 08:50:13.070] Code=AF6C CRC=90
[2024-03-20 08:50:13.135] PRI=05.091 sec
[2024-03-20 08:50:13.196] Freq=416.667 kHz
[2024-03-20 08:50:13.264] 
[2024-03-20 08:50:13.265] 
[2024-03-20 08:50:18.150] Code=AF6C CRC=90
[2024-03-20 08:50:18.223] PRI=05.088 sec
[2024-03-20 08:50:18.283] Freq=416.667 kHz
[2024-03-20 08:50:18.352] 
[2024-03-20 08:50:18.353] 
[2024-03-20 08:50:23.245] Code=AF6C CRC=90
[2024-03-20 08:50:23.314] PRI=05.090 sec
[2024-03-20 08:50:23.373] Freq=416.667 kHz
[2024-03-20 08:50:23.442] 
[2024-03-20 08:50:23.444] 
[2024-03-20 08:50:32.073] Activating
[2024-03-20 08:50:32.118] Sonic Tag
[2024-03-20 08:50:32.155] 
[2024-03-20 08:50:34.144] Waiting for
[2024-03-20 08:50:34.189] Sonic Tag Pulses
[2024-03-20 08:50:34.255] 
[2024-03-20 08:50:39.584] Code=B193 CRC=95
[2024-03-20 08:50:39.649] PRI=??.??? sec
[2024-03-20 08:50:39.709] Freq=416.667 kHz
[2024-03-20 08:50:39.778] 
[2024-03-20 08:50:39.780] 
[2024-03-20 08:50:40.342] Tag Version=003 
[2024-03-20 08:50:40.406] Freq=416.667 kHz
[2024-03-20 08:50:40.479] 
[2024-03-20 08:50:40.480] 
[2024-03-20 08:50:45.761] Code=B193 CRC=95
[2024-03-20 08:50:45.827] PRI=??.??? sec
[2024-03-20 08:50:45.886] Freq=416.667 kHz
[2024-03-20 08:50:45.956] 
[2024-03-20 08:50:45.958] 
[2024-03-20 08:50:50.867] Code=B193 CRC=95
[2024-03-20 08:50:50.931] PRI=05.104 sec
[2024-03-20 08:50:50.992] Freq=416.667 kHz
[2024-03-20 08:50:51.060] 
[2024-03-20 08:50:51.062] 
[2024-03-20 08:50:55.963] Code=B193 CRC=95
[2024-03-20 08:50:56.036] PRI=05.106 sec
[2024-03-20 08:50:56.096] Freq=416.611 kHz
[2024-03-20 08:50:56.165] 
[2024-03-20 08:50:56.166] 
[2024-03-20 08:51:01.084] Code=B193 CRC=95
[2024-03-20 08:51:01.144] PRI=05.107 sec
[2024-03-20 08:51:01.203] Freq=416.667 kHz
[2024-03-20 08:51:01.272] 
[2024-03-20 08:51:01.275] 
[2024-03-20 08:51:03.240] Code=0000 CRC=A0
[2024-03-20 08:51:03.303] PRI=??.??? sec
[2024-03-20 08:51:03.363] Freq=416.667 kHz
[2024-03-20 08:51:03.436] 
[2024-03-20 08:51:03.436] 
[2024-03-20 08:51:05.397] Code=0000 CRC=A0
[2024-03-20 08:51:05.463] PRI=02.160 sec
[2024-03-20 08:51:05.523] Freq=416.667 kHz
[2024-03-20 08:51:05.592] 
[2024-03-20 08:51:05.594] 
[2024-03-20 08:51:10.526] Code=B193 CRC=95
[2024-03-20 08:51:10.602] PRI=??.??? sec
[2024-03-20 08:51:10.663] Freq=416.667 kHz
[2024-03-20 08:51:10.731] 
[2024-03-20 08:51:10.733] 
[2024-03-20 08:51:15.641] Code=B193 CRC=95
[2024-03-20 08:51:15.709] PRI=05.107 sec
[2024-03-20 08:51:15.770] Freq=416.667 kHz
[2024-03-20 08:51:15.838] 
[2024-03-20 08:51:15.840] 
[2024-03-20 08:51:20.746] Code=B193 CRC=95
[2024-03-20 08:51:20.815] PRI=05.105 sec
[2024-03-20 08:51:20.875] Freq=416.667 kHz
[2024-03-20 08:51:20.945] 
[2024-03-20 08:51:20.948] 
[2024-03-20 08:51:25.857] Code=B193 CRC=95
[2024-03-20 08:51:25.916] PRI=05.102 sec
[2024-03-20 08:51:25.974] Freq=416.555 kHz
[2024-03-20 08:51:26.046] 
[2024-03-20 08:51:26.047] 
[2024-03-20 08:51:30.952] Code=B193 CRC=95
[2024-03-20 08:51:31.015] PRI=05.100 sec
[2024-03-20 08:51:31.075] Freq=416.555 kHz
[2024-03-20 08:51:31.146] 
[2024-03-20 08:51:31.148] 
[2024-03-20 08:51:36.041] Code=B193 CRC=95
[2024-03-20 08:51:36.113] PRI=05.097 sec
[2024-03-20 08:51:36.174] Freq=416.667 kHz
[2024-03-20 08:51:36.242] 
[2024-03-20 08:51:36.244] 
[2024-03-20 08:51:41.146] Code=B193 CRC=95
[2024-03-20 08:51:41.211] PRI=05.098 sec
[2024-03-20 08:51:41.271] Freq=416.611 kHz
[2024-03-20 08:51:41.339] 
[2024-03-20 08:51:41.340] 
[2024-03-20 08:54:02.757] 
[2024-03-20 08:54:02.759] 
[2024-03-20 08:54:02.759] 
[2024-03-20 08:54:02.759] 
[2024-03-20 08:54:02.760] Pinger Dish III
[2024-03-20 08:54:02.819] (ATS SWV=6.50)
[2024-03-20 08:54:02.881] 
[2024-03-20 08:54:03.866] RS232 Detected:
[2024-03-20 08:54:03.928] Use 19.2kb N-8-1
[2024-03-20 08:54:03.992] 
[2024-03-20 08:54:04.966] WaitingActivating
[2024-03-20 08:54:05.220] Sonic Tag
[2024-03-20 08:54:05.259] 
[2024-03-20 08:54:07.230] Waiting for
[2024-03-20 08:54:07.286] Sonic Tag Pulses
[2024-03-20 08:54:07.351] 
[2024-03-20 08:54:07.821]  for
[2024-03-20 08:54:07.843] Sonic Tag PulsesActivating
[2024-03-20 08:54:54.180] Sonic Tag
[2024-03-20 08:54:54.220] 
[2024-03-20 08:54:56.210] Waiting for
[2024-03-20 08:54:56.255] Sonic Tag Pulses
[2024-03-20 08:54:56.322] 
[2024-03-20 08:55:17.455] Activating
[2024-03-20 08:55:17.508] Sonic Tag
[2024-03-20 08:55:17.546] 
[2024-03-20 08:55:19.511] Waiting for
[2024-03-20 08:55:19.568] Sonic Tag Pulses
[2024-03-20 08:55:19.633] 
[2024-03-20 08:55:39.489] Activating
[2024-03-20 08:55:39.536] Sonic Tag
[2024-03-20 08:55:39.575] 
[2024-03-20 08:55:41.545] Waiting for
[2024-03-20 08:55:41.592] Sonic Tag Pulses
[2024-03-20 08:55:41.658] 
[2024-03-20 08:55:55.247] Activating
[2024-03-20 08:55:55.291] Sonic Tag
[2024-03-20 08:55:55.331] 
[2024-03-20 08:55:57.305] Waiting for
[2024-03-20 08:55:57.354] Sonic Tag Pulses
[2024-03-20 08:55:57.418] 
[2024-03-20 08:57:31.183] Activating
[2024-03-20 08:57:31.235] Sonic Tag
[2024-03-20 08:57:31.272] 
[2024-03-20 08:57:33.238] Waiting for
[2024-03-20 08:57:33.296] Sonic Tag Pulses
[2024-03-20 08:57:33.363] 
[2024-03-20 08:57:52.000] Activating
[2024-03-20 08:57:52.043] Sonic Tag
[2024-03-20 08:57:52.080] 
[2024-03-20 08:57:54.072] Waiting for
[2024-03-20 08:57:54.117] Sonic Tag Pulses
[2024-03-20 08:57:54.183] 
[2024-03-20 08:58:31.544] Activating
[2024-03-20 08:58:31.594] Sonic Tag
[2024-03-20 08:58:31.633] 
[2024-03-20 08:58:33.601] Waiting for
[2024-03-20 08:58:33.652] Sonic Tag Pulses
[2024-03-20 08:58:33.718] 
[2024-03-20 08:58:54.543] Activating
[2024-03-20 08:58:54.585] Sonic Tag
[2024-03-20 08:58:54.624] 
[2024-03-20 08:58:56.589] Waiting for
[2024-03-20 08:58:56.634] Sonic Tag Pulses
[2024-03-20 08:58:56.700] 
[2024-03-20 08:59:11.961] Activating
[2024-03-20 08:59:12.004] Sonic Tag
[2024-03-20 08:59:12.044] 
[2024-03-20 08:59:14.017] Waiting for
[2024-03-20 08:59:14.078] Sonic Tag Pulses
[2024-03-20 08:59:14.138] 
[2024-03-20 08:59:45.217] Activating
[2024-03-20 08:59:45.261] Sonic Tag
[2024-03-20 08:59:45.299] 
[2024-03-20 08:59:47.271] Waiting for
[2024-03-20 08:59:47.318] Sonic Tag Pulses
[2024-03-20 08:59:47.382] 
[2024-03-20 08:59:56.912] Activating
[2024-03-20 08:59:56.957] Sonic Tag
[2024-03-20 08:59:56.995] 
[2024-03-20 08:59:58.963] Waiting for
[2024-03-20 08:59:59.013] Sonic Tag Pulses
[2024-03-20 08:59:59.083] 
[2024-03-20 09:00:20.739] Activating
[2024-03-20 09:00:20.782] Sonic Tag
[2024-03-20 09:00:20.821] 
[2024-03-20 09:00:22.804] Waiting for
[2024-03-20 09:00:22.851] Sonic Tag Pulses
[2024-03-20 09:00:22.916] 
[2024-03-20 09:00:48.189] Activating
[2024-03-20 09:00:48.239] Sonic Tag
[2024-03-20 09:00:48.280] 
[2024-03-20 09:00:50.237] Waiting for
[2024-03-20 09:00:50.294] Sonic Tag Pulses
[2024-03-20 09:00:50.359] 
[2024-03-20 09:01:09.607] Activating
[2024-03-20 09:01:09.651] Sonic Tag
[2024-03-20 09:01:09.690] 
[2024-03-20 09:01:11.671] Waiting for
[2024-03-20 09:01:11.716] Sonic Tag Pulses
[2024-03-20 09:01:11.784] 
[2024-03-20 09:01:50.977] Activating
[2024-03-20 09:01:51.019] Sonic Tag
[2024-03-20 09:01:51.061] 
[2024-03-20 09:01:53.024] Waiting for
[2024-03-20 09:01:53.079] Sonic Tag Pulses
[2024-03-20 09:01:53.147] 
[2024-03-20 09:02:15.566] Activating
[2024-03-20 09:02:15.610] Sonic Tag
[2024-03-20 09:02:15.648] 
[2024-03-20 09:02:17.627] Waiting for
[2024-03-20 09:02:17.674] Sonic Tag Pulses
[2024-03-20 09:02:17.740] 
[2024-03-20 09:02:56.281] Activating
[2024-03-20 09:02:56.324] Sonic Tag
[2024-03-20 09:02:56.361] 
[2024-03-20 09:02:58.344] Waiting for
[2024-03-20 09:02:58.389] Sonic Tag Pulses
[2024-03-20 09:02:58.456] 
[2024-03-20 09:03:32.859] Activating
[2024-03-20 09:03:32.902] Sonic Tag
[2024-03-20 09:03:32.939] 
[2024-03-20 09:03:34.905] Waiting for
[2024-03-20 09:03:34.965] Sonic Tag Pulses
[2024-03-20 09:03:35.030] 
[2024-03-20 09:04:34.151] Activating
[2024-03-20 09:04:34.194] Sonic Tag
[2024-03-20 09:04:34.232] 
[2024-03-20 09:04:36.197] Waiting for
[2024-03-20 09:04:36.254] Sonic Tag Pulses
[2024-03-20 09:04:36.320] 
[2024-03-20 09:05:28.104] Activating
[2024-03-20 09:05:28.155] Sonic Tag
[2024-03-20 09:05:28.194] 
[2024-03-20 09:05:30.150] Waiting for
[2024-03-20 09:05:30.206] Sonic Tag Pulses
[2024-03-20 09:05:30.272] 
[2024-03-20 09:05:48.748] Activating
[2024-03-20 09:05:48.799] Sonic Tag
[2024-03-20 09:05:48.839] 
[2024-03-20 09:05:50.810] Waiting for
[2024-03-20 09:05:50.856] Sonic Tag Pulses
[2024-03-20 09:05:50.921] 
[2024-03-20 09:06:22.826] Activating
[2024-03-20 09:06:22.870] Sonic Tag
[2024-03-20 09:06:22.908] 
[2024-03-20 09:06:24.894] Waiting for
[2024-03-20 09:06:24.941] Sonic Tag Pulses
[2024-03-20 09:06:25.005] 
[2024-03-20 09:07:33.982] Activating
[2024-03-20 09:07:34.024] Sonic Tag
[2024-03-20 09:07:34.061] 
[2024-03-20 09:07:36.041] Waiting for
[2024-03-20 09:07:36.085] Sonic Tag Pulses
[2024-03-20 09:07:36.153] 
[2024-03-20 09:08:03.859] Activating
[2024-03-20 09:08:03.908] Sonic Tag
[2024-03-20 09:08:03.945] 
[2024-03-20 09:08:05.929] Waiting for
[2024-03-20 09:08:05.975] Sonic Tag Pulses
[2024-03-20 09:08:06.042] 
[2024-03-20 09:09:35.938] Activating
[2024-03-20 09:09:35.980] Sonic Tag
[2024-03-20 09:09:36.018] 
[2024-03-20 09:09:37.995] Waiting for
[2024-03-20 09:09:38.040] Sonic Tag Pulses
[2024-03-20 09:09:38.111] 
[2024-03-20 09:10:03.078] Activating
[2024-03-20 09:10:03.119] Sonic Tag
[2024-03-20 09:10:03.160] 
[2024-03-20 09:10:05.132] Waiting for
[2024-03-20 09:10:05.177] Sonic Tag Pulses
[2024-03-20 09:10:05.244] 
